{"/Users/alainwelliver/Documents/code-projects/penn-course-projects/sophomore-spring/cis350/Team-8-alain-sem-adam-abhinav-gabe/frontend/src/components/CustomButton.jsx": {"path":"/Users/alainwelliver/Documents/code-projects/penn-course-projects/sophomore-spring/cis350/Team-8-alain-sem-adam-abhinav-gabe/frontend/src/components/CustomButton.jsx","statementMap":{"0":{"start":{"line":8,"column":2},"end":{"line":16,"column":4}}},"fnMap":{"0":{"name":"CustomButton","decl":{"start":{"line":5,"column":9},"end":{"line":5,"column":21}},"loc":{"start":{"line":7,"column":3},"end":{"line":17,"column":1}},"line":7}},"branchMap":{},"s":{"0":40},"f":{"0":40},"b":{},"_coverageSchema":"1a1c01bbd47fc00a2c39e90264f33305004495a9","hash":"087a9f2914f1faaa62af204f86229b3a00dd6772"}
,"/Users/alainwelliver/Documents/code-projects/penn-course-projects/sophomore-spring/cis350/Team-8-alain-sem-adam-abhinav-gabe/frontend/src/components/Header.jsx": {"path":"/Users/alainwelliver/Documents/code-projects/penn-course-projects/sophomore-spring/cis350/Team-8-alain-sem-adam-abhinav-gabe/frontend/src/components/Header.jsx","statementMap":{"0":{"start":{"line":7,"column":2},"end":{"line":17,"column":4}}},"fnMap":{"0":{"name":"Header","decl":{"start":{"line":6,"column":9},"end":{"line":6,"column":15}},"loc":{"start":{"line":6,"column":42},"end":{"line":18,"column":1}},"line":6}},"branchMap":{},"s":{"0":2},"f":{"0":2},"b":{},"_coverageSchema":"1a1c01bbd47fc00a2c39e90264f33305004495a9","hash":"e308112f202ea384f245fe98b697ea8af50e9a19"}
,"/Users/alainwelliver/Documents/code-projects/penn-course-projects/sophomore-spring/cis350/Team-8-alain-sem-adam-abhinav-gabe/frontend/src/components/Navbar.jsx": {"path":"/Users/alainwelliver/Documents/code-projects/penn-course-projects/sophomore-spring/cis350/Team-8-alain-sem-adam-abhinav-gabe/frontend/src/components/Navbar.jsx","statementMap":{"0":{"start":{"line":7,"column":22},"end":{"line":10,"column":3}},"1":{"start":{"line":8,"column":4},"end":{"line":8,"column":27}},"2":{"start":{"line":9,"column":4},"end":{"line":9,"column":15}},"3":{"start":{"line":12,"column":2},"end":{"line":30,"column":4}}},"fnMap":{"0":{"name":"Navbar","decl":{"start":{"line":6,"column":9},"end":{"line":6,"column":15}},"loc":{"start":{"line":6,"column":42},"end":{"line":31,"column":1}},"line":6},"1":{"name":"(anonymous_1)","decl":{"start":{"line":7,"column":22},"end":{"line":7,"column":23}},"loc":{"start":{"line":7,"column":33},"end":{"line":10,"column":3}},"line":7}},"branchMap":{"0":{"loc":{"start":{"line":14,"column":7},"end":{"line":28,"column":7}},"type":"cond-expr","locations":[{"start":{"line":15,"column":8},"end":{"line":19,"column":11}},{"start":{"line":21,"column":8},"end":{"line":27,"column":11}}],"line":14}},"s":{"0":4,"1":1,"2":1,"3":4},"f":{"0":4,"1":1},"b":{"0":[2,2]},"_coverageSchema":"1a1c01bbd47fc00a2c39e90264f33305004495a9","hash":"263a240c88ab665c2b8808dcd4335ec1dcd2d898"}
,"/Users/alainwelliver/Documents/code-projects/penn-course-projects/sophomore-spring/cis350/Team-8-alain-sem-adam-abhinav-gabe/frontend/src/components/Feed/PostCardComponent.jsx": {"path":"/Users/alainwelliver/Documents/code-projects/penn-course-projects/sophomore-spring/cis350/Team-8-alain-sem-adam-abhinav-gabe/frontend/src/components/Feed/PostCardComponent.jsx","statementMap":{"0":{"start":{"line":8,"column":2},"end":{"line":8,"column":83}},"1":{"start":{"line":13,"column":18},"end":{"line":13,"column":42}},"2":{"start":{"line":15,"column":2},"end":{"line":31,"column":4}},"3":{"start":{"line":24,"column":10},"end":{"line":24,"column":56}}},"fnMap":{"0":{"name":"convertToEST","decl":{"start":{"line":7,"column":9},"end":{"line":7,"column":21}},"loc":{"start":{"line":7,"column":34},"end":{"line":9,"column":1}},"line":7},"1":{"name":"PostCardComponent","decl":{"start":{"line":11,"column":9},"end":{"line":11,"column":26}},"loc":{"start":{"line":11,"column":125},"end":{"line":32,"column":1}},"line":11},"2":{"name":"(anonymous_2)","decl":{"start":{"line":23,"column":18},"end":{"line":23,"column":19}},"loc":{"start":{"line":24,"column":10},"end":{"line":24,"column":56}},"line":24}},"branchMap":{"0":{"loc":{"start":{"line":29,"column":7},"end":{"line":29,"column":83}},"type":"binary-expr","locations":[{"start":{"line":29,"column":7},"end":{"line":29,"column":14}},{"start":{"line":29,"column":18},"end":{"line":29,"column":83}}],"line":29}},"s":{"0":6,"1":6,"2":6,"3":9},"f":{"0":6,"1":6,"2":9},"b":{"0":[6,6]},"_coverageSchema":"1a1c01bbd47fc00a2c39e90264f33305004495a9","hash":"6a5890e83d650bfc9b889b1219cfcf7c626c8558"}
,"/Users/alainwelliver/Documents/code-projects/penn-course-projects/sophomore-spring/cis350/Team-8-alain-sem-adam-abhinav-gabe/frontend/src/contexts/AuthContext.jsx": {"path":"/Users/alainwelliver/Documents/code-projects/penn-course-projects/sophomore-spring/cis350/Team-8-alain-sem-adam-abhinav-gabe/frontend/src/contexts/AuthContext.jsx","statementMap":{"0":{"start":{"line":33,"column":38},"end":{"line":33,"column":90}},"1":{"start":{"line":34,"column":19},"end":{"line":34,"column":32}},"2":{"start":{"line":45,"column":22},"end":{"line":61,"column":3}},"3":{"start":{"line":47,"column":18},"end":{"line":47,"column":53}},"4":{"start":{"line":49,"column":4},"end":{"line":60,"column":5}},"5":{"start":{"line":50,"column":6},"end":{"line":50,"column":41}},"6":{"start":{"line":51,"column":11},"end":{"line":60,"column":5}},"7":{"start":{"line":53,"column":6},"end":{"line":53,"column":47}},"8":{"start":{"line":54,"column":6},"end":{"line":54,"column":49}},"9":{"start":{"line":56,"column":6},"end":{"line":56,"column":26}},"10":{"start":{"line":57,"column":6},"end":{"line":57,"column":34}},"11":{"start":{"line":59,"column":6},"end":{"line":59,"column":55}},"12":{"start":{"line":63,"column":25},"end":{"line":79,"column":3}},"13":{"start":{"line":65,"column":18},"end":{"line":65,"column":70}},"14":{"start":{"line":67,"column":4},"end":{"line":78,"column":5}},"15":{"start":{"line":68,"column":6},"end":{"line":68,"column":41}},"16":{"start":{"line":69,"column":11},"end":{"line":78,"column":5}},"17":{"start":{"line":71,"column":6},"end":{"line":71,"column":47}},"18":{"start":{"line":72,"column":6},"end":{"line":72,"column":49}},"19":{"start":{"line":74,"column":6},"end":{"line":74,"column":26}},"20":{"start":{"line":75,"column":6},"end":{"line":75,"column":37}},"21":{"start":{"line":77,"column":6},"end":{"line":77,"column":55}},"22":{"start":{"line":81,"column":23},"end":{"line":96,"column":3}},"23":{"start":{"line":82,"column":21},"end":{"line":82,"column":57}},"24":{"start":{"line":84,"column":4},"end":{"line":95,"column":5}},"25":{"start":{"line":85,"column":6},"end":{"line":85,"column":41}},"26":{"start":{"line":86,"column":11},"end":{"line":95,"column":5}},"27":{"start":{"line":87,"column":6},"end":{"line":87,"column":43}},"28":{"start":{"line":88,"column":6},"end":{"line":88,"column":52}},"29":{"start":{"line":89,"column":6},"end":{"line":89,"column":27}},"30":{"start":{"line":90,"column":6},"end":{"line":90,"column":20}},"31":{"start":{"line":92,"column":6},"end":{"line":92,"column":31}},"32":{"start":{"line":94,"column":6},"end":{"line":94,"column":61}},"33":{"start":{"line":99,"column":31},"end":{"line":101,"column":3}},"34":{"start":{"line":100,"column":4},"end":{"line":100,"column":30}},"35":{"start":{"line":104,"column":31},"end":{"line":106,"column":3}},"36":{"start":{"line":105,"column":4},"end":{"line":105,"column":30}},"37":{"start":{"line":109,"column":28},"end":{"line":111,"column":3}},"38":{"start":{"line":110,"column":4},"end":{"line":110,"column":27}},"39":{"start":{"line":114,"column":28},"end":{"line":116,"column":3}},"40":{"start":{"line":115,"column":4},"end":{"line":115,"column":27}},"41":{"start":{"line":119,"column":2},"end":{"line":157,"column":3}},"42":{"start":{"line":120,"column":4},"end":{"line":156,"column":6}},"43":{"start":{"line":158,"column":2},"end":{"line":172,"column":4}}},"fnMap":{"0":{"name":"AuthContext","decl":{"start":{"line":32,"column":9},"end":{"line":32,"column":20}},"loc":{"start":{"line":32,"column":23},"end":{"line":173,"column":1}},"line":32},"1":{"name":"(anonymous_1)","decl":{"start":{"line":45,"column":22},"end":{"line":45,"column":23}},"loc":{"start":{"line":45,"column":34},"end":{"line":61,"column":3}},"line":45},"2":{"name":"(anonymous_2)","decl":{"start":{"line":63,"column":25},"end":{"line":63,"column":26}},"loc":{"start":{"line":63,"column":37},"end":{"line":79,"column":3}},"line":63},"3":{"name":"(anonymous_3)","decl":{"start":{"line":81,"column":23},"end":{"line":81,"column":24}},"loc":{"start":{"line":81,"column":35},"end":{"line":96,"column":3}},"line":81},"4":{"name":"(anonymous_4)","decl":{"start":{"line":99,"column":31},"end":{"line":99,"column":32}},"loc":{"start":{"line":99,"column":38},"end":{"line":101,"column":3}},"line":99},"5":{"name":"(anonymous_5)","decl":{"start":{"line":104,"column":31},"end":{"line":104,"column":32}},"loc":{"start":{"line":104,"column":38},"end":{"line":106,"column":3}},"line":104},"6":{"name":"(anonymous_6)","decl":{"start":{"line":109,"column":28},"end":{"line":109,"column":29}},"loc":{"start":{"line":109,"column":35},"end":{"line":111,"column":3}},"line":109},"7":{"name":"(anonymous_7)","decl":{"start":{"line":114,"column":28},"end":{"line":114,"column":29}},"loc":{"start":{"line":114,"column":35},"end":{"line":116,"column":3}},"line":114}},"branchMap":{"0":{"loc":{"start":{"line":49,"column":4},"end":{"line":60,"column":5}},"type":"if","locations":[{"start":{"line":49,"column":4},"end":{"line":60,"column":5}},{"start":{"line":51,"column":11},"end":{"line":60,"column":5}}],"line":49},"1":{"loc":{"start":{"line":51,"column":11},"end":{"line":60,"column":5}},"type":"if","locations":[{"start":{"line":51,"column":11},"end":{"line":60,"column":5}},{"start":{"line":58,"column":11},"end":{"line":60,"column":5}}],"line":51},"2":{"loc":{"start":{"line":67,"column":4},"end":{"line":78,"column":5}},"type":"if","locations":[{"start":{"line":67,"column":4},"end":{"line":78,"column":5}},{"start":{"line":69,"column":11},"end":{"line":78,"column":5}}],"line":67},"3":{"loc":{"start":{"line":69,"column":11},"end":{"line":78,"column":5}},"type":"if","locations":[{"start":{"line":69,"column":11},"end":{"line":78,"column":5}},{"start":{"line":76,"column":11},"end":{"line":78,"column":5}}],"line":69},"4":{"loc":{"start":{"line":84,"column":4},"end":{"line":95,"column":5}},"type":"if","locations":[{"start":{"line":84,"column":4},"end":{"line":95,"column":5}},{"start":{"line":86,"column":11},"end":{"line":95,"column":5}}],"line":84},"5":{"loc":{"start":{"line":86,"column":11},"end":{"line":95,"column":5}},"type":"if","locations":[{"start":{"line":86,"column":11},"end":{"line":95,"column":5}},{"start":{"line":93,"column":11},"end":{"line":95,"column":5}}],"line":86},"6":{"loc":{"start":{"line":86,"column":15},"end":{"line":86,"column":92}},"type":"binary-expr","locations":[{"start":{"line":86,"column":15},"end":{"line":86,"column":38}},{"start":{"line":86,"column":42},"end":{"line":86,"column":65}},{"start":{"line":86,"column":69},"end":{"line":86,"column":92}}],"line":86},"7":{"loc":{"start":{"line":119,"column":2},"end":{"line":157,"column":3}},"type":"if","locations":[{"start":{"line":119,"column":2},"end":{"line":157,"column":3}},{"start":{},"end":{}}],"line":119}},"s":{"0":0,"1":0,"2":0,"3":0,"4":0,"5":0,"6":0,"7":0,"8":0,"9":0,"10":0,"11":0,"12":0,"13":0,"14":0,"15":0,"16":0,"17":0,"18":0,"19":0,"20":0,"21":0,"22":0,"23":0,"24":0,"25":0,"26":0,"27":0,"28":0,"29":0,"30":0,"31":0,"32":0,"33":0,"34":0,"35":0,"36":0,"37":0,"38":0,"39":0,"40":0,"41":0,"42":0,"43":0},"f":{"0":0,"1":0,"2":0,"3":0,"4":0,"5":0,"6":0,"7":0},"b":{"0":[0,0],"1":[0,0],"2":[0,0],"3":[0,0],"4":[0,0],"5":[0,0],"6":[0,0,0],"7":[0,0]}}
,"/Users/alainwelliver/Documents/code-projects/penn-course-projects/sophomore-spring/cis350/Team-8-alain-sem-adam-abhinav-gabe/frontend/src/pages/Account/AccountPage.jsx": {"path":"/Users/alainwelliver/Documents/code-projects/penn-course-projects/sophomore-spring/cis350/Team-8-alain-sem-adam-abhinav-gabe/frontend/src/pages/Account/AccountPage.jsx","statementMap":{"0":{"start":{"line":8,"column":19},"end":{"line":8,"column":32}},"1":{"start":{"line":9,"column":28},"end":{"line":9,"column":40}},"2":{"start":{"line":10,"column":22},"end":{"line":10,"column":54}},"3":{"start":{"line":12,"column":2},"end":{"line":24,"column":20}},"4":{"start":{"line":13,"column":27},"end":{"line":21,"column":5}},"5":{"start":{"line":14,"column":22},"end":{"line":14,"column":39}},"6":{"start":{"line":15,"column":6},"end":{"line":20,"column":7}},"7":{"start":{"line":16,"column":8},"end":{"line":16,"column":28}},"8":{"start":{"line":18,"column":8},"end":{"line":18,"column":64}},"9":{"start":{"line":19,"column":8},"end":{"line":19,"column":21}},"10":{"start":{"line":23,"column":4},"end":{"line":23,"column":21}},"11":{"start":{"line":26,"column":25},"end":{"line":29,"column":3}},"12":{"start":{"line":27,"column":4},"end":{"line":27,"column":42}},"13":{"start":{"line":28,"column":4},"end":{"line":28,"column":27}},"14":{"start":{"line":31,"column":2},"end":{"line":50,"column":4}},"15":{"start":{"line":35,"column":8},"end":{"line":47,"column":10}},"16":{"start":{"line":45,"column":24},"end":{"line":45,"column":51}}},"fnMap":{"0":{"name":"AccountPage","decl":{"start":{"line":7,"column":9},"end":{"line":7,"column":20}},"loc":{"start":{"line":7,"column":23},"end":{"line":51,"column":1}},"line":7},"1":{"name":"(anonymous_1)","decl":{"start":{"line":12,"column":12},"end":{"line":12,"column":13}},"loc":{"start":{"line":12,"column":18},"end":{"line":24,"column":3}},"line":12},"2":{"name":"(anonymous_2)","decl":{"start":{"line":13,"column":27},"end":{"line":13,"column":28}},"loc":{"start":{"line":13,"column":39},"end":{"line":21,"column":5}},"line":13},"3":{"name":"(anonymous_3)","decl":{"start":{"line":26,"column":25},"end":{"line":26,"column":26}},"loc":{"start":{"line":26,"column":37},"end":{"line":29,"column":3}},"line":26},"4":{"name":"(anonymous_4)","decl":{"start":{"line":34,"column":17},"end":{"line":34,"column":18}},"loc":{"start":{"line":35,"column":8},"end":{"line":47,"column":10}},"line":35},"5":{"name":"(anonymous_5)","decl":{"start":{"line":45,"column":18},"end":{"line":45,"column":19}},"loc":{"start":{"line":45,"column":24},"end":{"line":45,"column":51}},"line":45}},"branchMap":{"0":{"loc":{"start":{"line":15,"column":6},"end":{"line":20,"column":7}},"type":"if","locations":[{"start":{"line":15,"column":6},"end":{"line":20,"column":7}},{"start":{"line":17,"column":13},"end":{"line":20,"column":7}}],"line":15},"1":{"loc":{"start":{"line":15,"column":10},"end":{"line":15,"column":47}},"type":"binary-expr","locations":[{"start":{"line":15,"column":10},"end":{"line":15,"column":19}},{"start":{"line":15,"column":23},"end":{"line":15,"column":47}}],"line":15}},"s":{"0":7,"1":7,"2":6,"3":6,"4":4,"5":4,"6":4,"7":3,"8":1,"9":1,"10":4,"11":6,"12":1,"13":1,"14":6,"15":2,"16":1},"f":{"0":7,"1":4,"2":4,"3":1,"4":2,"5":1},"b":{"0":[3,1],"1":[4,3]},"_coverageSchema":"1a1c01bbd47fc00a2c39e90264f33305004495a9","hash":"ce6fb6e4753f6de550f91243356fcff19c1284b5"}
,"/Users/alainwelliver/Documents/code-projects/penn-course-projects/sophomore-spring/cis350/Team-8-alain-sem-adam-abhinav-gabe/frontend/src/pages/CreatePost/CreatePostPage.jsx": {"path":"/Users/alainwelliver/Documents/code-projects/penn-course-projects/sophomore-spring/cis350/Team-8-alain-sem-adam-abhinav-gabe/frontend/src/pages/CreatePost/CreatePostPage.jsx","statementMap":{"0":{"start":{"line":8,"column":21},"end":{"line":8,"column":34}},"1":{"start":{"line":9,"column":36},"end":{"line":16,"column":6}},"2":{"start":{"line":18,"column":30},"end":{"line":28,"column":5}},"3":{"start":{"line":19,"column":32},"end":{"line":19,"column":40}},"4":{"start":{"line":20,"column":23},"end":{"line":20,"column":28}},"5":{"start":{"line":21,"column":8},"end":{"line":23,"column":9}},"6":{"start":{"line":22,"column":12},"end":{"line":22,"column":39}},"7":{"start":{"line":24,"column":8},"end":{"line":27,"column":11}},"8":{"start":{"line":30,"column":27},"end":{"line":41,"column":5}},"9":{"start":{"line":31,"column":8},"end":{"line":40,"column":9}},"10":{"start":{"line":32,"column":12},"end":{"line":32,"column":31}},"11":{"start":{"line":33,"column":12},"end":{"line":39,"column":13}},"12":{"start":{"line":34,"column":16},"end":{"line":37,"column":19}},"13":{"start":{"line":38,"column":16},"end":{"line":38,"column":36}},"14":{"start":{"line":43,"column":22},"end":{"line":48,"column":5}},"15":{"start":{"line":44,"column":8},"end":{"line":47,"column":11}},"16":{"start":{"line":46,"column":53},"end":{"line":46,"column":76}},"17":{"start":{"line":50,"column":25},"end":{"line":61,"column":5}},"18":{"start":{"line":51,"column":8},"end":{"line":51,"column":27}},"19":{"start":{"line":52,"column":25},"end":{"line":52,"column":166}},"20":{"start":{"line":54,"column":8},"end":{"line":60,"column":9}},"21":{"start":{"line":55,"column":12},"end":{"line":55,"column":47}},"22":{"start":{"line":56,"column":15},"end":{"line":60,"column":9}},"23":{"start":{"line":57,"column":12},"end":{"line":57,"column":67}},"24":{"start":{"line":59,"column":12},"end":{"line":59,"column":30}},"25":{"start":{"line":63,"column":25},"end":{"line":65,"column":5}},"26":{"start":{"line":64,"column":8},"end":{"line":64,"column":26}},"27":{"start":{"line":67,"column":4},"end":{"line":111,"column":6}},"28":{"start":{"line":102,"column":24},"end":{"line":104,"column":30}},"29":{"start":{"line":103,"column":55},"end":{"line":103,"column":71}}},"fnMap":{"0":{"name":"CreatePostPage","decl":{"start":{"line":7,"column":9},"end":{"line":7,"column":23}},"loc":{"start":{"line":7,"column":26},"end":{"line":112,"column":1}},"line":7},"1":{"name":"(anonymous_1)","decl":{"start":{"line":18,"column":30},"end":{"line":18,"column":31}},"loc":{"start":{"line":18,"column":37},"end":{"line":28,"column":5}},"line":18},"2":{"name":"(anonymous_2)","decl":{"start":{"line":30,"column":27},"end":{"line":30,"column":28}},"loc":{"start":{"line":30,"column":34},"end":{"line":41,"column":5}},"line":30},"3":{"name":"(anonymous_3)","decl":{"start":{"line":43,"column":22},"end":{"line":43,"column":23}},"loc":{"start":{"line":43,"column":41},"end":{"line":48,"column":5}},"line":43},"4":{"name":"(anonymous_4)","decl":{"start":{"line":46,"column":39},"end":{"line":46,"column":40}},"loc":{"start":{"line":46,"column":53},"end":{"line":46,"column":76}},"line":46},"5":{"name":"(anonymous_5)","decl":{"start":{"line":50,"column":25},"end":{"line":50,"column":26}},"loc":{"start":{"line":50,"column":38},"end":{"line":61,"column":5}},"line":50},"6":{"name":"(anonymous_6)","decl":{"start":{"line":63,"column":25},"end":{"line":63,"column":26}},"loc":{"start":{"line":63,"column":31},"end":{"line":65,"column":5}},"line":63},"7":{"name":"(anonymous_7)","decl":{"start":{"line":101,"column":39},"end":{"line":101,"column":40}},"loc":{"start":{"line":102,"column":24},"end":{"line":104,"column":30}},"line":102},"8":{"name":"(anonymous_8)","decl":{"start":{"line":103,"column":49},"end":{"line":103,"column":50}},"loc":{"start":{"line":103,"column":55},"end":{"line":103,"column":71}},"line":103}},"branchMap":{"0":{"loc":{"start":{"line":21,"column":8},"end":{"line":23,"column":9}},"type":"if","locations":[{"start":{"line":21,"column":8},"end":{"line":23,"column":9}},{"start":{},"end":{}}],"line":21},"1":{"loc":{"start":{"line":31,"column":8},"end":{"line":40,"column":9}},"type":"if","locations":[{"start":{"line":31,"column":8},"end":{"line":40,"column":9}},{"start":{},"end":{}}],"line":31},"2":{"loc":{"start":{"line":33,"column":12},"end":{"line":39,"column":13}},"type":"if","locations":[{"start":{"line":33,"column":12},"end":{"line":39,"column":13}},{"start":{},"end":{}}],"line":33},"3":{"loc":{"start":{"line":54,"column":8},"end":{"line":60,"column":9}},"type":"if","locations":[{"start":{"line":54,"column":8},"end":{"line":60,"column":9}},{"start":{"line":56,"column":15},"end":{"line":60,"column":9}}],"line":54},"4":{"loc":{"start":{"line":56,"column":15},"end":{"line":60,"column":9}},"type":"if","locations":[{"start":{"line":56,"column":15},"end":{"line":60,"column":9}},{"start":{"line":58,"column":15},"end":{"line":60,"column":9}}],"line":56},"5":{"loc":{"start":{"line":56,"column":19},"end":{"line":56,"column":123}},"type":"binary-expr","locations":[{"start":{"line":56,"column":19},"end":{"line":56,"column":42}},{"start":{"line":56,"column":46},"end":{"line":56,"column":69}},{"start":{"line":56,"column":73},"end":{"line":56,"column":96}},{"start":{"line":56,"column":100},"end":{"line":56,"column":123}}],"line":56}},"s":{"0":10,"1":10,"2":10,"3":5,"4":5,"5":5,"6":1,"7":5,"8":10,"9":0,"10":0,"11":0,"12":0,"13":0,"14":10,"15":0,"16":0,"17":10,"18":2,"19":2,"20":2,"21":0,"22":2,"23":0,"24":2,"25":10,"26":1,"27":10,"28":0,"29":0},"f":{"0":10,"1":5,"2":0,"3":0,"4":0,"5":2,"6":1,"7":0,"8":0},"b":{"0":[1,4],"1":[0,0],"2":[0,0],"3":[0,2],"4":[0,2],"5":[2,2,2,2]},"_coverageSchema":"1a1c01bbd47fc00a2c39e90264f33305004495a9","hash":"d1b9d8b27fff597b26cfc03413aedf92a49b69cd"}
,"/Users/alainwelliver/Documents/code-projects/penn-course-projects/sophomore-spring/cis350/Team-8-alain-sem-adam-abhinav-gabe/frontend/src/pages/EditPost/EditPostPage.jsx": {"path":"/Users/alainwelliver/Documents/code-projects/penn-course-projects/sophomore-spring/cis350/Team-8-alain-sem-adam-abhinav-gabe/frontend/src/pages/EditPost/EditPostPage.jsx","statementMap":{"0":{"start":{"line":8,"column":21},"end":{"line":8,"column":34}},"1":{"start":{"line":9,"column":26},"end":{"line":9,"column":55}},"2":{"start":{"line":10,"column":36},"end":{"line":17,"column":6}},"3":{"start":{"line":19,"column":4},"end":{"line":37,"column":24}},"4":{"start":{"line":21,"column":12},"end":{"line":34,"column":13}},"5":{"start":{"line":22,"column":31},"end":{"line":22,"column":59}},"6":{"start":{"line":23,"column":29},"end":{"line":23,"column":40}},"7":{"start":{"line":24,"column":16},"end":{"line":31,"column":19}},"8":{"start":{"line":33,"column":16},"end":{"line":33,"column":67}},"9":{"start":{"line":36,"column":8},"end":{"line":36,"column":33}},"10":{"start":{"line":39,"column":30},"end":{"line":49,"column":5}},"11":{"start":{"line":40,"column":32},"end":{"line":40,"column":40}},"12":{"start":{"line":41,"column":23},"end":{"line":41,"column":28}},"13":{"start":{"line":42,"column":8},"end":{"line":44,"column":9}},"14":{"start":{"line":43,"column":12},"end":{"line":43,"column":39}},"15":{"start":{"line":45,"column":8},"end":{"line":48,"column":11}},"16":{"start":{"line":51,"column":27},"end":{"line":62,"column":5}},"17":{"start":{"line":52,"column":8},"end":{"line":61,"column":9}},"18":{"start":{"line":53,"column":12},"end":{"line":53,"column":31}},"19":{"start":{"line":54,"column":12},"end":{"line":60,"column":13}},"20":{"start":{"line":55,"column":16},"end":{"line":58,"column":19}},"21":{"start":{"line":59,"column":16},"end":{"line":59,"column":36}},"22":{"start":{"line":64,"column":22},"end":{"line":69,"column":5}},"23":{"start":{"line":65,"column":8},"end":{"line":68,"column":11}},"24":{"start":{"line":67,"column":53},"end":{"line":67,"column":76}},"25":{"start":{"line":71,"column":25},"end":{"line":82,"column":5}},"26":{"start":{"line":72,"column":8},"end":{"line":72,"column":27}},"27":{"start":{"line":73,"column":25},"end":{"line":73,"column":181}},"28":{"start":{"line":75,"column":8},"end":{"line":81,"column":9}},"29":{"start":{"line":76,"column":12},"end":{"line":76,"column":47}},"30":{"start":{"line":77,"column":15},"end":{"line":81,"column":9}},"31":{"start":{"line":78,"column":12},"end":{"line":78,"column":67}},"32":{"start":{"line":80,"column":12},"end":{"line":80,"column":30}},"33":{"start":{"line":84,"column":25},"end":{"line":94,"column":5}},"34":{"start":{"line":85,"column":8},"end":{"line":85,"column":27}},"35":{"start":{"line":86,"column":25},"end":{"line":86,"column":56}},"36":{"start":{"line":87,"column":8},"end":{"line":93,"column":9}},"37":{"start":{"line":88,"column":12},"end":{"line":88,"column":47}},"38":{"start":{"line":89,"column":15},"end":{"line":93,"column":9}},"39":{"start":{"line":90,"column":12},"end":{"line":90,"column":67}},"40":{"start":{"line":92,"column":12},"end":{"line":92,"column":33}},"41":{"start":{"line":96,"column":4},"end":{"line":140,"column":6}},"42":{"start":{"line":131,"column":24},"end":{"line":133,"column":30}},"43":{"start":{"line":132,"column":55},"end":{"line":132,"column":71}}},"fnMap":{"0":{"name":"EditPostPage","decl":{"start":{"line":7,"column":9},"end":{"line":7,"column":21}},"loc":{"start":{"line":7,"column":24},"end":{"line":141,"column":1}},"line":7},"1":{"name":"(anonymous_1)","decl":{"start":{"line":19,"column":14},"end":{"line":19,"column":15}},"loc":{"start":{"line":19,"column":20},"end":{"line":37,"column":5}},"line":19},"2":{"name":"fetchPost","decl":{"start":{"line":20,"column":23},"end":{"line":20,"column":32}},"loc":{"start":{"line":20,"column":48},"end":{"line":35,"column":9}},"line":20},"3":{"name":"(anonymous_3)","decl":{"start":{"line":39,"column":30},"end":{"line":39,"column":31}},"loc":{"start":{"line":39,"column":37},"end":{"line":49,"column":5}},"line":39},"4":{"name":"(anonymous_4)","decl":{"start":{"line":51,"column":27},"end":{"line":51,"column":28}},"loc":{"start":{"line":51,"column":34},"end":{"line":62,"column":5}},"line":51},"5":{"name":"(anonymous_5)","decl":{"start":{"line":64,"column":22},"end":{"line":64,"column":23}},"loc":{"start":{"line":64,"column":41},"end":{"line":69,"column":5}},"line":64},"6":{"name":"(anonymous_6)","decl":{"start":{"line":67,"column":39},"end":{"line":67,"column":40}},"loc":{"start":{"line":67,"column":53},"end":{"line":67,"column":76}},"line":67},"7":{"name":"(anonymous_7)","decl":{"start":{"line":71,"column":25},"end":{"line":71,"column":26}},"loc":{"start":{"line":71,"column":38},"end":{"line":82,"column":5}},"line":71},"8":{"name":"(anonymous_8)","decl":{"start":{"line":84,"column":25},"end":{"line":84,"column":26}},"loc":{"start":{"line":84,"column":38},"end":{"line":94,"column":5}},"line":84},"9":{"name":"(anonymous_9)","decl":{"start":{"line":130,"column":39},"end":{"line":130,"column":40}},"loc":{"start":{"line":131,"column":24},"end":{"line":133,"column":30}},"line":131},"10":{"name":"(anonymous_10)","decl":{"start":{"line":132,"column":49},"end":{"line":132,"column":50}},"loc":{"start":{"line":132,"column":55},"end":{"line":132,"column":71}},"line":132}},"branchMap":{"0":{"loc":{"start":{"line":30,"column":26},"end":{"line":30,"column":41}},"type":"binary-expr","locations":[{"start":{"line":30,"column":26},"end":{"line":30,"column":35}},{"start":{"line":30,"column":39},"end":{"line":30,"column":41}}],"line":30},"1":{"loc":{"start":{"line":42,"column":8},"end":{"line":44,"column":9}},"type":"if","locations":[{"start":{"line":42,"column":8},"end":{"line":44,"column":9}},{"start":{},"end":{}}],"line":42},"2":{"loc":{"start":{"line":52,"column":8},"end":{"line":61,"column":9}},"type":"if","locations":[{"start":{"line":52,"column":8},"end":{"line":61,"column":9}},{"start":{},"end":{}}],"line":52},"3":{"loc":{"start":{"line":54,"column":12},"end":{"line":60,"column":13}},"type":"if","locations":[{"start":{"line":54,"column":12},"end":{"line":60,"column":13}},{"start":{},"end":{}}],"line":54},"4":{"loc":{"start":{"line":75,"column":8},"end":{"line":81,"column":9}},"type":"if","locations":[{"start":{"line":75,"column":8},"end":{"line":81,"column":9}},{"start":{"line":77,"column":15},"end":{"line":81,"column":9}}],"line":75},"5":{"loc":{"start":{"line":77,"column":15},"end":{"line":81,"column":9}},"type":"if","locations":[{"start":{"line":77,"column":15},"end":{"line":81,"column":9}},{"start":{"line":79,"column":15},"end":{"line":81,"column":9}}],"line":77},"6":{"loc":{"start":{"line":77,"column":19},"end":{"line":77,"column":123}},"type":"binary-expr","locations":[{"start":{"line":77,"column":19},"end":{"line":77,"column":42}},{"start":{"line":77,"column":46},"end":{"line":77,"column":69}},{"start":{"line":77,"column":73},"end":{"line":77,"column":96}},{"start":{"line":77,"column":100},"end":{"line":77,"column":123}}],"line":77},"7":{"loc":{"start":{"line":87,"column":8},"end":{"line":93,"column":9}},"type":"if","locations":[{"start":{"line":87,"column":8},"end":{"line":93,"column":9}},{"start":{"line":89,"column":15},"end":{"line":93,"column":9}}],"line":87},"8":{"loc":{"start":{"line":89,"column":15},"end":{"line":93,"column":9}},"type":"if","locations":[{"start":{"line":89,"column":15},"end":{"line":93,"column":9}},{"start":{"line":91,"column":15},"end":{"line":93,"column":9}}],"line":89},"9":{"loc":{"start":{"line":89,"column":19},"end":{"line":89,"column":123}},"type":"binary-expr","locations":[{"start":{"line":89,"column":19},"end":{"line":89,"column":42}},{"start":{"line":89,"column":46},"end":{"line":89,"column":69}},{"start":{"line":89,"column":73},"end":{"line":89,"column":96}},{"start":{"line":89,"column":100},"end":{"line":89,"column":123}}],"line":89}},"s":{"0":4,"1":4,"2":4,"3":4,"4":2,"5":2,"6":2,"7":2,"8":0,"9":2,"10":4,"11":0,"12":0,"13":0,"14":0,"15":0,"16":4,"17":0,"18":0,"19":0,"20":0,"21":0,"22":4,"23":0,"24":0,"25":4,"26":0,"27":0,"28":0,"29":0,"30":0,"31":0,"32":0,"33":4,"34":1,"35":1,"36":1,"37":0,"38":1,"39":0,"40":1,"41":4,"42":4,"43":0},"f":{"0":4,"1":2,"2":2,"3":0,"4":0,"5":0,"6":0,"7":0,"8":1,"9":4,"10":0},"b":{"0":[2,0],"1":[0,0],"2":[0,0],"3":[0,0],"4":[0,0],"5":[0,0],"6":[0,0,0,0],"7":[0,1],"8":[0,1],"9":[1,1,1,1]},"_coverageSchema":"1a1c01bbd47fc00a2c39e90264f33305004495a9","hash":"40ba1557f729e3fe3adf7cba610680517b53a091"}
,"/Users/alainwelliver/Documents/code-projects/penn-course-projects/sophomore-spring/cis350/Team-8-alain-sem-adam-abhinav-gabe/frontend/src/pages/Feed/FeedPage.jsx": {"path":"/Users/alainwelliver/Documents/code-projects/penn-course-projects/sophomore-spring/cis350/Team-8-alain-sem-adam-abhinav-gabe/frontend/src/pages/Feed/FeedPage.jsx","statementMap":{"0":{"start":{"line":7,"column":28},"end":{"line":16,"column":4}},"1":{"start":{"line":19,"column":2},"end":{"line":31,"column":9}},"2":{"start":{"line":20,"column":23},"end":{"line":28,"column":5}},"3":{"start":{"line":21,"column":22},"end":{"line":21,"column":37}},"4":{"start":{"line":22,"column":6},"end":{"line":27,"column":7}},"5":{"start":{"line":23,"column":8},"end":{"line":23,"column":28}},"6":{"start":{"line":25,"column":8},"end":{"line":25,"column":59}},"7":{"start":{"line":26,"column":8},"end":{"line":26,"column":21}},"8":{"start":{"line":30,"column":4},"end":{"line":30,"column":17}},"9":{"start":{"line":33,"column":2},"end":{"line":50,"column":4}},"10":{"start":{"line":37,"column":8},"end":{"line":47,"column":10}}},"fnMap":{"0":{"name":"FeedPage","decl":{"start":{"line":6,"column":9},"end":{"line":6,"column":17}},"loc":{"start":{"line":6,"column":20},"end":{"line":51,"column":1}},"line":6},"1":{"name":"(anonymous_1)","decl":{"start":{"line":19,"column":12},"end":{"line":19,"column":13}},"loc":{"start":{"line":19,"column":18},"end":{"line":31,"column":3}},"line":19},"2":{"name":"(anonymous_2)","decl":{"start":{"line":20,"column":23},"end":{"line":20,"column":24}},"loc":{"start":{"line":20,"column":35},"end":{"line":28,"column":5}},"line":20},"3":{"name":"(anonymous_3)","decl":{"start":{"line":36,"column":17},"end":{"line":36,"column":18}},"loc":{"start":{"line":37,"column":8},"end":{"line":47,"column":10}},"line":37}},"branchMap":{"0":{"loc":{"start":{"line":22,"column":6},"end":{"line":27,"column":7}},"type":"if","locations":[{"start":{"line":22,"column":6},"end":{"line":27,"column":7}},{"start":{"line":24,"column":13},"end":{"line":27,"column":7}}],"line":22},"1":{"loc":{"start":{"line":22,"column":10},"end":{"line":22,"column":47}},"type":"binary-expr","locations":[{"start":{"line":22,"column":10},"end":{"line":22,"column":19}},{"start":{"line":22,"column":23},"end":{"line":22,"column":47}}],"line":22}},"s":{"0":4,"1":4,"2":2,"3":2,"4":2,"5":2,"6":0,"7":0,"8":2,"9":4,"10":4},"f":{"0":4,"1":2,"2":2,"3":4},"b":{"0":[2,0],"1":[2,2]},"_coverageSchema":"1a1c01bbd47fc00a2c39e90264f33305004495a9","hash":"6646ada54f898367f3c014f629ea1040f32fcc10"}
,"/Users/alainwelliver/Documents/code-projects/penn-course-projects/sophomore-spring/cis350/Team-8-alain-sem-adam-abhinav-gabe/frontend/src/pages/Login/LoginPage.jsx": {"path":"/Users/alainwelliver/Documents/code-projects/penn-course-projects/sophomore-spring/cis350/Team-8-alain-sem-adam-abhinav-gabe/frontend/src/pages/Login/LoginPage.jsx","statementMap":{"0":{"start":{"line":7,"column":23},"end":{"line":10,"column":3}},"1":{"start":{"line":8,"column":4},"end":{"line":8,"column":27}},"2":{"start":{"line":9,"column":4},"end":{"line":9,"column":14}},"3":{"start":{"line":12,"column":2},"end":{"line":34,"column":4}}},"fnMap":{"0":{"name":"LoginPage","decl":{"start":{"line":5,"column":9},"end":{"line":5,"column":18}},"loc":{"start":{"line":5,"column":88},"end":{"line":35,"column":1}},"line":5},"1":{"name":"(anonymous_1)","decl":{"start":{"line":7,"column":23},"end":{"line":7,"column":24}},"loc":{"start":{"line":7,"column":34},"end":{"line":10,"column":3}},"line":7}},"branchMap":{},"s":{"0":4,"1":1,"2":1,"3":4},"f":{"0":4,"1":1},"b":{},"_coverageSchema":"1a1c01bbd47fc00a2c39e90264f33305004495a9","hash":"2c2cb42c5f81a0ad0c4e17f683e288f3d99dfa9a"}
,"/Users/alainwelliver/Documents/code-projects/penn-course-projects/sophomore-spring/cis350/Team-8-alain-sem-adam-abhinav-gabe/frontend/src/pages/Register/RegistrationPage.jsx": {"path":"/Users/alainwelliver/Documents/code-projects/penn-course-projects/sophomore-spring/cis350/Team-8-alain-sem-adam-abhinav-gabe/frontend/src/pages/Register/RegistrationPage.jsx","statementMap":{"0":{"start":{"line":8,"column":23},"end":{"line":11,"column":3}},"1":{"start":{"line":9,"column":4},"end":{"line":9,"column":27}},"2":{"start":{"line":10,"column":4},"end":{"line":10,"column":17}},"3":{"start":{"line":13,"column":2},"end":{"line":47,"column":4}}},"fnMap":{"0":{"name":"RegistrationPage","decl":{"start":{"line":5,"column":9},"end":{"line":5,"column":25}},"loc":{"start":{"line":6,"column":76},"end":{"line":48,"column":1}},"line":6},"1":{"name":"(anonymous_1)","decl":{"start":{"line":8,"column":23},"end":{"line":8,"column":24}},"loc":{"start":{"line":8,"column":34},"end":{"line":11,"column":3}},"line":8}},"branchMap":{},"s":{"0":4,"1":1,"2":1,"3":4},"f":{"0":4,"1":1},"b":{},"_coverageSchema":"1a1c01bbd47fc00a2c39e90264f33305004495a9","hash":"9a1cf4e4c5e6d3e1366ea63c6ded8a015ba446ae"}
,"/Users/alainwelliver/Documents/code-projects/penn-course-projects/sophomore-spring/cis350/Team-8-alain-sem-adam-abhinav-gabe/frontend/src/pages/Welcome/WelcomePage.jsx": {"path":"/Users/alainwelliver/Documents/code-projects/penn-course-projects/sophomore-spring/cis350/Team-8-alain-sem-adam-abhinav-gabe/frontend/src/pages/Welcome/WelcomePage.jsx","statementMap":{"0":{"start":{"line":7,"column":2},"end":{"line":29,"column":4}}},"fnMap":{"0":{"name":"WelcomePage","decl":{"start":{"line":6,"column":9},"end":{"line":6,"column":20}},"loc":{"start":{"line":6,"column":23},"end":{"line":30,"column":1}},"line":6}},"branchMap":{},"s":{"0":4},"f":{"0":4},"b":{},"_coverageSchema":"1a1c01bbd47fc00a2c39e90264f33305004495a9","hash":"93fc698a8cc86d69a2da71d4a15c4c36042eacbe"}
,"/Users/alainwelliver/Documents/code-projects/penn-course-projects/sophomore-spring/cis350/Team-8-alain-sem-adam-abhinav-gabe/frontend/src/services/AuthApi.js": {"path":"/Users/alainwelliver/Documents/code-projects/penn-course-projects/sophomore-spring/cis350/Team-8-alain-sem-adam-abhinav-gabe/frontend/src/services/AuthApi.js","statementMap":{"0":{"start":{"line":14,"column":25},"end":{"line":31,"column":1}},"1":{"start":{"line":16,"column":2},"end":{"line":29,"column":3}},"2":{"start":{"line":17,"column":4},"end":{"line":17,"column":76}},"3":{"start":{"line":20,"column":4},"end":{"line":20,"column":30}},"4":{"start":{"line":21,"column":4},"end":{"line":23,"column":5}},"5":{"start":{"line":22,"column":6},"end":{"line":22,"column":18}},"6":{"start":{"line":24,"column":22},"end":{"line":27,"column":5}},"7":{"start":{"line":28,"column":4},"end":{"line":28,"column":21}},"8":{"start":{"line":30,"column":2},"end":{"line":30,"column":29}},"9":{"start":{"line":33,"column":28},"end":{"line":51,"column":1}},"10":{"start":{"line":35,"column":2},"end":{"line":49,"column":3}},"11":{"start":{"line":36,"column":4},"end":{"line":38,"column":7}},"12":{"start":{"line":40,"column":4},"end":{"line":40,"column":38}},"13":{"start":{"line":41,"column":4},"end":{"line":43,"column":5}},"14":{"start":{"line":42,"column":6},"end":{"line":42,"column":18}},"15":{"start":{"line":44,"column":22},"end":{"line":47,"column":5}},"16":{"start":{"line":48,"column":4},"end":{"line":48,"column":21}},"17":{"start":{"line":50,"column":2},"end":{"line":50,"column":29}},"18":{"start":{"line":55,"column":26},"end":{"line":73,"column":1}},"19":{"start":{"line":57,"column":2},"end":{"line":70,"column":3}},"20":{"start":{"line":58,"column":4},"end":{"line":58,"column":17}},"21":{"start":{"line":59,"column":4},"end":{"line":59,"column":53}},"22":{"start":{"line":61,"column":4},"end":{"line":61,"column":38}},"23":{"start":{"line":62,"column":4},"end":{"line":64,"column":5}},"24":{"start":{"line":63,"column":6},"end":{"line":63,"column":18}},"25":{"start":{"line":65,"column":22},"end":{"line":68,"column":5}},"26":{"start":{"line":69,"column":4},"end":{"line":69,"column":21}},"27":{"start":{"line":72,"column":2},"end":{"line":72,"column":25}},"28":{"start":{"line":75,"column":26},"end":{"line":94,"column":1}},"29":{"start":{"line":77,"column":2},"end":{"line":91,"column":3}},"30":{"start":{"line":79,"column":4},"end":{"line":79,"column":17}},"31":{"start":{"line":80,"column":4},"end":{"line":80,"column":53}},"32":{"start":{"line":82,"column":4},"end":{"line":82,"column":38}},"33":{"start":{"line":83,"column":4},"end":{"line":85,"column":5}},"34":{"start":{"line":84,"column":6},"end":{"line":84,"column":18}},"35":{"start":{"line":86,"column":22},"end":{"line":89,"column":5}},"36":{"start":{"line":90,"column":4},"end":{"line":90,"column":21}},"37":{"start":{"line":93,"column":2},"end":{"line":93,"column":18}}},"fnMap":{"0":{"name":"(anonymous_0)","decl":{"start":{"line":14,"column":25},"end":{"line":14,"column":26}},"loc":{"start":{"line":14,"column":55},"end":{"line":31,"column":1}},"line":14},"1":{"name":"(anonymous_1)","decl":{"start":{"line":33,"column":28},"end":{"line":33,"column":29}},"loc":{"start":{"line":33,"column":72},"end":{"line":51,"column":1}},"line":33},"2":{"name":"(anonymous_2)","decl":{"start":{"line":55,"column":26},"end":{"line":55,"column":27}},"loc":{"start":{"line":55,"column":38},"end":{"line":73,"column":1}},"line":55},"3":{"name":"(anonymous_3)","decl":{"start":{"line":75,"column":26},"end":{"line":75,"column":27}},"loc":{"start":{"line":75,"column":38},"end":{"line":94,"column":1}},"line":75}},"branchMap":{"0":{"loc":{"start":{"line":21,"column":4},"end":{"line":23,"column":5}},"type":"if","locations":[{"start":{"line":21,"column":4},"end":{"line":23,"column":5}},{"start":{},"end":{}}],"line":21},"1":{"loc":{"start":{"line":41,"column":4},"end":{"line":43,"column":5}},"type":"if","locations":[{"start":{"line":41,"column":4},"end":{"line":43,"column":5}},{"start":{},"end":{}}],"line":41},"2":{"loc":{"start":{"line":62,"column":4},"end":{"line":64,"column":5}},"type":"if","locations":[{"start":{"line":62,"column":4},"end":{"line":64,"column":5}},{"start":{},"end":{}}],"line":62},"3":{"loc":{"start":{"line":83,"column":4},"end":{"line":85,"column":5}},"type":"if","locations":[{"start":{"line":83,"column":4},"end":{"line":85,"column":5}},{"start":{},"end":{}}],"line":83}},"s":{"0":1,"1":3,"2":3,"3":2,"4":2,"5":1,"6":1,"7":1,"8":1,"9":1,"10":3,"11":3,"12":2,"13":2,"14":1,"15":1,"16":1,"17":1,"18":1,"19":1,"20":1,"21":1,"22":0,"23":0,"24":0,"25":0,"26":0,"27":1,"28":1,"29":1,"30":1,"31":1,"32":0,"33":0,"34":0,"35":0,"36":0,"37":1},"f":{"0":3,"1":3,"2":1,"3":1},"b":{"0":[1,1],"1":[1,1],"2":[0,0],"3":[0,0]},"_coverageSchema":"1a1c01bbd47fc00a2c39e90264f33305004495a9","hash":"7398b974b90be0bd3b1285b35a97190f40179156"}
,"/Users/alainwelliver/Documents/code-projects/penn-course-projects/sophomore-spring/cis350/Team-8-alain-sem-adam-abhinav-gabe/frontend/src/services/FeedApi.js": {"path":"/Users/alainwelliver/Documents/code-projects/penn-course-projects/sophomore-spring/cis350/Team-8-alain-sem-adam-abhinav-gabe/frontend/src/services/FeedApi.js","statementMap":{"0":{"start":{"line":4,"column":23},"end":{"line":20,"column":1}},"1":{"start":{"line":6,"column":2},"end":{"line":18,"column":3}},"2":{"start":{"line":7,"column":4},"end":{"line":7,"column":51}},"3":{"start":{"line":9,"column":4},"end":{"line":9,"column":38}},"4":{"start":{"line":10,"column":4},"end":{"line":12,"column":5}},"5":{"start":{"line":11,"column":6},"end":{"line":11,"column":18}},"6":{"start":{"line":13,"column":22},"end":{"line":16,"column":5}},"7":{"start":{"line":17,"column":4},"end":{"line":17,"column":21}},"8":{"start":{"line":19,"column":2},"end":{"line":19,"column":23}},"9":{"start":{"line":22,"column":25},"end":{"line":39,"column":1}},"10":{"start":{"line":24,"column":2},"end":{"line":24,"column":15}},"11":{"start":{"line":25,"column":2},"end":{"line":37,"column":3}},"12":{"start":{"line":26,"column":4},"end":{"line":26,"column":53}},"13":{"start":{"line":28,"column":4},"end":{"line":28,"column":38}},"14":{"start":{"line":29,"column":4},"end":{"line":31,"column":5}},"15":{"start":{"line":30,"column":6},"end":{"line":30,"column":18}},"16":{"start":{"line":32,"column":22},"end":{"line":35,"column":5}},"17":{"start":{"line":36,"column":4},"end":{"line":36,"column":21}},"18":{"start":{"line":38,"column":2},"end":{"line":38,"column":23}}},"fnMap":{"0":{"name":"(anonymous_0)","decl":{"start":{"line":4,"column":23},"end":{"line":4,"column":24}},"loc":{"start":{"line":4,"column":35},"end":{"line":20,"column":1}},"line":4},"1":{"name":"(anonymous_1)","decl":{"start":{"line":22,"column":25},"end":{"line":22,"column":26}},"loc":{"start":{"line":22,"column":37},"end":{"line":39,"column":1}},"line":22}},"branchMap":{"0":{"loc":{"start":{"line":10,"column":4},"end":{"line":12,"column":5}},"type":"if","locations":[{"start":{"line":10,"column":4},"end":{"line":12,"column":5}},{"start":{},"end":{}}],"line":10},"1":{"loc":{"start":{"line":29,"column":4},"end":{"line":31,"column":5}},"type":"if","locations":[{"start":{"line":29,"column":4},"end":{"line":31,"column":5}},{"start":{},"end":{}}],"line":29}},"s":{"0":1,"1":2,"2":2,"3":1,"4":1,"5":1,"6":0,"7":0,"8":1,"9":1,"10":2,"11":2,"12":2,"13":1,"14":1,"15":0,"16":1,"17":1,"18":1},"f":{"0":2,"1":2},"b":{"0":[1,0],"1":[0,1]},"_coverageSchema":"1a1c01bbd47fc00a2c39e90264f33305004495a9","hash":"8fcd220ca260b02b2cfcab768eb5af24cf850255"}
,"/Users/alainwelliver/Documents/code-projects/penn-course-projects/sophomore-spring/cis350/Team-8-alain-sem-adam-abhinav-gabe/frontend/src/services/PostApi.js": {"path":"/Users/alainwelliver/Documents/code-projects/penn-course-projects/sophomore-spring/cis350/Team-8-alain-sem-adam-abhinav-gabe/frontend/src/services/PostApi.js","statementMap":{"0":{"start":{"line":4,"column":26},"end":{"line":23,"column":1}},"1":{"start":{"line":6,"column":2},"end":{"line":21,"column":3}},"2":{"start":{"line":7,"column":4},"end":{"line":7,"column":17}},"3":{"start":{"line":8,"column":4},"end":{"line":10,"column":7}},"4":{"start":{"line":12,"column":4},"end":{"line":12,"column":38}},"5":{"start":{"line":13,"column":4},"end":{"line":15,"column":5}},"6":{"start":{"line":14,"column":6},"end":{"line":14,"column":18}},"7":{"start":{"line":16,"column":22},"end":{"line":19,"column":5}},"8":{"start":{"line":20,"column":4},"end":{"line":20,"column":21}},"9":{"start":{"line":22,"column":2},"end":{"line":22,"column":23}},"10":{"start":{"line":25,"column":26},"end":{"line":51,"column":1}},"11":{"start":{"line":35,"column":2},"end":{"line":49,"column":3}},"12":{"start":{"line":36,"column":4},"end":{"line":36,"column":17}},"13":{"start":{"line":37,"column":4},"end":{"line":39,"column":7}},"14":{"start":{"line":41,"column":4},"end":{"line":41,"column":53}},"15":{"start":{"line":42,"column":4},"end":{"line":44,"column":5}},"16":{"start":{"line":43,"column":6},"end":{"line":43,"column":18}},"17":{"start":{"line":45,"column":4},"end":{"line":48,"column":6}},"18":{"start":{"line":50,"column":2},"end":{"line":50,"column":23}},"19":{"start":{"line":53,"column":26},"end":{"line":69,"column":1}},"20":{"start":{"line":55,"column":2},"end":{"line":67,"column":3}},"21":{"start":{"line":56,"column":4},"end":{"line":56,"column":17}},"22":{"start":{"line":57,"column":4},"end":{"line":57,"column":63}},"23":{"start":{"line":59,"column":4},"end":{"line":59,"column":53}},"24":{"start":{"line":60,"column":4},"end":{"line":62,"column":5}},"25":{"start":{"line":61,"column":6},"end":{"line":61,"column":18}},"26":{"start":{"line":63,"column":4},"end":{"line":66,"column":6}},"27":{"start":{"line":68,"column":2},"end":{"line":68,"column":23}},"28":{"start":{"line":71,"column":23},"end":{"line":88,"column":1}},"29":{"start":{"line":72,"column":2},"end":{"line":72,"column":32}},"30":{"start":{"line":74,"column":2},"end":{"line":86,"column":3}},"31":{"start":{"line":75,"column":4},"end":{"line":75,"column":17}},"32":{"start":{"line":76,"column":4},"end":{"line":76,"column":62}},"33":{"start":{"line":78,"column":4},"end":{"line":78,"column":52}},"34":{"start":{"line":79,"column":4},"end":{"line":81,"column":5}},"35":{"start":{"line":80,"column":6},"end":{"line":80,"column":18}},"36":{"start":{"line":82,"column":4},"end":{"line":85,"column":6}},"37":{"start":{"line":87,"column":2},"end":{"line":87,"column":23}}},"fnMap":{"0":{"name":"(anonymous_0)","decl":{"start":{"line":4,"column":26},"end":{"line":4,"column":27}},"loc":{"start":{"line":4,"column":96},"end":{"line":23,"column":1}},"line":4},"1":{"name":"(anonymous_1)","decl":{"start":{"line":25,"column":26},"end":{"line":25,"column":27}},"loc":{"start":{"line":33,"column":5},"end":{"line":51,"column":1}},"line":33},"2":{"name":"(anonymous_2)","decl":{"start":{"line":53,"column":26},"end":{"line":53,"column":27}},"loc":{"start":{"line":53,"column":44},"end":{"line":69,"column":1}},"line":53},"3":{"name":"(anonymous_3)","decl":{"start":{"line":71,"column":23},"end":{"line":71,"column":24}},"loc":{"start":{"line":71,"column":41},"end":{"line":88,"column":1}},"line":71}},"branchMap":{"0":{"loc":{"start":{"line":13,"column":4},"end":{"line":15,"column":5}},"type":"if","locations":[{"start":{"line":13,"column":4},"end":{"line":15,"column":5}},{"start":{},"end":{}}],"line":13},"1":{"loc":{"start":{"line":42,"column":4},"end":{"line":44,"column":5}},"type":"if","locations":[{"start":{"line":42,"column":4},"end":{"line":44,"column":5}},{"start":{},"end":{}}],"line":42},"2":{"loc":{"start":{"line":60,"column":4},"end":{"line":62,"column":5}},"type":"if","locations":[{"start":{"line":60,"column":4},"end":{"line":62,"column":5}},{"start":{},"end":{}}],"line":60},"3":{"loc":{"start":{"line":79,"column":4},"end":{"line":81,"column":5}},"type":"if","locations":[{"start":{"line":79,"column":4},"end":{"line":81,"column":5}},{"start":{},"end":{}}],"line":79}},"s":{"0":1,"1":2,"2":2,"3":2,"4":1,"5":1,"6":0,"7":1,"8":1,"9":1,"10":1,"11":2,"12":2,"13":2,"14":1,"15":1,"16":0,"17":1,"18":1,"19":1,"20":2,"21":2,"22":2,"23":1,"24":1,"25":0,"26":1,"27":1,"28":1,"29":2,"30":2,"31":2,"32":2,"33":1,"34":1,"35":0,"36":1,"37":1},"f":{"0":2,"1":2,"2":2,"3":2},"b":{"0":[0,1],"1":[0,1],"2":[0,1],"3":[0,1]},"_coverageSchema":"1a1c01bbd47fc00a2c39e90264f33305004495a9","hash":"64196be204f2c8541a76bd0911482bdf455c70b9"}
,"/Users/alainwelliver/Documents/code-projects/penn-course-projects/sophomore-spring/cis350/Team-8-alain-sem-adam-abhinav-gabe/frontend/src/utils/ApiUtils.js": {"path":"/Users/alainwelliver/Documents/code-projects/penn-course-projects/sophomore-spring/cis350/Team-8-alain-sem-adam-abhinav-gabe/frontend/src/utils/ApiUtils.js","statementMap":{"0":{"start":{"line":9,"column":26},"end":{"line":11,"column":1}},"1":{"start":{"line":10,"column":2},"end":{"line":10,"column":82}},"2":{"start":{"line":13,"column":23},"end":{"line":13,"column":46}}},"fnMap":{"0":{"name":"(anonymous_0)","decl":{"start":{"line":9,"column":26},"end":{"line":9,"column":27}},"loc":{"start":{"line":9,"column":32},"end":{"line":11,"column":1}},"line":9}},"branchMap":{},"s":{"0":1,"1":12,"2":1},"f":{"0":12},"b":{},"_coverageSchema":"1a1c01bbd47fc00a2c39e90264f33305004495a9","hash":"edde9a64a5ed9faeef3973d1c6fbd5ae4e930f55"}
}
