TN:
SF:src/components/CustomButton.jsx
FN:5,CustomButton
FNF:1
FNH:1
FNDA:40,CustomButton
DA:8,40
LF:1
LH:1
BRF:0
BRH:0
end_of_record
TN:
SF:src/components/Header.jsx
FN:6,Header
FNF:1
FNH:1
FNDA:2,Header
DA:7,2
LF:1
LH:1
BRF:0
BRH:0
end_of_record
TN:
SF:src/components/Navbar.jsx
FN:6,Navbar
FN:7,(anonymous_1)
FNF:2
FNH:2
FNDA:4,Navbar
FNDA:1,(anonymous_1)
DA:7,4
DA:8,1
DA:9,1
DA:12,4
LF:4
LH:4
BRDA:14,0,0,2
BRDA:14,0,1,2
BRF:2
BRH:2
end_of_record
TN:
SF:src/components/Feed/PostCardComponent.jsx
FN:7,convertToEST
FN:11,PostCardComponent
FN:23,(anonymous_2)
FNF:3
FNH:3
FNDA:6,convertToEST
FNDA:6,PostCardComponent
FNDA:9,(anonymous_2)
DA:8,6
DA:13,6
DA:15,6
DA:24,9
LF:4
LH:4
BRDA:29,0,0,6
BRDA:29,0,1,6
BRF:2
BRH:2
end_of_record
TN:
SF:src/contexts/AuthContext.jsx
FN:32,AuthContext
FN:45,(anonymous_1)
FN:63,(anonymous_2)
FN:81,(anonymous_3)
FN:99,(anonymous_4)
FN:104,(anonymous_5)
FN:109,(anonymous_6)
FN:114,(anonymous_7)
FNF:8
FNH:0
FNDA:0,AuthContext
FNDA:0,(anonymous_1)
FNDA:0,(anonymous_2)
FNDA:0,(anonymous_3)
FNDA:0,(anonymous_4)
FNDA:0,(anonymous_5)
FNDA:0,(anonymous_6)
FNDA:0,(anonymous_7)
DA:33,0
DA:34,0
DA:45,0
DA:47,0
DA:49,0
DA:50,0
DA:51,0
DA:53,0
DA:54,0
DA:56,0
DA:57,0
DA:59,0
DA:63,0
DA:65,0
DA:67,0
DA:68,0
DA:69,0
DA:71,0
DA:72,0
DA:74,0
DA:75,0
DA:77,0
DA:81,0
DA:82,0
DA:84,0
DA:85,0
DA:86,0
DA:87,0
DA:88,0
DA:89,0
DA:90,0
DA:92,0
DA:94,0
DA:99,0
DA:100,0
DA:104,0
DA:105,0
DA:109,0
DA:110,0
DA:114,0
DA:115,0
DA:119,0
DA:120,0
DA:158,0
LF:44
LH:0
BRDA:49,0,0,0
BRDA:49,0,1,0
BRDA:51,1,0,0
BRDA:51,1,1,0
BRDA:67,2,0,0
BRDA:67,2,1,0
BRDA:69,3,0,0
BRDA:69,3,1,0
BRDA:84,4,0,0
BRDA:84,4,1,0
BRDA:86,5,0,0
BRDA:86,5,1,0
BRDA:86,6,0,0
BRDA:86,6,1,0
BRDA:86,6,2,0
BRDA:119,7,0,0
BRDA:119,7,1,0
BRF:17
BRH:0
end_of_record
TN:
SF:src/pages/Account/AccountPage.jsx
FN:7,AccountPage
FN:12,(anonymous_1)
FN:13,(anonymous_2)
FN:26,(anonymous_3)
FN:34,(anonymous_4)
FN:45,(anonymous_5)
FNF:6
FNH:6
FNDA:7,AccountPage
FNDA:4,(anonymous_1)
FNDA:4,(anonymous_2)
FNDA:1,(anonymous_3)
FNDA:2,(anonymous_4)
FNDA:1,(anonymous_5)
DA:8,7
DA:9,7
DA:10,6
DA:12,6
DA:13,4
DA:14,4
DA:15,4
DA:16,3
DA:18,1
DA:19,1
DA:23,4
DA:26,6
DA:27,1
DA:28,1
DA:31,6
DA:35,2
DA:45,1
LF:17
LH:17
BRDA:15,0,0,3
BRDA:15,0,1,1
BRDA:15,1,0,4
BRDA:15,1,1,3
BRF:4
BRH:4
end_of_record
TN:
SF:src/pages/CreatePost/CreatePostPage.jsx
FN:7,CreatePostPage
FN:18,(anonymous_1)
FN:30,(anonymous_2)
FN:43,(anonymous_3)
FN:46,(anonymous_4)
FN:50,(anonymous_5)
FN:63,(anonymous_6)
FN:101,(anonymous_7)
FN:103,(anonymous_8)
FNF:9
FNH:4
FNDA:10,CreatePostPage
FNDA:5,(anonymous_1)
FNDA:0,(anonymous_2)
FNDA:0,(anonymous_3)
FNDA:0,(anonymous_4)
FNDA:2,(anonymous_5)
FNDA:1,(anonymous_6)
FNDA:0,(anonymous_7)
FNDA:0,(anonymous_8)
DA:8,10
DA:9,10
DA:18,10
DA:19,5
DA:20,5
DA:21,5
DA:22,1
DA:24,5
DA:30,10
DA:31,0
DA:32,0
DA:33,0
DA:34,0
DA:38,0
DA:43,10
DA:44,0
DA:46,0
DA:50,10
DA:51,2
DA:52,2
DA:54,2
DA:55,0
DA:56,2
DA:57,0
DA:59,2
DA:63,10
DA:64,1
DA:67,10
DA:102,0
DA:103,0
LF:30
LH:19
BRDA:21,0,0,1
BRDA:21,0,1,4
BRDA:31,1,0,0
BRDA:31,1,1,0
BRDA:33,2,0,0
BRDA:33,2,1,0
BRDA:54,3,0,0
BRDA:54,3,1,2
BRDA:56,4,0,0
BRDA:56,4,1,2
BRDA:56,5,0,2
BRDA:56,5,1,2
BRDA:56,5,2,2
BRDA:56,5,3,2
BRF:14
BRH:8
end_of_record
TN:
SF:src/pages/EditPost/EditPostPage.jsx
FN:7,EditPostPage
FN:19,(anonymous_1)
FN:20,fetchPost
FN:39,(anonymous_3)
FN:51,(anonymous_4)
FN:64,(anonymous_5)
FN:67,(anonymous_6)
FN:71,(anonymous_7)
FN:84,(anonymous_8)
FN:130,(anonymous_9)
FN:132,(anonymous_10)
FNF:11
FNH:5
FNDA:4,EditPostPage
FNDA:2,(anonymous_1)
FNDA:2,fetchPost
FNDA:0,(anonymous_3)
FNDA:0,(anonymous_4)
FNDA:0,(anonymous_5)
FNDA:0,(anonymous_6)
FNDA:0,(anonymous_7)
FNDA:1,(anonymous_8)
FNDA:4,(anonymous_9)
FNDA:0,(anonymous_10)
DA:8,4
DA:9,4
DA:10,4
DA:19,4
DA:21,2
DA:22,2
DA:23,2
DA:24,2
DA:33,0
DA:36,2
DA:39,4
DA:40,0
DA:41,0
DA:42,0
DA:43,0
DA:45,0
DA:51,4
DA:52,0
DA:53,0
DA:54,0
DA:55,0
DA:59,0
DA:64,4
DA:65,0
DA:67,0
DA:71,4
DA:72,0
DA:73,0
DA:75,0
DA:76,0
DA:77,0
DA:78,0
DA:80,0
DA:84,4
DA:85,1
DA:86,1
DA:87,1
DA:88,0
DA:89,1
DA:90,0
DA:92,1
DA:96,4
DA:131,4
DA:132,0
LF:44
LH:21
BRDA:30,0,0,2
BRDA:30,0,1,0
BRDA:42,1,0,0
BRDA:42,1,1,0
BRDA:52,2,0,0
BRDA:52,2,1,0
BRDA:54,3,0,0
BRDA:54,3,1,0
BRDA:75,4,0,0
BRDA:75,4,1,0
BRDA:77,5,0,0
BRDA:77,5,1,0
BRDA:77,6,0,0
BRDA:77,6,1,0
BRDA:77,6,2,0
BRDA:77,6,3,0
BRDA:87,7,0,0
BRDA:87,7,1,1
BRDA:89,8,0,0
BRDA:89,8,1,1
BRDA:89,9,0,1
BRDA:89,9,1,1
BRDA:89,9,2,1
BRDA:89,9,3,1
BRF:24
BRH:7
end_of_record
TN:
SF:src/pages/Feed/FeedPage.jsx
FN:6,FeedPage
FN:19,(anonymous_1)
FN:20,(anonymous_2)
FN:36,(anonymous_3)
FNF:4
FNH:4
FNDA:4,FeedPage
FNDA:2,(anonymous_1)
FNDA:2,(anonymous_2)
FNDA:4,(anonymous_3)
DA:7,4
DA:19,4
DA:20,2
DA:21,2
DA:22,2
DA:23,2
DA:25,0
DA:26,0
DA:30,2
DA:33,4
DA:37,4
LF:11
LH:9
BRDA:22,0,0,2
BRDA:22,0,1,0
BRDA:22,1,0,2
BRDA:22,1,1,2
BRF:4
BRH:3
end_of_record
TN:
SF:src/pages/Login/LoginPage.jsx
FN:5,LoginPage
FN:7,(anonymous_1)
FNF:2
FNH:2
FNDA:4,LoginPage
FNDA:1,(anonymous_1)
DA:7,4
DA:8,1
DA:9,1
DA:12,4
LF:4
LH:4
BRF:0
BRH:0
end_of_record
TN:
SF:src/pages/Register/RegistrationPage.jsx
FN:5,RegistrationPage
FN:8,(anonymous_1)
FNF:2
FNH:2
FNDA:4,RegistrationPage
FNDA:1,(anonymous_1)
DA:8,4
DA:9,1
DA:10,1
DA:13,4
LF:4
LH:4
BRF:0
BRH:0
end_of_record
TN:
SF:src/pages/Welcome/WelcomePage.jsx
FN:6,WelcomePage
FNF:1
FNH:1
FNDA:4,WelcomePage
DA:7,4
LF:1
LH:1
BRF:0
BRH:0
end_of_record
TN:
SF:src/services/AuthApi.js
FN:14,(anonymous_0)
FN:33,(anonymous_1)
FN:55,(anonymous_2)
FN:75,(anonymous_3)
FNF:4
FNH:4
FNDA:3,(anonymous_0)
FNDA:3,(anonymous_1)
FNDA:1,(anonymous_2)
FNDA:1,(anonymous_3)
DA:14,1
DA:16,3
DA:17,3
DA:20,2
DA:21,2
DA:22,1
DA:24,1
DA:28,1
DA:30,1
DA:33,1
DA:35,3
DA:36,3
DA:40,2
DA:41,2
DA:42,1
DA:44,1
DA:48,1
DA:50,1
DA:55,1
DA:57,1
DA:58,1
DA:59,1
DA:61,0
DA:62,0
DA:63,0
DA:65,0
DA:69,0
DA:72,1
DA:75,1
DA:77,1
DA:79,1
DA:80,1
DA:82,0
DA:83,0
DA:84,0
DA:86,0
DA:90,0
DA:93,1
LF:38
LH:28
BRDA:21,0,0,1
BRDA:21,0,1,1
BRDA:41,1,0,1
BRDA:41,1,1,1
BRDA:62,2,0,0
BRDA:62,2,1,0
BRDA:83,3,0,0
BRDA:83,3,1,0
BRF:8
BRH:4
end_of_record
TN:
SF:src/services/FeedApi.js
FN:4,(anonymous_0)
FN:22,(anonymous_1)
FNF:2
FNH:2
FNDA:2,(anonymous_0)
FNDA:2,(anonymous_1)
DA:4,1
DA:6,2
DA:7,2
DA:9,1
DA:10,1
DA:11,1
DA:13,0
DA:17,0
DA:19,1
DA:22,1
DA:24,2
DA:25,2
DA:26,2
DA:28,1
DA:29,1
DA:30,0
DA:32,1
DA:36,1
DA:38,1
DA:41,1
LF:20
LH:17
BRDA:10,0,0,1
BRDA:10,0,1,0
BRDA:29,1,0,0
BRDA:29,1,1,1
BRF:4
BRH:2
end_of_record
TN:
SF:src/services/PostApi.js
FN:4,(anonymous_0)
FN:25,(anonymous_1)
FN:53,(anonymous_2)
FN:71,(anonymous_3)
FNF:4
FNH:4
FNDA:2,(anonymous_0)
FNDA:2,(anonymous_1)
FNDA:2,(anonymous_2)
FNDA:2,(anonymous_3)
DA:4,1
DA:6,2
DA:7,2
DA:8,2
DA:12,1
DA:13,1
DA:14,0
DA:16,1
DA:20,1
DA:22,1
DA:25,1
DA:35,2
DA:36,2
DA:37,2
DA:41,1
DA:42,1
DA:43,0
DA:45,1
DA:50,1
DA:53,1
DA:55,2
DA:56,2
DA:57,2
DA:59,1
DA:60,1
DA:61,0
DA:63,1
DA:68,1
DA:71,1
DA:72,2
DA:74,2
DA:75,2
DA:76,2
DA:78,1
DA:79,1
DA:80,0
DA:82,1
DA:87,1
LF:38
LH:34
BRDA:13,0,0,0
BRDA:13,0,1,1
BRDA:42,1,0,0
BRDA:42,1,1,1
BRDA:60,2,0,0
BRDA:60,2,1,1
BRDA:79,3,0,0
BRDA:79,3,1,1
BRF:8
BRH:4
end_of_record
TN:
SF:src/utils/ApiUtils.js
FN:9,(anonymous_0)
FNF:1
FNH:1
FNDA:12,(anonymous_0)
DA:9,1
DA:10,12
DA:13,1
LF:3
LH:3
BRF:0
BRH:0
end_of_record
