{"/Users/alainwelliver/Documents/code-projects/penn-course-projects/sophomore-spring/cis350/Team-8-alain-sem-adam-abhinav-gabe/backend/src/controller/server.js": {"path":"/Users/alainwelliver/Documents/code-projects/penn-course-projects/sophomore-spring/cis350/Team-8-alain-sem-adam-abhinav-gabe/backend/src/controller/server.js","statementMap":{"0":{"start":{"line":1,"column":16},"end":{"line":1,"column":34}},"1":{"start":{"line":2,"column":12},"end":{"line":2,"column":35}},"2":{"start":{"line":3,"column":19},"end":{"line":3,"column":41}},"3":{"start":{"line":4,"column":13},"end":{"line":4,"column":28}},"4":{"start":{"line":5,"column":14},"end":{"line":5,"column":39}},"5":{"start":{"line":6,"column":16},"end":{"line":6,"column":52}},"6":{"start":{"line":7,"column":16},"end":{"line":7,"column":41}},"7":{"start":{"line":9,"column":12},"end":{"line":9,"column":21}},"8":{"start":{"line":12,"column":0},"end":{"line":12,"column":27}},"9":{"start":{"line":13,"column":0},"end":{"line":13,"column":16}},"10":{"start":{"line":16,"column":0},"end":{"line":55,"column":3}},"11":{"start":{"line":20,"column":6},"end":{"line":20,"column":14}},"12":{"start":{"line":23,"column":2},"end":{"line":25,"column":3}},"13":{"start":{"line":24,"column":4},"end":{"line":24,"column":105}},"14":{"start":{"line":28,"column":2},"end":{"line":35,"column":3}},"15":{"start":{"line":29,"column":23},"end":{"line":29,"column":59}},"16":{"start":{"line":30,"column":4},"end":{"line":32,"column":5}},"17":{"start":{"line":31,"column":6},"end":{"line":31,"column":72}},"18":{"start":{"line":34,"column":4},"end":{"line":34,"column":61}},"19":{"start":{"line":38,"column":2},"end":{"line":44,"column":3}},"20":{"start":{"line":39,"column":4},"end":{"line":41,"column":7}},"21":{"start":{"line":43,"column":4},"end":{"line":43,"column":61}},"22":{"start":{"line":48,"column":2},"end":{"line":53,"column":3}},"23":{"start":{"line":49,"column":4},"end":{"line":49,"column":47}},"24":{"start":{"line":52,"column":4},"end":{"line":52,"column":88}},"25":{"start":{"line":54,"column":2},"end":{"line":54,"column":82}},"26":{"start":{"line":58,"column":0},"end":{"line":92,"column":3}},"27":{"start":{"line":59,"column":33},"end":{"line":59,"column":41}},"28":{"start":{"line":61,"column":2},"end":{"line":63,"column":3}},"29":{"start":{"line":62,"column":4},"end":{"line":62,"column":83}},"30":{"start":{"line":66,"column":2},"end":{"line":73,"column":3}},"31":{"start":{"line":67,"column":23},"end":{"line":67,"column":59}},"32":{"start":{"line":68,"column":4},"end":{"line":70,"column":5}},"33":{"start":{"line":69,"column":6},"end":{"line":69,"column":93}},"34":{"start":{"line":72,"column":4},"end":{"line":72,"column":61}},"35":{"start":{"line":77,"column":2},"end":{"line":90,"column":3}},"36":{"start":{"line":78,"column":25},"end":{"line":78,"column":61}},"37":{"start":{"line":79,"column":27},"end":{"line":79,"column":48}},"38":{"start":{"line":82,"column":4},"end":{"line":84,"column":5}},"39":{"start":{"line":83,"column":6},"end":{"line":83,"column":68}},"40":{"start":{"line":87,"column":4},"end":{"line":87,"column":47}},"41":{"start":{"line":89,"column":4},"end":{"line":89,"column":61}},"42":{"start":{"line":91,"column":2},"end":{"line":91,"column":81}},"43":{"start":{"line":95,"column":0},"end":{"line":112,"column":3}},"44":{"start":{"line":96,"column":17},"end":{"line":96,"column":42}},"45":{"start":{"line":97,"column":2},"end":{"line":99,"column":3}},"46":{"start":{"line":98,"column":4},"end":{"line":98,"column":70}},"47":{"start":{"line":101,"column":2},"end":{"line":106,"column":3}},"48":{"start":{"line":102,"column":4},"end":{"line":102,"column":51}},"49":{"start":{"line":104,"column":4},"end":{"line":104,"column":48}},"50":{"start":{"line":105,"column":4},"end":{"line":105,"column":68}},"51":{"start":{"line":107,"column":2},"end":{"line":109,"column":3}},"52":{"start":{"line":108,"column":4},"end":{"line":108,"column":71}},"53":{"start":{"line":111,"column":2},"end":{"line":111,"column":73}},"54":{"start":{"line":115,"column":0},"end":{"line":137,"column":3}},"55":{"start":{"line":117,"column":2},"end":{"line":117,"column":51}},"56":{"start":{"line":118,"column":17},"end":{"line":118,"column":42}},"57":{"start":{"line":119,"column":2},"end":{"line":121,"column":3}},"58":{"start":{"line":120,"column":4},"end":{"line":120,"column":78}},"59":{"start":{"line":123,"column":2},"end":{"line":135,"column":3}},"60":{"start":{"line":124,"column":4},"end":{"line":124,"column":51}},"61":{"start":{"line":125,"column":4},"end":{"line":127,"column":5}},"62":{"start":{"line":126,"column":6},"end":{"line":126,"column":74}},"63":{"start":{"line":128,"column":4},"end":{"line":130,"column":5}},"64":{"start":{"line":129,"column":6},"end":{"line":129,"column":74}},"65":{"start":{"line":132,"column":4},"end":{"line":132,"column":32}},"66":{"start":{"line":134,"column":4},"end":{"line":134,"column":70}},"67":{"start":{"line":136,"column":2},"end":{"line":136,"column":65}},"68":{"start":{"line":140,"column":0},"end":{"line":182,"column":3}},"69":{"start":{"line":149,"column":6},"end":{"line":149,"column":14}},"70":{"start":{"line":151,"column":2},"end":{"line":154,"column":3}},"71":{"start":{"line":153,"column":4},"end":{"line":153,"column":70}},"72":{"start":{"line":157,"column":2},"end":{"line":179,"column":3}},"73":{"start":{"line":159,"column":25},"end":{"line":159,"column":56}},"74":{"start":{"line":160,"column":4},"end":{"line":162,"column":5}},"75":{"start":{"line":161,"column":6},"end":{"line":161,"column":73}},"76":{"start":{"line":165,"column":20},"end":{"line":165,"column":54}},"77":{"start":{"line":166,"column":25},"end":{"line":166,"column":32}},"78":{"start":{"line":167,"column":4},"end":{"line":167,"column":35}},"79":{"start":{"line":170,"column":17},"end":{"line":170,"column":53}},"80":{"start":{"line":171,"column":4},"end":{"line":173,"column":5}},"81":{"start":{"line":172,"column":6},"end":{"line":172,"column":63}},"82":{"start":{"line":175,"column":4},"end":{"line":175,"column":97}},"83":{"start":{"line":177,"column":4},"end":{"line":177,"column":47}},"84":{"start":{"line":178,"column":4},"end":{"line":178,"column":68}},"85":{"start":{"line":181,"column":2},"end":{"line":181,"column":99}},"86":{"start":{"line":184,"column":0},"end":{"line":184,"column":21}}},"fnMap":{"0":{"name":"(anonymous_0)","decl":{"start":{"line":16,"column":22},"end":{"line":16,"column":23}},"loc":{"start":{"line":16,"column":42},"end":{"line":55,"column":1}},"line":16},"1":{"name":"(anonymous_1)","decl":{"start":{"line":58,"column":19},"end":{"line":58,"column":20}},"loc":{"start":{"line":58,"column":39},"end":{"line":92,"column":1}},"line":58},"2":{"name":"(anonymous_2)","decl":{"start":{"line":95,"column":20},"end":{"line":95,"column":21}},"loc":{"start":{"line":95,"column":40},"end":{"line":112,"column":1}},"line":95},"3":{"name":"(anonymous_3)","decl":{"start":{"line":115,"column":20},"end":{"line":115,"column":21}},"loc":{"start":{"line":115,"column":40},"end":{"line":137,"column":1}},"line":115},"4":{"name":"(anonymous_4)","decl":{"start":{"line":140,"column":18},"end":{"line":140,"column":19}},"loc":{"start":{"line":140,"column":38},"end":{"line":182,"column":1}},"line":140}},"branchMap":{"0":{"loc":{"start":{"line":23,"column":2},"end":{"line":25,"column":3}},"type":"if","locations":[{"start":{"line":23,"column":2},"end":{"line":25,"column":3}},{"start":{},"end":{}}],"line":23},"1":{"loc":{"start":{"line":23,"column":6},"end":{"line":23,"column":48}},"type":"binary-expr","locations":[{"start":{"line":23,"column":6},"end":{"line":23,"column":15}},{"start":{"line":23,"column":19},"end":{"line":23,"column":28}},{"start":{"line":23,"column":32},"end":{"line":23,"column":38}},{"start":{"line":23,"column":42},"end":{"line":23,"column":48}}],"line":23},"2":{"loc":{"start":{"line":30,"column":4},"end":{"line":32,"column":5}},"type":"if","locations":[{"start":{"line":30,"column":4},"end":{"line":32,"column":5}},{"start":{},"end":{}}],"line":30},"3":{"loc":{"start":{"line":61,"column":2},"end":{"line":63,"column":3}},"type":"if","locations":[{"start":{"line":61,"column":2},"end":{"line":63,"column":3}},{"start":{},"end":{}}],"line":61},"4":{"loc":{"start":{"line":61,"column":6},"end":{"line":61,"column":28}},"type":"binary-expr","locations":[{"start":{"line":61,"column":6},"end":{"line":61,"column":15}},{"start":{"line":61,"column":19},"end":{"line":61,"column":28}}],"line":61},"5":{"loc":{"start":{"line":68,"column":4},"end":{"line":70,"column":5}},"type":"if","locations":[{"start":{"line":68,"column":4},"end":{"line":70,"column":5}},{"start":{},"end":{}}],"line":68},"6":{"loc":{"start":{"line":82,"column":4},"end":{"line":84,"column":5}},"type":"if","locations":[{"start":{"line":82,"column":4},"end":{"line":84,"column":5}},{"start":{},"end":{}}],"line":82},"7":{"loc":{"start":{"line":97,"column":2},"end":{"line":99,"column":3}},"type":"if","locations":[{"start":{"line":97,"column":2},"end":{"line":99,"column":3}},{"start":{},"end":{}}],"line":97},"8":{"loc":{"start":{"line":107,"column":2},"end":{"line":109,"column":3}},"type":"if","locations":[{"start":{"line":107,"column":2},"end":{"line":109,"column":3}},{"start":{},"end":{}}],"line":107},"9":{"loc":{"start":{"line":119,"column":2},"end":{"line":121,"column":3}},"type":"if","locations":[{"start":{"line":119,"column":2},"end":{"line":121,"column":3}},{"start":{},"end":{}}],"line":119},"10":{"loc":{"start":{"line":125,"column":4},"end":{"line":127,"column":5}},"type":"if","locations":[{"start":{"line":125,"column":4},"end":{"line":127,"column":5}},{"start":{},"end":{}}],"line":125},"11":{"loc":{"start":{"line":128,"column":4},"end":{"line":130,"column":5}},"type":"if","locations":[{"start":{"line":128,"column":4},"end":{"line":130,"column":5}},{"start":{},"end":{}}],"line":128},"12":{"loc":{"start":{"line":128,"column":8},"end":{"line":128,"column":48}},"type":"binary-expr","locations":[{"start":{"line":128,"column":8},"end":{"line":128,"column":26}},{"start":{"line":128,"column":30},"end":{"line":128,"column":48}}],"line":128},"13":{"loc":{"start":{"line":151,"column":2},"end":{"line":154,"column":3}},"type":"if","locations":[{"start":{"line":151,"column":2},"end":{"line":154,"column":3}},{"start":{},"end":{}}],"line":151},"14":{"loc":{"start":{"line":151,"column":6},"end":{"line":152,"column":57}},"type":"binary-expr","locations":[{"start":{"line":151,"column":6},"end":{"line":151,"column":12}},{"start":{"line":151,"column":16},"end":{"line":151,"column":22}},{"start":{"line":151,"column":26},"end":{"line":151,"column":38}},{"start":{"line":151,"column":42},"end":{"line":151,"column":49}},{"start":{"line":152,"column":7},"end":{"line":152,"column":31}},{"start":{"line":152,"column":35},"end":{"line":152,"column":48}},{"start":{"line":152,"column":52},"end":{"line":152,"column":57}}],"line":151},"15":{"loc":{"start":{"line":160,"column":4},"end":{"line":162,"column":5}},"type":"if","locations":[{"start":{"line":160,"column":4},"end":{"line":162,"column":5}},{"start":{},"end":{}}],"line":160},"16":{"loc":{"start":{"line":171,"column":4},"end":{"line":173,"column":5}},"type":"if","locations":[{"start":{"line":171,"column":4},"end":{"line":173,"column":5}},{"start":{},"end":{}}],"line":171}},"s":{"0":3,"1":3,"2":3,"3":3,"4":3,"5":3,"6":3,"7":3,"8":3,"9":3,"10":3,"11":5,"12":5,"13":1,"14":4,"15":4,"16":4,"17":2,"18":0,"19":2,"20":2,"21":0,"22":2,"23":2,"24":0,"25":2,"26":3,"27":6,"28":6,"29":1,"30":5,"31":5,"32":5,"33":1,"34":0,"35":4,"36":4,"37":4,"38":4,"39":1,"40":3,"41":0,"42":3,"43":3,"44":3,"45":3,"46":1,"47":2,"48":2,"49":0,"50":0,"51":2,"52":1,"53":1,"54":3,"55":3,"56":3,"57":3,"58":1,"59":2,"60":2,"61":2,"62":0,"63":2,"64":1,"65":1,"66":0,"67":1,"68":3,"69":4,"70":4,"71":1,"72":3,"73":3,"74":3,"75":2,"76":1,"77":1,"78":1,"79":1,"80":1,"81":0,"82":1,"83":0,"84":0,"85":1,"86":3},"f":{"0":5,"1":6,"2":3,"3":3,"4":4},"b":{"0":[1,4],"1":[5,4,4,4],"2":[2,2],"3":[1,5],"4":[6,5],"5":[1,4],"6":[1,3],"7":[1,2],"8":[1,1],"9":[1,2],"10":[0,2],"11":[1,1],"12":[2,2],"13":[1,3],"14":[4,4,4,4,4,3,3],"15":[2,1],"16":[0,1]},"_coverageSchema":"1a1c01bbd47fc00a2c39e90264f33305004495a9","hash":"ce39f86fc76b7963f6d851a1051a7171cf19ffb6"}
,"/Users/alainwelliver/Documents/code-projects/penn-course-projects/sophomore-spring/cis350/Team-8-alain-sem-adam-abhinav-gabe/backend/src/controller/controllerUtils/jwtAuth.js": {"path":"/Users/alainwelliver/Documents/code-projects/penn-course-projects/sophomore-spring/cis350/Team-8-alain-sem-adam-abhinav-gabe/backend/src/controller/controllerUtils/jwtAuth.js","statementMap":{"0":{"start":{"line":2,"column":12},"end":{"line":2,"column":35}},"1":{"start":{"line":5,"column":0},"end":{"line":5,"column":27}},"2":{"start":{"line":8,"column":27},"end":{"line":8,"column":55}},"3":{"start":{"line":11,"column":21},"end":{"line":11,"column":30}},"4":{"start":{"line":18,"column":25},"end":{"line":22,"column":1}},"5":{"start":{"line":19,"column":16},"end":{"line":19,"column":78}},"6":{"start":{"line":21,"column":2},"end":{"line":21,"column":15}},"7":{"start":{"line":29,"column":19},"end":{"line":56,"column":1}},"8":{"start":{"line":30,"column":2},"end":{"line":55,"column":3}},"9":{"start":{"line":32,"column":4},"end":{"line":34,"column":5}},"10":{"start":{"line":33,"column":6},"end":{"line":33,"column":15}},"11":{"start":{"line":37,"column":20},"end":{"line":37,"column":54}},"12":{"start":{"line":40,"column":17},"end":{"line":40,"column":55}},"13":{"start":{"line":41,"column":4},"end":{"line":44,"column":5}},"14":{"start":{"line":43,"column":6},"end":{"line":43,"column":15}},"15":{"start":{"line":45,"column":4},"end":{"line":45,"column":13}},"16":{"start":{"line":48,"column":4},"end":{"line":51,"column":5}},"17":{"start":{"line":50,"column":6},"end":{"line":50,"column":15}},"18":{"start":{"line":54,"column":4},"end":{"line":54,"column":13}},"19":{"start":{"line":58,"column":21},"end":{"line":58,"column":55}},"20":{"start":{"line":58,"column":32},"end":{"line":58,"column":55}},"21":{"start":{"line":60,"column":0},"end":{"line":60,"column":64}}},"fnMap":{"0":{"name":"(anonymous_0)","decl":{"start":{"line":18,"column":25},"end":{"line":18,"column":26}},"loc":{"start":{"line":18,"column":39},"end":{"line":22,"column":1}},"line":18},"1":{"name":"(anonymous_1)","decl":{"start":{"line":29,"column":19},"end":{"line":29,"column":20}},"loc":{"start":{"line":29,"column":36},"end":{"line":56,"column":1}},"line":29},"2":{"name":"(anonymous_2)","decl":{"start":{"line":58,"column":21},"end":{"line":58,"column":22}},"loc":{"start":{"line":58,"column":32},"end":{"line":58,"column":55}},"line":58}},"branchMap":{"0":{"loc":{"start":{"line":32,"column":4},"end":{"line":34,"column":5}},"type":"if","locations":[{"start":{"line":32,"column":4},"end":{"line":34,"column":5}},{"start":{},"end":{}}],"line":32},"1":{"loc":{"start":{"line":41,"column":4},"end":{"line":44,"column":5}},"type":"if","locations":[{"start":{"line":41,"column":4},"end":{"line":44,"column":5}},{"start":{},"end":{}}],"line":41},"2":{"loc":{"start":{"line":48,"column":4},"end":{"line":51,"column":5}},"type":"if","locations":[{"start":{"line":48,"column":4},"end":{"line":51,"column":5}},{"start":{},"end":{}}],"line":48}},"s":{"0":3,"1":3,"2":3,"3":3,"4":3,"5":5,"6":5,"7":3,"8":7,"9":7,"10":0,"11":7,"12":4,"13":4,"14":1,"15":3,"16":3,"17":0,"18":3,"19":3,"20":1,"21":3},"f":{"0":5,"1":7,"2":1},"b":{"0":[0,7],"1":[1,3],"2":[0,3]},"_coverageSchema":"1a1c01bbd47fc00a2c39e90264f33305004495a9","hash":"84c0d35e2c4c224bd66cb217a90a3610652fa99a"}
,"/Users/alainwelliver/Documents/code-projects/penn-course-projects/sophomore-spring/cis350/Team-8-alain-sem-adam-abhinav-gabe/backend/src/model/dbUtils.js": {"path":"/Users/alainwelliver/Documents/code-projects/penn-course-projects/sophomore-spring/cis350/Team-8-alain-sem-adam-abhinav-gabe/backend/src/model/dbUtils.js","statementMap":{"0":{"start":{"line":1,"column":0},"end":{"line":1,"column":27}},"1":{"start":{"line":4,"column":24},"end":{"line":4,"column":42}},"2":{"start":{"line":7,"column":14},"end":{"line":7,"column":32}},"3":{"start":{"line":14,"column":16},"end":{"line":24,"column":1}},"4":{"start":{"line":16,"column":2},"end":{"line":22,"column":3}},"5":{"start":{"line":17,"column":4},"end":{"line":17,"column":36}},"6":{"start":{"line":18,"column":4},"end":{"line":18,"column":36}},"7":{"start":{"line":19,"column":4},"end":{"line":19,"column":44}},"8":{"start":{"line":21,"column":4},"end":{"line":21,"column":29}},"9":{"start":{"line":23,"column":2},"end":{"line":23,"column":16}},"10":{"start":{"line":29,"column":14},"end":{"line":35,"column":1}},"11":{"start":{"line":31,"column":2},"end":{"line":33,"column":3}},"12":{"start":{"line":32,"column":4},"end":{"line":32,"column":20}},"13":{"start":{"line":34,"column":2},"end":{"line":34,"column":18}},"14":{"start":{"line":41,"column":31},"end":{"line":43,"column":1}},"15":{"start":{"line":42,"column":2},"end":{"line":42,"column":23}},"16":{"start":{"line":46,"column":0},"end":{"line":50,"column":2}}},"fnMap":{"0":{"name":"(anonymous_0)","decl":{"start":{"line":14,"column":16},"end":{"line":14,"column":17}},"loc":{"start":{"line":14,"column":28},"end":{"line":24,"column":1}},"line":14},"1":{"name":"(anonymous_1)","decl":{"start":{"line":29,"column":14},"end":{"line":29,"column":15}},"loc":{"start":{"line":29,"column":26},"end":{"line":35,"column":1}},"line":29},"2":{"name":"(anonymous_2)","decl":{"start":{"line":41,"column":31},"end":{"line":41,"column":32}},"loc":{"start":{"line":41,"column":43},"end":{"line":43,"column":1}},"line":41}},"branchMap":{"0":{"loc":{"start":{"line":31,"column":2},"end":{"line":33,"column":3}},"type":"if","locations":[{"start":{"line":31,"column":2},"end":{"line":33,"column":3}},{"start":{},"end":{}}],"line":31}},"s":{"0":3,"1":3,"2":3,"3":3,"4":3,"5":3,"6":3,"7":3,"8":0,"9":3,"10":3,"11":24,"12":3,"13":24,"14":3,"15":3,"16":3},"f":{"0":3,"1":24,"2":3},"b":{"0":[3,21]},"_coverageSchema":"1a1c01bbd47fc00a2c39e90264f33305004495a9","hash":"7ab6edaf40d343b3f98844fdc5ada6a81b9aba9a"}
,"/Users/alainwelliver/Documents/code-projects/penn-course-projects/sophomore-spring/cis350/Team-8-alain-sem-adam-abhinav-gabe/backend/src/model/posts.js": {"path":"/Users/alainwelliver/Documents/code-projects/penn-course-projects/sophomore-spring/cis350/Team-8-alain-sem-adam-abhinav-gabe/backend/src/model/posts.js","statementMap":{"0":{"start":{"line":1,"column":16},"end":{"line":1,"column":36}},"1":{"start":{"line":3,"column":16},"end":{"line":20,"column":1}},"2":{"start":{"line":5,"column":13},"end":{"line":5,"column":34}},"3":{"start":{"line":6,"column":26},"end":{"line":6,"column":47}},"4":{"start":{"line":7,"column":18},"end":{"line":16,"column":3}},"5":{"start":{"line":18,"column":17},"end":{"line":18,"column":57}},"6":{"start":{"line":19,"column":2},"end":{"line":19,"column":16}},"7":{"start":{"line":22,"column":0},"end":{"line":22,"column":25}}},"fnMap":{"0":{"name":"(anonymous_0)","decl":{"start":{"line":3,"column":16},"end":{"line":3,"column":17}},"loc":{"start":{"line":3,"column":96},"end":{"line":20,"column":1}},"line":3}},"branchMap":{},"s":{"0":3,"1":3,"2":1,"3":1,"4":1,"5":1,"6":1,"7":3},"f":{"0":1},"b":{},"_coverageSchema":"1a1c01bbd47fc00a2c39e90264f33305004495a9","hash":"10b8dc29a9ffbe1d20f427bde84e99f52ca2c75c"}
,"/Users/alainwelliver/Documents/code-projects/penn-course-projects/sophomore-spring/cis350/Team-8-alain-sem-adam-abhinav-gabe/backend/src/model/users.js": {"path":"/Users/alainwelliver/Documents/code-projects/penn-course-projects/sophomore-spring/cis350/Team-8-alain-sem-adam-abhinav-gabe/backend/src/model/users.js","statementMap":{"0":{"start":{"line":1,"column":21},"end":{"line":1,"column":39}},"1":{"start":{"line":2,"column":16},"end":{"line":2,"column":36}},"2":{"start":{"line":10,"column":24},"end":{"line":17,"column":1}},"3":{"start":{"line":11,"column":2},"end":{"line":16,"column":3}},"4":{"start":{"line":12,"column":4},"end":{"line":12,"column":37}},"5":{"start":{"line":13,"column":4},"end":{"line":13,"column":52}},"6":{"start":{"line":15,"column":4},"end":{"line":15,"column":41}},"7":{"start":{"line":24,"column":16},"end":{"line":34,"column":1}},"8":{"start":{"line":26,"column":2},"end":{"line":32,"column":3}},"9":{"start":{"line":27,"column":4},"end":{"line":27,"column":28}},"10":{"start":{"line":28,"column":4},"end":{"line":28,"column":49}},"11":{"start":{"line":29,"column":4},"end":{"line":29,"column":66}},"12":{"start":{"line":31,"column":4},"end":{"line":31,"column":49}},"13":{"start":{"line":33,"column":2},"end":{"line":33,"column":27}},"14":{"start":{"line":40,"column":20},"end":{"line":48,"column":1}},"15":{"start":{"line":42,"column":2},"end":{"line":46,"column":3}},"16":{"start":{"line":43,"column":4},"end":{"line":43,"column":49}},"17":{"start":{"line":45,"column":4},"end":{"line":45,"column":41}},"18":{"start":{"line":47,"column":2},"end":{"line":47,"column":16}},"19":{"start":{"line":55,"column":23},"end":{"line":64,"column":1}},"20":{"start":{"line":57,"column":2},"end":{"line":62,"column":3}},"21":{"start":{"line":58,"column":4},"end":{"line":58,"column":28}},"22":{"start":{"line":59,"column":4},"end":{"line":59,"column":52}},"23":{"start":{"line":61,"column":4},"end":{"line":61,"column":41}},"24":{"start":{"line":63,"column":2},"end":{"line":63,"column":16}},"25":{"start":{"line":72,"column":19},"end":{"line":83,"column":1}},"26":{"start":{"line":74,"column":2},"end":{"line":81,"column":3}},"27":{"start":{"line":75,"column":4},"end":{"line":78,"column":6}},"28":{"start":{"line":80,"column":4},"end":{"line":80,"column":52}},"29":{"start":{"line":82,"column":2},"end":{"line":82,"column":16}},"30":{"start":{"line":90,"column":19},"end":{"line":98,"column":1}},"31":{"start":{"line":92,"column":2},"end":{"line":96,"column":3}},"32":{"start":{"line":93,"column":4},"end":{"line":93,"column":67}},"33":{"start":{"line":95,"column":4},"end":{"line":95,"column":52}},"34":{"start":{"line":97,"column":2},"end":{"line":97,"column":16}},"35":{"start":{"line":101,"column":0},"end":{"line":107,"column":2}}},"fnMap":{"0":{"name":"(anonymous_0)","decl":{"start":{"line":10,"column":24},"end":{"line":10,"column":25}},"loc":{"start":{"line":10,"column":36},"end":{"line":17,"column":1}},"line":10},"1":{"name":"(anonymous_1)","decl":{"start":{"line":24,"column":16},"end":{"line":24,"column":17}},"loc":{"start":{"line":24,"column":35},"end":{"line":34,"column":1}},"line":24},"2":{"name":"(anonymous_2)","decl":{"start":{"line":40,"column":20},"end":{"line":40,"column":21}},"loc":{"start":{"line":40,"column":32},"end":{"line":48,"column":1}},"line":40},"3":{"name":"(anonymous_3)","decl":{"start":{"line":55,"column":23},"end":{"line":55,"column":24}},"loc":{"start":{"line":55,"column":43},"end":{"line":64,"column":1}},"line":55},"4":{"name":"(anonymous_4)","decl":{"start":{"line":72,"column":19},"end":{"line":72,"column":20}},"loc":{"start":{"line":72,"column":47},"end":{"line":83,"column":1}},"line":72},"5":{"name":"(anonymous_5)","decl":{"start":{"line":90,"column":19},"end":{"line":90,"column":20}},"loc":{"start":{"line":90,"column":37},"end":{"line":98,"column":1}},"line":90}},"branchMap":{},"s":{"0":3,"1":3,"2":3,"3":20,"4":20,"5":20,"6":0,"7":3,"8":2,"9":2,"10":2,"11":2,"12":0,"13":2,"14":3,"15":0,"16":0,"17":0,"18":0,"19":3,"20":18,"21":18,"22":18,"23":0,"24":18,"25":3,"26":0,"27":0,"28":0,"29":0,"30":3,"31":0,"32":0,"33":0,"34":0,"35":3},"f":{"0":20,"1":2,"2":0,"3":18,"4":0,"5":0},"b":{},"_coverageSchema":"1a1c01bbd47fc00a2c39e90264f33305004495a9","hash":"cc0869fb6560646c013f946aaa2b6807836353c6"}
,"/Users/alainwelliver/Documents/code-projects/penn-course-projects/sophomore-spring/cis350/Team-8-alain-sem-adam-abhinav-gabe/backend/test/testUtils.js": {"path":"/Users/alainwelliver/Documents/code-projects/penn-course-projects/sophomore-spring/cis350/Team-8-alain-sem-adam-abhinav-gabe/backend/test/testUtils.js","statementMap":{"0":{"start":{"line":17,"column":27},"end":{"line":20,"column":1}},"1":{"start":{"line":18,"column":17},"end":{"line":18,"column":65}},"2":{"start":{"line":19,"column":2},"end":{"line":19,"column":27}},"3":{"start":{"line":28,"column":29},"end":{"line":42,"column":1}},"4":{"start":{"line":29,"column":2},"end":{"line":40,"column":3}},"5":{"start":{"line":30,"column":19},"end":{"line":30,"column":82}},"6":{"start":{"line":31,"column":29},"end":{"line":31,"column":35}},"7":{"start":{"line":32,"column":4},"end":{"line":35,"column":5}},"8":{"start":{"line":33,"column":6},"end":{"line":33,"column":63}},"9":{"start":{"line":34,"column":6},"end":{"line":34,"column":18}},"10":{"start":{"line":36,"column":4},"end":{"line":36,"column":59}},"11":{"start":{"line":38,"column":4},"end":{"line":38,"column":38}},"12":{"start":{"line":39,"column":4},"end":{"line":39,"column":15}},"13":{"start":{"line":41,"column":2},"end":{"line":41,"column":15}},"14":{"start":{"line":49,"column":22},"end":{"line":57,"column":1}},"15":{"start":{"line":50,"column":2},"end":{"line":56,"column":3}},"16":{"start":{"line":51,"column":19},"end":{"line":51,"column":66}},"17":{"start":{"line":52,"column":4},"end":{"line":52,"column":18}},"18":{"start":{"line":54,"column":4},"end":{"line":54,"column":38}},"19":{"start":{"line":55,"column":4},"end":{"line":55,"column":14}},"20":{"start":{"line":60,"column":0},"end":{"line":64,"column":2}}},"fnMap":{"0":{"name":"(anonymous_0)","decl":{"start":{"line":17,"column":27},"end":{"line":17,"column":28}},"loc":{"start":{"line":17,"column":51},"end":{"line":20,"column":1}},"line":17},"1":{"name":"(anonymous_1)","decl":{"start":{"line":28,"column":29},"end":{"line":28,"column":30}},"loc":{"start":{"line":28,"column":53},"end":{"line":42,"column":1}},"line":28},"2":{"name":"(anonymous_2)","decl":{"start":{"line":49,"column":22},"end":{"line":49,"column":23}},"loc":{"start":{"line":49,"column":36},"end":{"line":57,"column":1}},"line":49}},"branchMap":{"0":{"loc":{"start":{"line":32,"column":4},"end":{"line":35,"column":5}},"type":"if","locations":[{"start":{"line":32,"column":4},"end":{"line":35,"column":5}},{"start":{},"end":{}}],"line":32}},"s":{"0":2,"1":0,"2":0,"3":2,"4":3,"5":3,"6":3,"7":3,"8":2,"9":2,"10":1,"11":0,"12":0,"13":1,"14":2,"15":2,"16":2,"17":2,"18":0,"19":0,"20":2},"f":{"0":0,"1":3,"2":2},"b":{"0":[2,1]},"_coverageSchema":"1a1c01bbd47fc00a2c39e90264f33305004495a9","hash":"886d47c6899ae69820296b731b4c9da2addccaa0"}
}
