{"C:\\Users\\semf1\\cis350\\Team-8-alain-sem-adam-abhinav-gabe\\backend\\src\\controller\\server.js": {"path":"C:\\Users\\semf1\\cis350\\Team-8-alain-sem-adam-abhinav-gabe\\backend\\src\\controller\\server.js","statementMap":{"0":{"start":{"line":1,"column":16},"end":{"line":1,"column":34}},"1":{"start":{"line":2,"column":12},"end":{"line":2,"column":35}},"2":{"start":{"line":3,"column":19},"end":{"line":3,"column":41}},"3":{"start":{"line":4,"column":13},"end":{"line":4,"column":28}},"4":{"start":{"line":5,"column":14},"end":{"line":5,"column":39}},"5":{"start":{"line":6,"column":16},"end":{"line":6,"column":52}},"6":{"start":{"line":7,"column":16},"end":{"line":7,"column":41}},"7":{"start":{"line":9,"column":12},"end":{"line":9,"column":21}},"8":{"start":{"line":12,"column":0},"end":{"line":12,"column":27}},"9":{"start":{"line":13,"column":0},"end":{"line":13,"column":16}},"10":{"start":{"line":16,"column":0},"end":{"line":55,"column":3}},"11":{"start":{"line":20,"column":6},"end":{"line":20,"column":14}},"12":{"start":{"line":23,"column":2},"end":{"line":25,"column":3}},"13":{"start":{"line":24,"column":4},"end":{"line":24,"column":105}},"14":{"start":{"line":28,"column":2},"end":{"line":35,"column":3}},"15":{"start":{"line":29,"column":23},"end":{"line":29,"column":59}},"16":{"start":{"line":30,"column":4},"end":{"line":32,"column":5}},"17":{"start":{"line":31,"column":6},"end":{"line":31,"column":72}},"18":{"start":{"line":34,"column":4},"end":{"line":34,"column":61}},"19":{"start":{"line":38,"column":2},"end":{"line":44,"column":3}},"20":{"start":{"line":39,"column":4},"end":{"line":41,"column":7}},"21":{"start":{"line":43,"column":4},"end":{"line":43,"column":61}},"22":{"start":{"line":48,"column":2},"end":{"line":53,"column":3}},"23":{"start":{"line":49,"column":4},"end":{"line":49,"column":47}},"24":{"start":{"line":52,"column":4},"end":{"line":52,"column":88}},"25":{"start":{"line":54,"column":2},"end":{"line":54,"column":82}},"26":{"start":{"line":58,"column":0},"end":{"line":92,"column":3}},"27":{"start":{"line":59,"column":33},"end":{"line":59,"column":41}},"28":{"start":{"line":61,"column":2},"end":{"line":63,"column":3}},"29":{"start":{"line":62,"column":4},"end":{"line":62,"column":83}},"30":{"start":{"line":66,"column":2},"end":{"line":73,"column":3}},"31":{"start":{"line":67,"column":23},"end":{"line":67,"column":59}},"32":{"start":{"line":68,"column":4},"end":{"line":70,"column":5}},"33":{"start":{"line":69,"column":6},"end":{"line":69,"column":93}},"34":{"start":{"line":72,"column":4},"end":{"line":72,"column":61}},"35":{"start":{"line":77,"column":2},"end":{"line":90,"column":3}},"36":{"start":{"line":78,"column":25},"end":{"line":78,"column":61}},"37":{"start":{"line":79,"column":27},"end":{"line":79,"column":48}},"38":{"start":{"line":82,"column":4},"end":{"line":84,"column":5}},"39":{"start":{"line":83,"column":6},"end":{"line":83,"column":68}},"40":{"start":{"line":87,"column":4},"end":{"line":87,"column":47}},"41":{"start":{"line":89,"column":4},"end":{"line":89,"column":61}},"42":{"start":{"line":91,"column":2},"end":{"line":91,"column":81}},"43":{"start":{"line":95,"column":0},"end":{"line":112,"column":3}},"44":{"start":{"line":96,"column":20},"end":{"line":96,"column":28}},"45":{"start":{"line":97,"column":2},"end":{"line":99,"column":3}},"46":{"start":{"line":98,"column":4},"end":{"line":98,"column":70}},"47":{"start":{"line":101,"column":2},"end":{"line":106,"column":3}},"48":{"start":{"line":102,"column":4},"end":{"line":102,"column":51}},"49":{"start":{"line":104,"column":4},"end":{"line":104,"column":48}},"50":{"start":{"line":105,"column":4},"end":{"line":105,"column":68}},"51":{"start":{"line":107,"column":2},"end":{"line":109,"column":3}},"52":{"start":{"line":108,"column":4},"end":{"line":108,"column":71}},"53":{"start":{"line":111,"column":2},"end":{"line":111,"column":73}},"54":{"start":{"line":115,"column":0},"end":{"line":157,"column":3}},"55":{"start":{"line":124,"column":6},"end":{"line":124,"column":14}},"56":{"start":{"line":126,"column":2},"end":{"line":129,"column":3}},"57":{"start":{"line":128,"column":4},"end":{"line":128,"column":70}},"58":{"start":{"line":132,"column":2},"end":{"line":154,"column":3}},"59":{"start":{"line":134,"column":25},"end":{"line":134,"column":56}},"60":{"start":{"line":135,"column":4},"end":{"line":137,"column":5}},"61":{"start":{"line":136,"column":6},"end":{"line":136,"column":73}},"62":{"start":{"line":140,"column":20},"end":{"line":140,"column":54}},"63":{"start":{"line":141,"column":25},"end":{"line":141,"column":32}},"64":{"start":{"line":142,"column":4},"end":{"line":142,"column":35}},"65":{"start":{"line":145,"column":17},"end":{"line":145,"column":53}},"66":{"start":{"line":146,"column":4},"end":{"line":148,"column":5}},"67":{"start":{"line":147,"column":6},"end":{"line":147,"column":63}},"68":{"start":{"line":150,"column":4},"end":{"line":150,"column":97}},"69":{"start":{"line":152,"column":4},"end":{"line":152,"column":47}},"70":{"start":{"line":153,"column":4},"end":{"line":153,"column":68}},"71":{"start":{"line":156,"column":2},"end":{"line":156,"column":99}},"72":{"start":{"line":159,"column":0},"end":{"line":159,"column":21}}},"fnMap":{"0":{"name":"(anonymous_0)","decl":{"start":{"line":16,"column":22},"end":{"line":16,"column":23}},"loc":{"start":{"line":16,"column":42},"end":{"line":55,"column":1}},"line":16},"1":{"name":"(anonymous_1)","decl":{"start":{"line":58,"column":19},"end":{"line":58,"column":20}},"loc":{"start":{"line":58,"column":39},"end":{"line":92,"column":1}},"line":58},"2":{"name":"(anonymous_2)","decl":{"start":{"line":95,"column":20},"end":{"line":95,"column":21}},"loc":{"start":{"line":95,"column":40},"end":{"line":112,"column":1}},"line":95},"3":{"name":"(anonymous_3)","decl":{"start":{"line":115,"column":18},"end":{"line":115,"column":19}},"loc":{"start":{"line":115,"column":38},"end":{"line":157,"column":1}},"line":115}},"branchMap":{"0":{"loc":{"start":{"line":23,"column":2},"end":{"line":25,"column":3}},"type":"if","locations":[{"start":{"line":23,"column":2},"end":{"line":25,"column":3}},{"start":{},"end":{}}],"line":23},"1":{"loc":{"start":{"line":23,"column":6},"end":{"line":23,"column":48}},"type":"binary-expr","locations":[{"start":{"line":23,"column":6},"end":{"line":23,"column":15}},{"start":{"line":23,"column":19},"end":{"line":23,"column":28}},{"start":{"line":23,"column":32},"end":{"line":23,"column":38}},{"start":{"line":23,"column":42},"end":{"line":23,"column":48}}],"line":23},"2":{"loc":{"start":{"line":30,"column":4},"end":{"line":32,"column":5}},"type":"if","locations":[{"start":{"line":30,"column":4},"end":{"line":32,"column":5}},{"start":{},"end":{}}],"line":30},"3":{"loc":{"start":{"line":61,"column":2},"end":{"line":63,"column":3}},"type":"if","locations":[{"start":{"line":61,"column":2},"end":{"line":63,"column":3}},{"start":{},"end":{}}],"line":61},"4":{"loc":{"start":{"line":61,"column":6},"end":{"line":61,"column":28}},"type":"binary-expr","locations":[{"start":{"line":61,"column":6},"end":{"line":61,"column":15}},{"start":{"line":61,"column":19},"end":{"line":61,"column":28}}],"line":61},"5":{"loc":{"start":{"line":68,"column":4},"end":{"line":70,"column":5}},"type":"if","locations":[{"start":{"line":68,"column":4},"end":{"line":70,"column":5}},{"start":{},"end":{}}],"line":68},"6":{"loc":{"start":{"line":82,"column":4},"end":{"line":84,"column":5}},"type":"if","locations":[{"start":{"line":82,"column":4},"end":{"line":84,"column":5}},{"start":{},"end":{}}],"line":82},"7":{"loc":{"start":{"line":97,"column":2},"end":{"line":99,"column":3}},"type":"if","locations":[{"start":{"line":97,"column":2},"end":{"line":99,"column":3}},{"start":{},"end":{}}],"line":97},"8":{"loc":{"start":{"line":107,"column":2},"end":{"line":109,"column":3}},"type":"if","locations":[{"start":{"line":107,"column":2},"end":{"line":109,"column":3}},{"start":{},"end":{}}],"line":107},"9":{"loc":{"start":{"line":126,"column":2},"end":{"line":129,"column":3}},"type":"if","locations":[{"start":{"line":126,"column":2},"end":{"line":129,"column":3}},{"start":{},"end":{}}],"line":126},"10":{"loc":{"start":{"line":126,"column":6},"end":{"line":127,"column":57}},"type":"binary-expr","locations":[{"start":{"line":126,"column":6},"end":{"line":126,"column":12}},{"start":{"line":126,"column":16},"end":{"line":126,"column":22}},{"start":{"line":126,"column":26},"end":{"line":126,"column":38}},{"start":{"line":126,"column":42},"end":{"line":126,"column":49}},{"start":{"line":127,"column":7},"end":{"line":127,"column":31}},{"start":{"line":127,"column":35},"end":{"line":127,"column":48}},{"start":{"line":127,"column":52},"end":{"line":127,"column":57}}],"line":126},"11":{"loc":{"start":{"line":135,"column":4},"end":{"line":137,"column":5}},"type":"if","locations":[{"start":{"line":135,"column":4},"end":{"line":137,"column":5}},{"start":{},"end":{}}],"line":135},"12":{"loc":{"start":{"line":146,"column":4},"end":{"line":148,"column":5}},"type":"if","locations":[{"start":{"line":146,"column":4},"end":{"line":148,"column":5}},{"start":{},"end":{}}],"line":146}},"s":{"0":3,"1":3,"2":3,"3":3,"4":3,"5":3,"6":3,"7":3,"8":3,"9":3,"10":3,"11":5,"12":5,"13":1,"14":4,"15":4,"16":4,"17":1,"18":0,"19":3,"20":3,"21":0,"22":3,"23":3,"24":0,"25":3,"26":3,"27":5,"28":5,"29":1,"30":4,"31":4,"32":4,"33":1,"34":0,"35":3,"36":3,"37":3,"38":3,"39":1,"40":2,"41":0,"42":2,"43":3,"44":0,"45":0,"46":0,"47":0,"48":0,"49":0,"50":0,"51":0,"52":0,"53":0,"54":3,"55":4,"56":4,"57":1,"58":3,"59":3,"60":3,"61":2,"62":1,"63":1,"64":1,"65":1,"66":1,"67":0,"68":1,"69":0,"70":0,"71":1,"72":3},"f":{"0":5,"1":5,"2":0,"3":4},"b":{"0":[1,4],"1":[5,4,4,4],"2":[1,3],"3":[1,4],"4":[5,4],"5":[1,3],"6":[1,2],"7":[0,0],"8":[0,0],"9":[1,3],"10":[4,4,4,4,4,3,3],"11":[2,1],"12":[0,1]},"_coverageSchema":"1a1c01bbd47fc00a2c39e90264f33305004495a9","hash":"bbdd756048e1130add49409b09d5087eb32595ba"}
,"C:\\Users\\semf1\\cis350\\Team-8-alain-sem-adam-abhinav-gabe\\backend\\src\\controller\\controllerUtils\\jwtAuth.js": {"path":"C:\\Users\\semf1\\cis350\\Team-8-alain-sem-adam-abhinav-gabe\\backend\\src\\controller\\controllerUtils\\jwtAuth.js","statementMap":{"0":{"start":{"line":2,"column":12},"end":{"line":2,"column":35}},"1":{"start":{"line":5,"column":0},"end":{"line":5,"column":27}},"2":{"start":{"line":8,"column":27},"end":{"line":8,"column":55}},"3":{"start":{"line":11,"column":21},"end":{"line":11,"column":30}},"4":{"start":{"line":18,"column":25},"end":{"line":22,"column":1}},"5":{"start":{"line":19,"column":16},"end":{"line":19,"column":78}},"6":{"start":{"line":21,"column":2},"end":{"line":21,"column":15}},"7":{"start":{"line":29,"column":19},"end":{"line":56,"column":1}},"8":{"start":{"line":30,"column":2},"end":{"line":55,"column":3}},"9":{"start":{"line":32,"column":4},"end":{"line":34,"column":5}},"10":{"start":{"line":33,"column":6},"end":{"line":33,"column":15}},"11":{"start":{"line":37,"column":20},"end":{"line":37,"column":54}},"12":{"start":{"line":40,"column":17},"end":{"line":40,"column":55}},"13":{"start":{"line":41,"column":4},"end":{"line":44,"column":5}},"14":{"start":{"line":43,"column":6},"end":{"line":43,"column":15}},"15":{"start":{"line":45,"column":4},"end":{"line":45,"column":13}},"16":{"start":{"line":48,"column":4},"end":{"line":51,"column":5}},"17":{"start":{"line":50,"column":6},"end":{"line":50,"column":15}},"18":{"start":{"line":54,"column":4},"end":{"line":54,"column":13}},"19":{"start":{"line":58,"column":21},"end":{"line":58,"column":55}},"20":{"start":{"line":58,"column":32},"end":{"line":58,"column":55}},"21":{"start":{"line":60,"column":0},"end":{"line":60,"column":64}}},"fnMap":{"0":{"name":"(anonymous_0)","decl":{"start":{"line":18,"column":25},"end":{"line":18,"column":26}},"loc":{"start":{"line":18,"column":39},"end":{"line":22,"column":1}},"line":18},"1":{"name":"(anonymous_1)","decl":{"start":{"line":29,"column":19},"end":{"line":29,"column":20}},"loc":{"start":{"line":29,"column":36},"end":{"line":56,"column":1}},"line":29},"2":{"name":"(anonymous_2)","decl":{"start":{"line":58,"column":21},"end":{"line":58,"column":22}},"loc":{"start":{"line":58,"column":32},"end":{"line":58,"column":55}},"line":58}},"branchMap":{"0":{"loc":{"start":{"line":32,"column":4},"end":{"line":34,"column":5}},"type":"if","locations":[{"start":{"line":32,"column":4},"end":{"line":34,"column":5}},{"start":{},"end":{}}],"line":32},"1":{"loc":{"start":{"line":41,"column":4},"end":{"line":44,"column":5}},"type":"if","locations":[{"start":{"line":41,"column":4},"end":{"line":44,"column":5}},{"start":{},"end":{}}],"line":41},"2":{"loc":{"start":{"line":48,"column":4},"end":{"line":51,"column":5}},"type":"if","locations":[{"start":{"line":48,"column":4},"end":{"line":51,"column":5}},{"start":{},"end":{}}],"line":48}},"s":{"0":3,"1":3,"2":3,"3":3,"4":3,"5":5,"6":5,"7":3,"8":3,"9":3,"10":0,"11":3,"12":2,"13":2,"14":1,"15":1,"16":1,"17":0,"18":1,"19":3,"20":0,"21":3},"f":{"0":5,"1":3,"2":0},"b":{"0":[0,3],"1":[1,1],"2":[0,1]},"_coverageSchema":"1a1c01bbd47fc00a2c39e90264f33305004495a9","hash":"f1eff13fe190ad3cf7fe1343b1a37ca40db5619e"}
,"C:\\Users\\semf1\\cis350\\Team-8-alain-sem-adam-abhinav-gabe\\backend\\src\\model\\dbUtils.js": {"path":"C:\\Users\\semf1\\cis350\\Team-8-alain-sem-adam-abhinav-gabe\\backend\\src\\model\\dbUtils.js","statementMap":{"0":{"start":{"line":1,"column":0},"end":{"line":1,"column":27}},"1":{"start":{"line":4,"column":24},"end":{"line":4,"column":42}},"2":{"start":{"line":7,"column":14},"end":{"line":7,"column":32}},"3":{"start":{"line":14,"column":16},"end":{"line":24,"column":1}},"4":{"start":{"line":16,"column":2},"end":{"line":22,"column":3}},"5":{"start":{"line":17,"column":4},"end":{"line":17,"column":36}},"6":{"start":{"line":18,"column":4},"end":{"line":18,"column":36}},"7":{"start":{"line":19,"column":4},"end":{"line":19,"column":44}},"8":{"start":{"line":21,"column":4},"end":{"line":21,"column":29}},"9":{"start":{"line":23,"column":2},"end":{"line":23,"column":16}},"10":{"start":{"line":29,"column":14},"end":{"line":35,"column":1}},"11":{"start":{"line":31,"column":2},"end":{"line":33,"column":3}},"12":{"start":{"line":32,"column":4},"end":{"line":32,"column":20}},"13":{"start":{"line":34,"column":2},"end":{"line":34,"column":18}},"14":{"start":{"line":41,"column":31},"end":{"line":43,"column":1}},"15":{"start":{"line":42,"column":2},"end":{"line":42,"column":23}},"16":{"start":{"line":46,"column":0},"end":{"line":50,"column":2}}},"fnMap":{"0":{"name":"(anonymous_0)","decl":{"start":{"line":14,"column":16},"end":{"line":14,"column":17}},"loc":{"start":{"line":14,"column":28},"end":{"line":24,"column":1}},"line":14},"1":{"name":"(anonymous_1)","decl":{"start":{"line":29,"column":14},"end":{"line":29,"column":15}},"loc":{"start":{"line":29,"column":26},"end":{"line":35,"column":1}},"line":29},"2":{"name":"(anonymous_2)","decl":{"start":{"line":41,"column":31},"end":{"line":41,"column":32}},"loc":{"start":{"line":41,"column":43},"end":{"line":43,"column":1}},"line":41}},"branchMap":{"0":{"loc":{"start":{"line":31,"column":2},"end":{"line":33,"column":3}},"type":"if","locations":[{"start":{"line":31,"column":2},"end":{"line":33,"column":3}},{"start":{},"end":{}}],"line":31}},"s":{"0":3,"1":3,"2":3,"3":3,"4":3,"5":3,"6":3,"7":3,"8":0,"9":3,"10":3,"11":21,"12":3,"13":21,"14":3,"15":3,"16":3},"f":{"0":3,"1":21,"2":3},"b":{"0":[3,18]},"_coverageSchema":"1a1c01bbd47fc00a2c39e90264f33305004495a9","hash":"68aaafbae0b2b18aff46e77d1999d2269f93ef4a"}
,"C:\\Users\\semf1\\cis350\\Team-8-alain-sem-adam-abhinav-gabe\\backend\\src\\model\\posts.js": {"path":"C:\\Users\\semf1\\cis350\\Team-8-alain-sem-adam-abhinav-gabe\\backend\\src\\model\\posts.js","statementMap":{"0":{"start":{"line":1,"column":16},"end":{"line":1,"column":36}},"1":{"start":{"line":3,"column":16},"end":{"line":20,"column":1}},"2":{"start":{"line":5,"column":13},"end":{"line":5,"column":34}},"3":{"start":{"line":6,"column":26},"end":{"line":6,"column":47}},"4":{"start":{"line":7,"column":18},"end":{"line":16,"column":3}},"5":{"start":{"line":18,"column":17},"end":{"line":18,"column":57}},"6":{"start":{"line":19,"column":2},"end":{"line":19,"column":16}},"7":{"start":{"line":22,"column":0},"end":{"line":22,"column":25}}},"fnMap":{"0":{"name":"(anonymous_0)","decl":{"start":{"line":3,"column":16},"end":{"line":3,"column":17}},"loc":{"start":{"line":3,"column":96},"end":{"line":20,"column":1}},"line":3}},"branchMap":{},"s":{"0":3,"1":3,"2":1,"3":1,"4":1,"5":1,"6":1,"7":3},"f":{"0":1},"b":{},"_coverageSchema":"1a1c01bbd47fc00a2c39e90264f33305004495a9","hash":"b6cbfa6d53c11cd23b7427b7990f08e6958a826f"}
,"C:\\Users\\semf1\\cis350\\Team-8-alain-sem-adam-abhinav-gabe\\backend\\src\\model\\users.js": {"path":"C:\\Users\\semf1\\cis350\\Team-8-alain-sem-adam-abhinav-gabe\\backend\\src\\model\\users.js","statementMap":{"0":{"start":{"line":1,"column":21},"end":{"line":1,"column":39}},"1":{"start":{"line":2,"column":16},"end":{"line":2,"column":36}},"2":{"start":{"line":10,"column":24},"end":{"line":17,"column":1}},"3":{"start":{"line":11,"column":2},"end":{"line":16,"column":3}},"4":{"start":{"line":12,"column":4},"end":{"line":12,"column":37}},"5":{"start":{"line":13,"column":4},"end":{"line":13,"column":52}},"6":{"start":{"line":15,"column":4},"end":{"line":15,"column":41}},"7":{"start":{"line":24,"column":16},"end":{"line":34,"column":1}},"8":{"start":{"line":26,"column":2},"end":{"line":32,"column":3}},"9":{"start":{"line":27,"column":4},"end":{"line":27,"column":28}},"10":{"start":{"line":28,"column":4},"end":{"line":28,"column":49}},"11":{"start":{"line":29,"column":4},"end":{"line":29,"column":66}},"12":{"start":{"line":31,"column":4},"end":{"line":31,"column":49}},"13":{"start":{"line":33,"column":2},"end":{"line":33,"column":27}},"14":{"start":{"line":40,"column":20},"end":{"line":48,"column":1}},"15":{"start":{"line":42,"column":2},"end":{"line":46,"column":3}},"16":{"start":{"line":43,"column":4},"end":{"line":43,"column":49}},"17":{"start":{"line":45,"column":4},"end":{"line":45,"column":41}},"18":{"start":{"line":47,"column":2},"end":{"line":47,"column":16}},"19":{"start":{"line":55,"column":23},"end":{"line":64,"column":1}},"20":{"start":{"line":57,"column":2},"end":{"line":62,"column":3}},"21":{"start":{"line":58,"column":4},"end":{"line":58,"column":28}},"22":{"start":{"line":59,"column":4},"end":{"line":59,"column":52}},"23":{"start":{"line":61,"column":4},"end":{"line":61,"column":41}},"24":{"start":{"line":63,"column":2},"end":{"line":63,"column":16}},"25":{"start":{"line":72,"column":19},"end":{"line":83,"column":1}},"26":{"start":{"line":74,"column":2},"end":{"line":81,"column":3}},"27":{"start":{"line":75,"column":4},"end":{"line":78,"column":6}},"28":{"start":{"line":80,"column":4},"end":{"line":80,"column":52}},"29":{"start":{"line":82,"column":2},"end":{"line":82,"column":16}},"30":{"start":{"line":90,"column":19},"end":{"line":98,"column":1}},"31":{"start":{"line":92,"column":2},"end":{"line":96,"column":3}},"32":{"start":{"line":93,"column":4},"end":{"line":93,"column":67}},"33":{"start":{"line":95,"column":4},"end":{"line":95,"column":52}},"34":{"start":{"line":97,"column":2},"end":{"line":97,"column":16}},"35":{"start":{"line":101,"column":0},"end":{"line":107,"column":2}}},"fnMap":{"0":{"name":"(anonymous_0)","decl":{"start":{"line":10,"column":24},"end":{"line":10,"column":25}},"loc":{"start":{"line":10,"column":36},"end":{"line":17,"column":1}},"line":10},"1":{"name":"(anonymous_1)","decl":{"start":{"line":24,"column":16},"end":{"line":24,"column":17}},"loc":{"start":{"line":24,"column":35},"end":{"line":34,"column":1}},"line":24},"2":{"name":"(anonymous_2)","decl":{"start":{"line":40,"column":20},"end":{"line":40,"column":21}},"loc":{"start":{"line":40,"column":32},"end":{"line":48,"column":1}},"line":40},"3":{"name":"(anonymous_3)","decl":{"start":{"line":55,"column":23},"end":{"line":55,"column":24}},"loc":{"start":{"line":55,"column":43},"end":{"line":64,"column":1}},"line":55},"4":{"name":"(anonymous_4)","decl":{"start":{"line":72,"column":19},"end":{"line":72,"column":20}},"loc":{"start":{"line":72,"column":47},"end":{"line":83,"column":1}},"line":72},"5":{"name":"(anonymous_5)","decl":{"start":{"line":90,"column":19},"end":{"line":90,"column":20}},"loc":{"start":{"line":90,"column":37},"end":{"line":98,"column":1}},"line":90}},"branchMap":{},"s":{"0":3,"1":3,"2":3,"3":17,"4":17,"5":17,"6":0,"7":3,"8":3,"9":3,"10":3,"11":3,"12":0,"13":3,"14":3,"15":0,"16":0,"17":0,"18":0,"19":3,"20":14,"21":14,"22":14,"23":0,"24":14,"25":3,"26":0,"27":0,"28":0,"29":0,"30":3,"31":0,"32":0,"33":0,"34":0,"35":3},"f":{"0":17,"1":3,"2":0,"3":14,"4":0,"5":0},"b":{},"_coverageSchema":"1a1c01bbd47fc00a2c39e90264f33305004495a9","hash":"f2dd8b70ec61b5d13489f280a65bd7e27b1023c3"}
,"C:\\Users\\semf1\\cis350\\Team-8-alain-sem-adam-abhinav-gabe\\backend\\test\\testUtils.js": {"path":"C:\\Users\\semf1\\cis350\\Team-8-alain-sem-adam-abhinav-gabe\\backend\\test\\testUtils.js","statementMap":{"0":{"start":{"line":17,"column":27},"end":{"line":20,"column":1}},"1":{"start":{"line":18,"column":17},"end":{"line":18,"column":65}},"2":{"start":{"line":19,"column":2},"end":{"line":19,"column":27}},"3":{"start":{"line":28,"column":29},"end":{"line":42,"column":1}},"4":{"start":{"line":29,"column":2},"end":{"line":40,"column":3}},"5":{"start":{"line":30,"column":19},"end":{"line":30,"column":82}},"6":{"start":{"line":31,"column":29},"end":{"line":31,"column":35}},"7":{"start":{"line":32,"column":4},"end":{"line":35,"column":5}},"8":{"start":{"line":33,"column":6},"end":{"line":33,"column":63}},"9":{"start":{"line":34,"column":6},"end":{"line":34,"column":18}},"10":{"start":{"line":36,"column":4},"end":{"line":36,"column":59}},"11":{"start":{"line":38,"column":4},"end":{"line":38,"column":38}},"12":{"start":{"line":39,"column":4},"end":{"line":39,"column":15}},"13":{"start":{"line":41,"column":2},"end":{"line":41,"column":15}},"14":{"start":{"line":44,"column":29},"end":{"line":61,"column":1}},"15":{"start":{"line":45,"column":2},"end":{"line":59,"column":3}},"16":{"start":{"line":46,"column":19},"end":{"line":46,"column":78}},"17":{"start":{"line":47,"column":29},"end":{"line":47,"column":35}},"18":{"start":{"line":48,"column":4},"end":{"line":55,"column":5}},"19":{"start":{"line":49,"column":6},"end":{"line":49,"column":60}},"20":{"start":{"line":50,"column":6},"end":{"line":50,"column":18}},"21":{"start":{"line":51,"column":11},"end":{"line":55,"column":5}},"22":{"start":{"line":52,"column":6},"end":{"line":52,"column":75}},"23":{"start":{"line":54,"column":6},"end":{"line":54,"column":84}},"24":{"start":{"line":57,"column":4},"end":{"line":57,"column":38}},"25":{"start":{"line":58,"column":4},"end":{"line":58,"column":15}},"26":{"start":{"line":60,"column":2},"end":{"line":60,"column":15}},"27":{"start":{"line":68,"column":22},"end":{"line":76,"column":1}},"28":{"start":{"line":69,"column":2},"end":{"line":75,"column":3}},"29":{"start":{"line":70,"column":19},"end":{"line":70,"column":66}},"30":{"start":{"line":71,"column":4},"end":{"line":71,"column":18}},"31":{"start":{"line":73,"column":4},"end":{"line":73,"column":38}},"32":{"start":{"line":74,"column":4},"end":{"line":74,"column":14}},"33":{"start":{"line":79,"column":0},"end":{"line":84,"column":2}}},"fnMap":{"0":{"name":"(anonymous_0)","decl":{"start":{"line":17,"column":27},"end":{"line":17,"column":28}},"loc":{"start":{"line":17,"column":51},"end":{"line":20,"column":1}},"line":17},"1":{"name":"(anonymous_1)","decl":{"start":{"line":28,"column":29},"end":{"line":28,"column":30}},"loc":{"start":{"line":28,"column":53},"end":{"line":42,"column":1}},"line":28},"2":{"name":"(anonymous_2)","decl":{"start":{"line":44,"column":29},"end":{"line":44,"column":30}},"loc":{"start":{"line":44,"column":55},"end":{"line":61,"column":1}},"line":44},"3":{"name":"(anonymous_3)","decl":{"start":{"line":68,"column":22},"end":{"line":68,"column":23}},"loc":{"start":{"line":68,"column":36},"end":{"line":76,"column":1}},"line":68}},"branchMap":{"0":{"loc":{"start":{"line":32,"column":4},"end":{"line":35,"column":5}},"type":"if","locations":[{"start":{"line":32,"column":4},"end":{"line":35,"column":5}},{"start":{},"end":{}}],"line":32},"1":{"loc":{"start":{"line":48,"column":4},"end":{"line":55,"column":5}},"type":"if","locations":[{"start":{"line":48,"column":4},"end":{"line":55,"column":5}},{"start":{"line":51,"column":11},"end":{"line":55,"column":5}}],"line":48},"2":{"loc":{"start":{"line":51,"column":11},"end":{"line":55,"column":5}},"type":"if","locations":[{"start":{"line":51,"column":11},"end":{"line":55,"column":5}},{"start":{"line":53,"column":11},"end":{"line":55,"column":5}}],"line":51}},"s":{"0":3,"1":0,"2":0,"3":3,"4":4,"5":4,"6":4,"7":4,"8":1,"9":1,"10":3,"11":0,"12":0,"13":3,"14":3,"15":1,"16":1,"17":1,"18":1,"19":0,"20":0,"21":1,"22":1,"23":0,"24":0,"25":0,"26":1,"27":3,"28":2,"29":2,"30":2,"31":0,"32":0,"33":3},"f":{"0":0,"1":4,"2":1,"3":2},"b":{"0":[1,3],"1":[0,1],"2":[1,0]},"_coverageSchema":"1a1c01bbd47fc00a2c39e90264f33305004495a9","hash":"4e7dfef2725d77640bf8f36712e5ec5417bfdecb"}
}
