TN:
SF:src\controller\server.js
FN:16,(anonymous_0)
FN:58,(anonymous_1)
FN:95,(anonymous_2)
FN:115,(anonymous_3)
FNF:4
FNH:3
FNDA:5,(anonymous_0)
FNDA:5,(anonymous_1)
FNDA:0,(anonymous_2)
FNDA:5,(anonymous_3)
DA:1,4
DA:2,4
DA:3,4
DA:4,4
DA:5,4
DA:6,4
DA:7,4
DA:9,4
DA:12,4
DA:13,4
DA:16,4
DA:20,5
DA:23,5
DA:24,1
DA:28,4
DA:29,4
DA:30,4
DA:31,2
DA:34,0
DA:38,2
DA:39,2
DA:43,0
DA:48,2
DA:49,2
DA:52,0
DA:54,2
DA:58,4
DA:59,5
DA:61,5
DA:62,1
DA:66,4
DA:67,4
DA:68,4
DA:69,1
DA:72,0
DA:77,3
DA:78,3
DA:79,3
DA:82,3
DA:83,1
DA:87,2
DA:89,0
DA:91,2
DA:95,4
DA:96,0
DA:97,0
DA:98,0
DA:101,0
DA:102,0
DA:104,0
DA:105,0
DA:107,0
DA:108,0
DA:111,0
DA:115,4
DA:124,5
DA:126,5
DA:128,1
DA:132,4
DA:134,4
DA:135,4
DA:136,2
DA:140,2
DA:141,2
DA:142,2
DA:145,2
DA:146,2
DA:147,0
DA:150,2
DA:152,0
DA:153,0
DA:156,2
DA:159,4
LF:73
LH:55
BRDA:23,0,0,1
BRDA:23,0,1,4
BRDA:23,1,0,5
BRDA:23,1,1,4
BRDA:23,1,2,4
BRDA:23,1,3,4
BRDA:30,2,0,2
BRDA:30,2,1,2
BRDA:61,3,0,1
BRDA:61,3,1,4
BRDA:61,4,0,5
BRDA:61,4,1,4
BRDA:68,5,0,1
BRDA:68,5,1,3
BRDA:82,6,0,1
BRDA:82,6,1,2
BRDA:97,7,0,0
BRDA:97,7,1,0
BRDA:107,8,0,0
BRDA:107,8,1,0
BRDA:126,9,0,1
BRDA:126,9,1,4
BRDA:126,10,0,5
BRDA:126,10,1,5
BRDA:126,10,2,5
BRDA:126,10,3,5
BRDA:126,10,4,5
BRDA:126,10,5,4
BRDA:126,10,6,4
BRDA:135,11,0,2
BRDA:135,11,1,2
BRDA:146,12,0,0
BRDA:146,12,1,2
BRF:33
BRH:28
end_of_record
TN:
SF:src\controller\controllerUtils\jwtAuth.js
FN:18,(anonymous_0)
FN:29,(anonymous_1)
FN:58,(anonymous_2)
FNF:3
FNH:2
FNDA:4,(anonymous_0)
FNDA:4,(anonymous_1)
FNDA:0,(anonymous_2)
DA:2,4
DA:5,4
DA:8,4
DA:11,4
DA:18,4
DA:19,4
DA:21,4
DA:29,4
DA:30,4
DA:32,4
DA:33,0
DA:37,4
DA:40,3
DA:41,3
DA:43,1
DA:45,2
DA:48,1
DA:50,0
DA:54,1
DA:58,4
DA:60,4
LF:21
LH:19
BRDA:32,0,0,0
BRDA:32,0,1,4
BRDA:41,1,0,1
BRDA:41,1,1,2
BRDA:48,2,0,0
BRDA:48,2,1,1
BRF:6
BRH:4
end_of_record
TN:
SF:src\model\dbUtils.js
FN:14,(anonymous_0)
FN:29,(anonymous_1)
FN:41,(anonymous_2)
FNF:3
FNH:3
FNDA:4,(anonymous_0)
FNDA:24,(anonymous_1)
FNDA:4,(anonymous_2)
DA:1,4
DA:4,4
DA:7,4
DA:14,4
DA:16,4
DA:17,4
DA:18,4
DA:19,4
DA:21,0
DA:23,4
DA:29,4
DA:31,24
DA:32,4
DA:34,24
DA:41,4
DA:42,4
DA:46,4
LF:17
LH:16
BRDA:31,0,0,4
BRDA:31,0,1,20
BRF:2
BRH:2
end_of_record
TN:
SF:src\model\posts.js
FN:3,(anonymous_0)
FNF:1
FNH:1
FNDA:2,(anonymous_0)
DA:1,4
DA:3,4
DA:5,2
DA:6,2
DA:7,2
DA:18,2
DA:19,2
DA:22,4
LF:8
LH:8
BRF:0
BRH:0
end_of_record
TN:
SF:src\model\users.js
FN:10,(anonymous_0)
FN:24,(anonymous_1)
FN:40,(anonymous_2)
FN:55,(anonymous_3)
FN:72,(anonymous_4)
FN:90,(anonymous_5)
FNF:6
FNH:3
FNDA:18,(anonymous_0)
FNDA:2,(anonymous_1)
FNDA:0,(anonymous_2)
FNDA:16,(anonymous_3)
FNDA:0,(anonymous_4)
FNDA:0,(anonymous_5)
DA:1,4
DA:2,4
DA:10,4
DA:11,18
DA:12,18
DA:13,18
DA:15,0
DA:24,4
DA:26,2
DA:27,2
DA:28,2
DA:29,2
DA:31,0
DA:33,2
DA:40,4
DA:42,0
DA:43,0
DA:45,0
DA:47,0
DA:55,4
DA:57,16
DA:58,16
DA:59,16
DA:61,0
DA:63,16
DA:72,4
DA:74,0
DA:75,0
DA:80,0
DA:82,0
DA:90,4
DA:92,0
DA:93,0
DA:95,0
DA:97,0
DA:101,4
LF:36
LH:21
BRF:0
BRH:0
end_of_record
TN:
SF:test\testUtils.js
FN:17,(anonymous_0)
FN:28,(anonymous_1)
FN:44,(anonymous_2)
FN:68,(anonymous_3)
FN:78,(anonymous_4)
FNF:5
FNH:5
FNDA:1,(anonymous_0)
FNDA:4,(anonymous_1)
FNDA:2,(anonymous_2)
FNDA:2,(anonymous_3)
FNDA:1,(anonymous_4)
DA:17,4
DA:18,1
DA:19,1
DA:28,4
DA:29,4
DA:30,4
DA:31,4
DA:32,4
DA:33,2
DA:34,2
DA:36,2
DA:38,0
DA:39,0
DA:41,2
DA:44,4
DA:45,2
DA:46,2
DA:47,2
DA:48,2
DA:49,0
DA:50,0
DA:51,2
DA:52,2
DA:54,0
DA:57,0
DA:58,0
DA:60,2
DA:68,4
DA:69,2
DA:70,2
DA:71,2
DA:73,0
DA:74,0
DA:78,4
DA:79,1
DA:80,1
DA:81,1
DA:83,0
DA:84,0
DA:90,4
LF:40
LH:29
BRDA:32,0,0,2
BRDA:32,0,1,2
BRDA:48,1,0,0
BRDA:48,1,1,2
BRDA:51,2,0,2
BRDA:51,2,1,0
BRF:6
BRH:4
end_of_record
