TN:
SF:src/controller/server.js
FN:16,(anonymous_0)
FN:58,(anonymous_1)
FN:95,(anonymous_2)
FN:115,(anonymous_3)
FN:140,(anonymous_4)
FNF:5
FNH:5
FNDA:5,(anonymous_0)
FNDA:6,(anonymous_1)
FNDA:3,(anonymous_2)
FNDA:3,(anonymous_3)
FNDA:4,(anonymous_4)
DA:1,3
DA:2,3
DA:3,3
DA:4,3
DA:5,3
DA:6,3
DA:7,3
DA:9,3
DA:12,3
DA:13,3
DA:16,3
DA:20,5
DA:23,5
DA:24,1
DA:28,4
DA:29,4
DA:30,4
DA:31,2
DA:34,0
DA:38,2
DA:39,2
DA:43,0
DA:48,2
DA:49,2
DA:52,0
DA:54,2
DA:58,3
DA:59,6
DA:61,6
DA:62,1
DA:66,5
DA:67,5
DA:68,5
DA:69,1
DA:72,0
DA:77,4
DA:78,4
DA:79,4
DA:82,4
DA:83,1
DA:87,3
DA:89,0
DA:91,3
DA:95,3
DA:96,3
DA:97,3
DA:98,1
DA:101,2
DA:102,2
DA:104,0
DA:105,0
DA:107,2
DA:108,1
DA:111,1
DA:115,3
DA:117,3
DA:118,3
DA:119,3
DA:120,1
DA:123,2
DA:124,2
DA:125,2
DA:126,0
DA:128,2
DA:129,1
DA:132,1
DA:134,0
DA:136,1
DA:140,3
DA:149,4
DA:151,4
DA:153,1
DA:157,3
DA:159,3
DA:160,3
DA:161,2
DA:165,1
DA:166,1
DA:167,1
DA:170,1
DA:171,1
DA:172,0
DA:175,1
DA:177,0
DA:178,0
DA:181,1
DA:184,3
LF:87
LH:75
BRDA:23,0,0,1
BRDA:23,0,1,4
BRDA:23,1,0,5
BRDA:23,1,1,4
BRDA:23,1,2,4
BRDA:23,1,3,4
BRDA:30,2,0,2
BRDA:30,2,1,2
BRDA:61,3,0,1
BRDA:61,3,1,5
BRDA:61,4,0,6
BRDA:61,4,1,5
BRDA:68,5,0,1
BRDA:68,5,1,4
BRDA:82,6,0,1
BRDA:82,6,1,3
BRDA:97,7,0,1
BRDA:97,7,1,2
BRDA:107,8,0,1
BRDA:107,8,1,1
BRDA:119,9,0,1
BRDA:119,9,1,2
BRDA:125,10,0,0
BRDA:125,10,1,2
BRDA:128,11,0,1
BRDA:128,11,1,1
BRDA:128,12,0,2
BRDA:128,12,1,2
BRDA:151,13,0,1
BRDA:151,13,1,3
BRDA:151,14,0,4
BRDA:151,14,1,4
BRDA:151,14,2,4
BRDA:151,14,3,4
BRDA:151,14,4,4
BRDA:151,14,5,3
BRDA:151,14,6,3
BRDA:160,15,0,2
BRDA:160,15,1,1
BRDA:171,16,0,0
BRDA:171,16,1,1
BRF:41
BRH:39
end_of_record
TN:
SF:src/controller/controllerUtils/jwtAuth.js
FN:18,(anonymous_0)
FN:29,(anonymous_1)
FN:58,(anonymous_2)
FNF:3
FNH:3
FNDA:5,(anonymous_0)
FNDA:7,(anonymous_1)
FNDA:1,(anonymous_2)
DA:2,3
DA:5,3
DA:8,3
DA:11,3
DA:18,3
DA:19,5
DA:21,5
DA:29,3
DA:30,7
DA:32,7
DA:33,0
DA:37,7
DA:40,4
DA:41,4
DA:43,1
DA:45,3
DA:48,3
DA:50,0
DA:54,3
DA:58,3
DA:60,3
LF:21
LH:19
BRDA:32,0,0,0
BRDA:32,0,1,7
BRDA:41,1,0,1
BRDA:41,1,1,3
BRDA:48,2,0,0
BRDA:48,2,1,3
BRF:6
BRH:4
end_of_record
TN:
SF:src/model/dbUtils.js
FN:14,(anonymous_0)
FN:29,(anonymous_1)
FN:41,(anonymous_2)
FNF:3
FNH:3
FNDA:3,(anonymous_0)
FNDA:24,(anonymous_1)
FNDA:3,(anonymous_2)
DA:1,3
DA:4,3
DA:7,3
DA:14,3
DA:16,3
DA:17,3
DA:18,3
DA:19,3
DA:21,0
DA:23,3
DA:29,3
DA:31,24
DA:32,3
DA:34,24
DA:41,3
DA:42,3
DA:46,3
LF:17
LH:16
BRDA:31,0,0,3
BRDA:31,0,1,21
BRF:2
BRH:2
end_of_record
TN:
SF:src/model/posts.js
FN:3,(anonymous_0)
FNF:1
FNH:1
FNDA:1,(anonymous_0)
DA:1,3
DA:3,3
DA:5,1
DA:6,1
DA:7,1
DA:18,1
DA:19,1
DA:22,3
LF:8
LH:8
BRF:0
BRH:0
end_of_record
TN:
SF:src/model/users.js
FN:10,(anonymous_0)
FN:24,(anonymous_1)
FN:40,(anonymous_2)
FN:55,(anonymous_3)
FN:72,(anonymous_4)
FN:90,(anonymous_5)
FNF:6
FNH:3
FNDA:20,(anonymous_0)
FNDA:2,(anonymous_1)
FNDA:0,(anonymous_2)
FNDA:18,(anonymous_3)
FNDA:0,(anonymous_4)
FNDA:0,(anonymous_5)
DA:1,3
DA:2,3
DA:10,3
DA:11,20
DA:12,20
DA:13,20
DA:15,0
DA:24,3
DA:26,2
DA:27,2
DA:28,2
DA:29,2
DA:31,0
DA:33,2
DA:40,3
DA:42,0
DA:43,0
DA:45,0
DA:47,0
DA:55,3
DA:57,18
DA:58,18
DA:59,18
DA:61,0
DA:63,18
DA:72,3
DA:74,0
DA:75,0
DA:80,0
DA:82,0
DA:90,3
DA:92,0
DA:93,0
DA:95,0
DA:97,0
DA:101,3
LF:36
LH:21
BRF:0
BRH:0
end_of_record
TN:
SF:test/testUtils.js
FN:17,(anonymous_0)
FN:28,(anonymous_1)
FN:49,(anonymous_2)
FNF:3
FNH:2
FNDA:0,(anonymous_0)
FNDA:3,(anonymous_1)
FNDA:2,(anonymous_2)
DA:17,2
DA:18,0
DA:19,0
DA:28,2
DA:29,3
DA:30,3
DA:31,3
DA:32,3
DA:33,2
DA:34,2
DA:36,1
DA:38,0
DA:39,0
DA:41,1
DA:49,2
DA:50,2
DA:51,2
DA:52,2
DA:54,0
DA:55,0
DA:60,2
LF:21
LH:15
BRDA:32,0,0,2
BRDA:32,0,1,1
BRF:2
BRH:2
end_of_record
