<?xml version="1.0" encoding="UTF-8"?>
<coverage generated="1711761255315" clover="3.2.0">
  <project timestamp="1711761255316" name="All files">
    <metrics statements="38" coveredstatements="22" conditionals="16" coveredconditionals="4" methods="4" coveredmethods="2" elements="58" coveredelements="28" complexity="0" loc="38" ncloc="38" packages="1" files="1" classes="1"/>
    <file name="server.js" path="C:\Users\Owmer\Documents\GitHub\Team-8-alain-sem-adam-abhinav-gabe\back-end\controllers\server.js">
      <metrics statements="38" coveredstatements="22" conditionals="16" coveredconditionals="4" methods="4" coveredmethods="2"/>
      <line num="1" count="1" type="stmt"/>
      <line num="2" count="1" type="stmt"/>
      <line num="3" count="1" type="stmt"/>
      <line num="5" count="1" type="stmt"/>
      <line num="6" count="1" type="stmt"/>
      <line num="9" count="1" type="stmt"/>
      <line num="11" count="1" type="stmt"/>
      <line num="12" count="1" type="stmt"/>
      <line num="13" count="1" type="stmt"/>
      <line num="16" count="1" type="stmt"/>
      <line num="17" count="1" type="stmt"/>
      <line num="18" count="1" type="stmt"/>
      <line num="24" count="1" type="stmt"/>
      <line num="26" count="0" type="cond" truecount="0" falsecount="2"/>
      <line num="27" count="0" type="cond" truecount="0" falsecount="2"/>
      <line num="32" count="1" type="stmt"/>
      <line num="33" count="1" type="stmt"/>
      <line num="36" count="1" type="stmt"/>
      <line num="43" count="1" type="stmt"/>
      <line num="45" count="1" type="cond" truecount="3" falsecount="1"/>
      <line num="47" count="1" type="stmt"/>
      <line num="51" count="0" type="stmt"/>
      <line num="58" count="0" type="stmt"/>
      <line num="60" count="0" type="cond" truecount="0" falsecount="2"/>
      <line num="61" count="0" type="stmt"/>
      <line num="63" count="0" type="stmt"/>
      <line num="69" count="1" type="stmt"/>
      <line num="70" count="0" type="stmt"/>
      <line num="72" count="0" type="stmt"/>
      <line num="79" count="0" type="stmt"/>
      <line num="81" count="0" type="cond" truecount="0" falsecount="4"/>
      <line num="83" count="0" type="stmt"/>
      <line num="85" count="0" type="stmt"/>
      <line num="92" count="1" type="cond" truecount="1" falsecount="1"/>
      <line num="94" count="0" type="stmt"/>
      <line num="95" count="0" type="stmt"/>
      <line num="96" count="0" type="stmt"/>
      <line num="100" count="1" type="stmt"/>
    </file>
  </project>
</coverage>
