{"C:\\Users\\Owmer\\Documents\\GitHub\\Team-8-alain-sem-adam-abhinav-gabe\\back-end\\controllers\\server.js": {"path":"C:\\Users\\Owmer\\Documents\\GitHub\\Team-8-alain-sem-adam-abhinav-gabe\\back-end\\controllers\\server.js","statementMap":{"0":{"start":{"line":1,"column":16},"end":{"line":1,"column":34}},"1":{"start":{"line":2,"column":19},"end":{"line":2,"column":41}},"2":{"start":{"line":3,"column":14},"end":{"line":3,"column":30}},"3":{"start":{"line":5,"column":12},"end":{"line":5,"column":21}},"4":{"start":{"line":6,"column":13},"end":{"line":6,"column":17}},"5":{"start":{"line":9,"column":0},"end":{"line":9,"column":27}},"6":{"start":{"line":11,"column":19},"end":{"line":11,"column":81}},"7":{"start":{"line":12,"column":15},"end":{"line":12,"column":81}},"8":{"start":{"line":13,"column":19},"end":{"line":13,"column":29}},"9":{"start":{"line":16,"column":23},"end":{"line":29,"column":1}},"10":{"start":{"line":17,"column":2},"end":{"line":28,"column":3}},"11":{"start":{"line":18,"column":21},"end":{"line":23,"column":6}},"12":{"start":{"line":24,"column":4},"end":{"line":24,"column":35}},"13":{"start":{"line":26,"column":4},"end":{"line":26,"column":92}},"14":{"start":{"line":27,"column":4},"end":{"line":27,"column":76}},"15":{"start":{"line":32,"column":0},"end":{"line":65,"column":3}},"16":{"start":{"line":33,"column":49},"end":{"line":33,"column":57}},"17":{"start":{"line":36,"column":28},"end":{"line":41,"column":5}},"18":{"start":{"line":43,"column":28},"end":{"line":43,"column":76}},"19":{"start":{"line":45,"column":4},"end":{"line":48,"column":5}},"20":{"start":{"line":47,"column":8},"end":{"line":47,"column":76}},"21":{"start":{"line":51,"column":19},"end":{"line":56,"column":5}},"22":{"start":{"line":58,"column":37},"end":{"line":58,"column":78}},"23":{"start":{"line":60,"column":4},"end":{"line":64,"column":5}},"24":{"start":{"line":61,"column":8},"end":{"line":61,"column":80}},"25":{"start":{"line":63,"column":8},"end":{"line":63,"column":75}},"26":{"start":{"line":69,"column":0},"end":{"line":87,"column":3}},"27":{"start":{"line":70,"column":33},"end":{"line":70,"column":41}},"28":{"start":{"line":72,"column":17},"end":{"line":77,"column":3}},"29":{"start":{"line":79,"column":28},"end":{"line":79,"column":67}},"30":{"start":{"line":81,"column":2},"end":{"line":86,"column":3}},"31":{"start":{"line":83,"column":4},"end":{"line":83,"column":90}},"32":{"start":{"line":85,"column":4},"end":{"line":85,"column":61}},"33":{"start":{"line":92,"column":0},"end":{"line":98,"column":3}},"34":{"start":{"line":94,"column":17},"end":{"line":94,"column":21}},"35":{"start":{"line":95,"column":4},"end":{"line":97,"column":7}},"36":{"start":{"line":96,"column":6},"end":{"line":96,"column":52}},"37":{"start":{"line":100,"column":2},"end":{"line":100,"column":43}}},"fnMap":{"0":{"name":"(anonymous_0)","decl":{"start":{"line":16,"column":23},"end":{"line":16,"column":24}},"loc":{"start":{"line":16,"column":49},"end":{"line":29,"column":1}},"line":16},"1":{"name":"(anonymous_1)","decl":{"start":{"line":32,"column":22},"end":{"line":32,"column":23}},"loc":{"start":{"line":32,"column":42},"end":{"line":65,"column":1}},"line":32},"2":{"name":"(anonymous_2)","decl":{"start":{"line":69,"column":19},"end":{"line":69,"column":20}},"loc":{"start":{"line":69,"column":39},"end":{"line":87,"column":1}},"line":69},"3":{"name":"(anonymous_3)","decl":{"start":{"line":95,"column":21},"end":{"line":95,"column":22}},"loc":{"start":{"line":95,"column":27},"end":{"line":97,"column":5}},"line":95}},"branchMap":{"0":{"loc":{"start":{"line":26,"column":53},"end":{"line":26,"column":90}},"type":"binary-expr","locations":[{"start":{"line":26,"column":53},"end":{"line":26,"column":73}},{"start":{"line":26,"column":77},"end":{"line":26,"column":90}}],"line":26},"1":{"loc":{"start":{"line":27,"column":36},"end":{"line":27,"column":73}},"type":"binary-expr","locations":[{"start":{"line":27,"column":36},"end":{"line":27,"column":56}},{"start":{"line":27,"column":60},"end":{"line":27,"column":73}}],"line":27},"2":{"loc":{"start":{"line":45,"column":4},"end":{"line":48,"column":5}},"type":"if","locations":[{"start":{"line":45,"column":4},"end":{"line":48,"column":5}},{"start":{},"end":{}}],"line":45},"3":{"loc":{"start":{"line":45,"column":8},"end":{"line":45,"column":64}},"type":"binary-expr","locations":[{"start":{"line":45,"column":8},"end":{"line":45,"column":31}},{"start":{"line":45,"column":35},"end":{"line":45,"column":64}}],"line":45},"4":{"loc":{"start":{"line":60,"column":4},"end":{"line":64,"column":5}},"type":"if","locations":[{"start":{"line":60,"column":4},"end":{"line":64,"column":5}},{"start":{"line":62,"column":11},"end":{"line":64,"column":5}}],"line":60},"5":{"loc":{"start":{"line":81,"column":2},"end":{"line":86,"column":3}},"type":"if","locations":[{"start":{"line":81,"column":2},"end":{"line":86,"column":3}},{"start":{"line":84,"column":9},"end":{"line":86,"column":3}}],"line":81},"6":{"loc":{"start":{"line":81,"column":6},"end":{"line":81,"column":30}},"type":"binary-expr","locations":[{"start":{"line":81,"column":6},"end":{"line":81,"column":13}},{"start":{"line":81,"column":17},"end":{"line":81,"column":30}}],"line":81},"7":{"loc":{"start":{"line":92,"column":0},"end":{"line":98,"column":3}},"type":"if","locations":[{"start":{"line":92,"column":0},"end":{"line":98,"column":3}},{"start":{},"end":{}}],"line":92}},"s":{"0":1,"1":1,"2":1,"3":1,"4":1,"5":1,"6":1,"7":1,"8":1,"9":1,"10":1,"11":1,"12":1,"13":0,"14":0,"15":1,"16":1,"17":1,"18":1,"19":1,"20":1,"21":0,"22":0,"23":0,"24":0,"25":0,"26":1,"27":0,"28":0,"29":0,"30":0,"31":0,"32":0,"33":1,"34":0,"35":0,"36":0,"37":1},"f":{"0":1,"1":1,"2":0,"3":0},"b":{"0":[0,0],"1":[0,0],"2":[1,0],"3":[1,1],"4":[0,0],"5":[0,0],"6":[0,0],"7":[0,1]},"_coverageSchema":"1a1c01bbd47fc00a2c39e90264f33305004495a9","hash":"c4348bac9898056ab4208dda9995f57550f7325b"}
}
