TN:
SF:controllers\server.js
FN:19,(anonymous_0)
FN:35,(anonymous_1)
FN:83,(anonymous_2)
FN:118,(anonymous_3)
FNF:4
FNH:3
FNDA:3,(anonymous_0)
FNDA:1,(anonymous_1)
FNDA:1,(anonymous_2)
FNDA:0,(anonymous_3)
DA:1,1
DA:2,1
DA:3,1
DA:4,1
DA:6,1
DA:7,1
DA:9,1
DA:12,1
DA:14,1
DA:15,1
DA:16,1
DA:19,1
DA:20,3
DA:21,3
DA:27,3
DA:29,0
DA:30,0
DA:35,1
DA:36,1
DA:38,1
DA:39,0
DA:43,1
DA:50,1
DA:52,1
DA:54,0
DA:58,1
DA:65,1
DA:67,1
DA:69,1
DA:75,1
DA:77,0
DA:83,1
DA:84,1
DA:87,1
DA:88,0
DA:91,1
DA:98,1
DA:100,1
DA:103,1
DA:109,1
DA:111,0
DA:115,1
DA:117,0
DA:118,0
DA:119,0
DA:123,1
LF:46
LH:36
BRDA:29,0,0,0
BRDA:29,0,1,0
BRDA:30,1,0,0
BRDA:30,1,1,0
BRDA:38,2,0,0
BRDA:38,2,1,1
BRDA:38,3,0,1
BRDA:38,3,1,1
BRDA:52,4,0,0
BRDA:52,4,1,1
BRDA:52,5,0,1
BRDA:52,5,1,1
BRDA:67,6,0,1
BRDA:67,6,1,0
BRDA:87,7,0,0
BRDA:87,7,1,1
BRDA:87,8,0,1
BRDA:87,8,1,1
BRDA:100,9,0,1
BRDA:100,9,1,0
BRDA:100,10,0,1
BRDA:100,10,1,1
BRDA:115,11,0,0
BRDA:115,11,1,1
BRF:24
BRH:14
end_of_record
