TN:
SF:controllers/server.js
FN:16,(anonymous_0)
FN:32,(anonymous_1)
FN:69,(anonymous_2)
FN:92,(anonymous_3)
FNF:4
FNH:3
FNDA:3,(anonymous_0)
FNDA:1,(anonymous_1)
FNDA:1,(anonymous_2)
FNDA:0,(anonymous_3)
DA:1,1
DA:2,1
DA:3,1
DA:5,1
DA:6,1
DA:9,1
DA:11,1
DA:12,1
DA:13,1
DA:16,1
DA:17,3
DA:18,3
DA:24,0
DA:26,3
DA:27,3
DA:32,1
DA:33,1
DA:36,1
DA:43,1
DA:45,1
DA:47,0
DA:51,1
DA:58,1
DA:60,1
DA:61,0
DA:63,1
DA:69,1
DA:70,1
DA:72,1
DA:79,1
DA:81,1
DA:83,0
DA:85,1
DA:89,1
DA:91,0
DA:92,0
DA:93,0
DA:97,1
LF:38
LH:31
BRDA:26,0,0,3
BRDA:26,0,1,0
BRDA:27,1,0,3
BRDA:27,1,1,0
BRDA:45,2,0,0
BRDA:45,2,1,1
BRDA:45,3,0,1
BRDA:45,3,1,0
BRDA:60,4,0,0
BRDA:60,4,1,1
BRDA:81,5,0,0
BRDA:81,5,1,1
BRDA:81,6,0,1
BRDA:81,6,1,0
BRDA:89,7,0,0
BRDA:89,7,1,1
BRF:16
BRH:8
end_of_record
