{"/Users/alainwelliver/Documents/code-projects/penn-course-projects/sophomore-spring/cis350/Team-8-alain-sem-adam-abhinav-gabe/src/controller/server.js": {"path":"/Users/alainwelliver/Documents/code-projects/penn-course-projects/sophomore-spring/cis350/Team-8-alain-sem-adam-abhinav-gabe/src/controller/server.js","statementMap":{"0":{"start":{"line":1,"column":16},"end":{"line":1,"column":34}},"1":{"start":{"line":2,"column":19},"end":{"line":2,"column":41}},"2":{"start":{"line":3,"column":13},"end":{"line":3,"column":28}},"3":{"start":{"line":4,"column":14},"end":{"line":4,"column":39}},"4":{"start":{"line":5,"column":16},"end":{"line":5,"column":52}},"5":{"start":{"line":7,"column":12},"end":{"line":7,"column":21}},"6":{"start":{"line":10,"column":0},"end":{"line":10,"column":27}},"7":{"start":{"line":11,"column":0},"end":{"line":11,"column":16}},"8":{"start":{"line":14,"column":0},"end":{"line":16,"column":3}},"9":{"start":{"line":15,"column":2},"end":{"line":15,"column":52}},"10":{"start":{"line":19,"column":0},"end":{"line":56,"column":3}},"11":{"start":{"line":22,"column":47},"end":{"line":22,"column":55}},"12":{"start":{"line":25,"column":2},"end":{"line":27,"column":3}},"13":{"start":{"line":26,"column":4},"end":{"line":26,"column":81}},"14":{"start":{"line":30,"column":2},"end":{"line":39,"column":3}},"15":{"start":{"line":31,"column":23},"end":{"line":31,"column":59}},"16":{"start":{"line":33,"column":4},"end":{"line":35,"column":5}},"17":{"start":{"line":34,"column":6},"end":{"line":34,"column":72}},"18":{"start":{"line":38,"column":4},"end":{"line":38,"column":60}},"19":{"start":{"line":42,"column":2},"end":{"line":46,"column":3}},"20":{"start":{"line":43,"column":4},"end":{"line":43,"column":62}},"21":{"start":{"line":45,"column":4},"end":{"line":45,"column":60}},"22":{"start":{"line":49,"column":2},"end":{"line":55,"column":3}},"23":{"start":{"line":50,"column":18},"end":{"line":50,"column":52}},"24":{"start":{"line":51,"column":4},"end":{"line":51,"column":77}},"25":{"start":{"line":53,"column":4},"end":{"line":53,"column":58}},"26":{"start":{"line":54,"column":4},"end":{"line":54,"column":88}},"27":{"start":{"line":59,"column":0},"end":{"line":96,"column":3}},"28":{"start":{"line":60,"column":33},"end":{"line":60,"column":41}},"29":{"start":{"line":63,"column":2},"end":{"line":65,"column":3}},"30":{"start":{"line":64,"column":4},"end":{"line":64,"column":83}},"31":{"start":{"line":68,"column":2},"end":{"line":77,"column":3}},"32":{"start":{"line":69,"column":23},"end":{"line":69,"column":59}},"33":{"start":{"line":71,"column":4},"end":{"line":73,"column":5}},"34":{"start":{"line":72,"column":6},"end":{"line":72,"column":93}},"35":{"start":{"line":76,"column":4},"end":{"line":76,"column":60}},"36":{"start":{"line":80,"column":2},"end":{"line":95,"column":3}},"37":{"start":{"line":81,"column":25},"end":{"line":81,"column":61}},"38":{"start":{"line":82,"column":27},"end":{"line":82,"column":48}},"39":{"start":{"line":85,"column":4},"end":{"line":87,"column":5}},"40":{"start":{"line":86,"column":6},"end":{"line":86,"column":66}},"41":{"start":{"line":90,"column":18},"end":{"line":90,"column":52}},"42":{"start":{"line":91,"column":4},"end":{"line":91,"column":76}},"43":{"start":{"line":94,"column":4},"end":{"line":94,"column":60}},"44":{"start":{"line":98,"column":0},"end":{"line":98,"column":21}}},"fnMap":{"0":{"name":"(anonymous_0)","decl":{"start":{"line":14,"column":13},"end":{"line":14,"column":14}},"loc":{"start":{"line":14,"column":33},"end":{"line":16,"column":1}},"line":14},"1":{"name":"(anonymous_1)","decl":{"start":{"line":19,"column":22},"end":{"line":19,"column":23}},"loc":{"start":{"line":19,"column":42},"end":{"line":56,"column":1}},"line":19},"2":{"name":"(anonymous_2)","decl":{"start":{"line":59,"column":19},"end":{"line":59,"column":20}},"loc":{"start":{"line":59,"column":39},"end":{"line":96,"column":1}},"line":59}},"branchMap":{"0":{"loc":{"start":{"line":25,"column":2},"end":{"line":27,"column":3}},"type":"if","locations":[{"start":{"line":25,"column":2},"end":{"line":27,"column":3}},{"start":{},"end":{}}],"line":25},"1":{"loc":{"start":{"line":25,"column":6},"end":{"line":25,"column":28}},"type":"binary-expr","locations":[{"start":{"line":25,"column":6},"end":{"line":25,"column":15}},{"start":{"line":25,"column":19},"end":{"line":25,"column":28}}],"line":25},"2":{"loc":{"start":{"line":33,"column":4},"end":{"line":35,"column":5}},"type":"if","locations":[{"start":{"line":33,"column":4},"end":{"line":35,"column":5}},{"start":{},"end":{}}],"line":33},"3":{"loc":{"start":{"line":63,"column":2},"end":{"line":65,"column":3}},"type":"if","locations":[{"start":{"line":63,"column":2},"end":{"line":65,"column":3}},{"start":{},"end":{}}],"line":63},"4":{"loc":{"start":{"line":63,"column":6},"end":{"line":63,"column":28}},"type":"binary-expr","locations":[{"start":{"line":63,"column":6},"end":{"line":63,"column":15}},{"start":{"line":63,"column":19},"end":{"line":63,"column":28}}],"line":63},"5":{"loc":{"start":{"line":71,"column":4},"end":{"line":73,"column":5}},"type":"if","locations":[{"start":{"line":71,"column":4},"end":{"line":73,"column":5}},{"start":{},"end":{}}],"line":71},"6":{"loc":{"start":{"line":85,"column":4},"end":{"line":87,"column":5}},"type":"if","locations":[{"start":{"line":85,"column":4},"end":{"line":87,"column":5}},{"start":{},"end":{}}],"line":85}},"s":{"0":2,"1":2,"2":2,"3":2,"4":2,"5":2,"6":2,"7":2,"8":2,"9":0,"10":2,"11":0,"12":0,"13":0,"14":0,"15":0,"16":0,"17":0,"18":0,"19":0,"20":0,"21":0,"22":0,"23":0,"24":0,"25":0,"26":0,"27":2,"28":0,"29":0,"30":0,"31":0,"32":0,"33":0,"34":0,"35":0,"36":0,"37":0,"38":0,"39":0,"40":0,"41":0,"42":0,"43":0,"44":2},"f":{"0":0,"1":0,"2":0},"b":{"0":[0,0],"1":[0,0],"2":[0,0],"3":[0,0],"4":[0,0],"5":[0,0],"6":[0,0]},"_coverageSchema":"1a1c01bbd47fc00a2c39e90264f33305004495a9","hash":"3ee4b338eeb33233885fec8754e9aff2a9d35cb4"}
,"/Users/alainwelliver/Documents/code-projects/penn-course-projects/sophomore-spring/cis350/Team-8-alain-sem-adam-abhinav-gabe/src/controller/controllerUtils/jwtAuth.js": {"path":"/Users/alainwelliver/Documents/code-projects/penn-course-projects/sophomore-spring/cis350/Team-8-alain-sem-adam-abhinav-gabe/src/controller/controllerUtils/jwtAuth.js","statementMap":{"0":{"start":{"line":2,"column":12},"end":{"line":2,"column":35}},"1":{"start":{"line":5,"column":0},"end":{"line":5,"column":27}},"2":{"start":{"line":8,"column":27},"end":{"line":8,"column":55}},"3":{"start":{"line":11,"column":21},"end":{"line":11,"column":30}},"4":{"start":{"line":18,"column":25},"end":{"line":27,"column":1}},"5":{"start":{"line":19,"column":2},"end":{"line":26,"column":3}},"6":{"start":{"line":20,"column":18},"end":{"line":20,"column":80}},"7":{"start":{"line":21,"column":4},"end":{"line":21,"column":32}},"8":{"start":{"line":22,"column":4},"end":{"line":22,"column":17}},"9":{"start":{"line":24,"column":4},"end":{"line":24,"column":38}},"10":{"start":{"line":25,"column":4},"end":{"line":25,"column":14}},"11":{"start":{"line":34,"column":19},"end":{"line":61,"column":1}},"12":{"start":{"line":35,"column":2},"end":{"line":60,"column":3}},"13":{"start":{"line":37,"column":4},"end":{"line":39,"column":5}},"14":{"start":{"line":38,"column":6},"end":{"line":38,"column":15}},"15":{"start":{"line":42,"column":20},"end":{"line":42,"column":54}},"16":{"start":{"line":43,"column":4},"end":{"line":43,"column":36}},"17":{"start":{"line":45,"column":17},"end":{"line":45,"column":55}},"18":{"start":{"line":46,"column":4},"end":{"line":49,"column":5}},"19":{"start":{"line":48,"column":6},"end":{"line":48,"column":15}},"20":{"start":{"line":50,"column":4},"end":{"line":50,"column":13}},"21":{"start":{"line":53,"column":4},"end":{"line":56,"column":5}},"22":{"start":{"line":54,"column":6},"end":{"line":54,"column":40}},"23":{"start":{"line":55,"column":6},"end":{"line":55,"column":15}},"24":{"start":{"line":58,"column":4},"end":{"line":58,"column":38}},"25":{"start":{"line":59,"column":4},"end":{"line":59,"column":13}},"26":{"start":{"line":63,"column":21},"end":{"line":63,"column":55}},"27":{"start":{"line":63,"column":32},"end":{"line":63,"column":55}},"28":{"start":{"line":65,"column":0},"end":{"line":65,"column":64}}},"fnMap":{"0":{"name":"(anonymous_0)","decl":{"start":{"line":18,"column":25},"end":{"line":18,"column":26}},"loc":{"start":{"line":18,"column":39},"end":{"line":27,"column":1}},"line":18},"1":{"name":"(anonymous_1)","decl":{"start":{"line":34,"column":19},"end":{"line":34,"column":20}},"loc":{"start":{"line":34,"column":36},"end":{"line":61,"column":1}},"line":34},"2":{"name":"(anonymous_2)","decl":{"start":{"line":63,"column":21},"end":{"line":63,"column":22}},"loc":{"start":{"line":63,"column":32},"end":{"line":63,"column":55}},"line":63}},"branchMap":{"0":{"loc":{"start":{"line":37,"column":4},"end":{"line":39,"column":5}},"type":"if","locations":[{"start":{"line":37,"column":4},"end":{"line":39,"column":5}},{"start":{},"end":{}}],"line":37},"1":{"loc":{"start":{"line":46,"column":4},"end":{"line":49,"column":5}},"type":"if","locations":[{"start":{"line":46,"column":4},"end":{"line":49,"column":5}},{"start":{},"end":{}}],"line":46},"2":{"loc":{"start":{"line":53,"column":4},"end":{"line":56,"column":5}},"type":"if","locations":[{"start":{"line":53,"column":4},"end":{"line":56,"column":5}},{"start":{},"end":{}}],"line":53}},"s":{"0":2,"1":2,"2":2,"3":2,"4":2,"5":0,"6":0,"7":0,"8":0,"9":0,"10":0,"11":2,"12":0,"13":0,"14":0,"15":0,"16":0,"17":0,"18":0,"19":0,"20":0,"21":0,"22":0,"23":0,"24":0,"25":0,"26":2,"27":0,"28":2},"f":{"0":0,"1":0,"2":0},"b":{"0":[0,0],"1":[0,0],"2":[0,0]},"_coverageSchema":"1a1c01bbd47fc00a2c39e90264f33305004495a9","hash":"3e43df1c8f664308ea24978b4d90253d94734e8a"}
,"/Users/alainwelliver/Documents/code-projects/penn-course-projects/sophomore-spring/cis350/Team-8-alain-sem-adam-abhinav-gabe/src/model/dbUtils.js": {"path":"/Users/alainwelliver/Documents/code-projects/penn-course-projects/sophomore-spring/cis350/Team-8-alain-sem-adam-abhinav-gabe/src/model/dbUtils.js","statementMap":{"0":{"start":{"line":1,"column":0},"end":{"line":1,"column":27}},"1":{"start":{"line":4,"column":24},"end":{"line":4,"column":42}},"2":{"start":{"line":7,"column":14},"end":{"line":7,"column":32}},"3":{"start":{"line":15,"column":16},"end":{"line":26,"column":1}},"4":{"start":{"line":17,"column":2},"end":{"line":25,"column":3}},"5":{"start":{"line":18,"column":4},"end":{"line":18,"column":36}},"6":{"start":{"line":19,"column":4},"end":{"line":19,"column":36}},"7":{"start":{"line":21,"column":4},"end":{"line":21,"column":44}},"8":{"start":{"line":22,"column":4},"end":{"line":22,"column":18}},"9":{"start":{"line":24,"column":4},"end":{"line":24,"column":29}},"10":{"start":{"line":31,"column":14},"end":{"line":37,"column":1}},"11":{"start":{"line":33,"column":2},"end":{"line":35,"column":3}},"12":{"start":{"line":34,"column":4},"end":{"line":34,"column":20}},"13":{"start":{"line":36,"column":2},"end":{"line":36,"column":18}},"14":{"start":{"line":43,"column":31},"end":{"line":45,"column":1}},"15":{"start":{"line":44,"column":2},"end":{"line":44,"column":23}},"16":{"start":{"line":48,"column":0},"end":{"line":52,"column":2}}},"fnMap":{"0":{"name":"(anonymous_0)","decl":{"start":{"line":15,"column":16},"end":{"line":15,"column":17}},"loc":{"start":{"line":15,"column":28},"end":{"line":26,"column":1}},"line":15},"1":{"name":"(anonymous_1)","decl":{"start":{"line":31,"column":14},"end":{"line":31,"column":15}},"loc":{"start":{"line":31,"column":26},"end":{"line":37,"column":1}},"line":31},"2":{"name":"(anonymous_2)","decl":{"start":{"line":43,"column":31},"end":{"line":43,"column":32}},"loc":{"start":{"line":43,"column":43},"end":{"line":45,"column":1}},"line":43}},"branchMap":{"0":{"loc":{"start":{"line":33,"column":2},"end":{"line":35,"column":3}},"type":"if","locations":[{"start":{"line":33,"column":2},"end":{"line":35,"column":3}},{"start":{},"end":{}}],"line":33}},"s":{"0":2,"1":2,"2":2,"3":2,"4":1,"5":1,"6":1,"7":1,"8":1,"9":0,"10":2,"11":0,"12":0,"13":0,"14":2,"15":1,"16":2},"f":{"0":1,"1":0,"2":1},"b":{"0":[0,0]},"_coverageSchema":"1a1c01bbd47fc00a2c39e90264f33305004495a9","hash":"242a7e96218c0ef3c7ddfa9ed8b2150e40551100"}
,"/Users/alainwelliver/Documents/code-projects/penn-course-projects/sophomore-spring/cis350/Team-8-alain-sem-adam-abhinav-gabe/src/model/users.js": {"path":"/Users/alainwelliver/Documents/code-projects/penn-course-projects/sophomore-spring/cis350/Team-8-alain-sem-adam-abhinav-gabe/src/model/users.js","statementMap":{"0":{"start":{"line":2,"column":21},"end":{"line":2,"column":39}},"1":{"start":{"line":3,"column":42},"end":{"line":3,"column":62}},"2":{"start":{"line":9,"column":24},"end":{"line":16,"column":1}},"3":{"start":{"line":10,"column":2},"end":{"line":15,"column":3}},"4":{"start":{"line":11,"column":4},"end":{"line":11,"column":29}},"5":{"start":{"line":12,"column":4},"end":{"line":12,"column":52}},"6":{"start":{"line":14,"column":4},"end":{"line":14,"column":40}},"7":{"start":{"line":23,"column":16},"end":{"line":33,"column":1}},"8":{"start":{"line":24,"column":2},"end":{"line":32,"column":3}},"9":{"start":{"line":25,"column":4},"end":{"line":25,"column":28}},"10":{"start":{"line":26,"column":19},"end":{"line":26,"column":54}},"11":{"start":{"line":27,"column":4},"end":{"line":27,"column":66}},"12":{"start":{"line":29,"column":4},"end":{"line":29,"column":29}},"13":{"start":{"line":31,"column":4},"end":{"line":31,"column":49}},"14":{"start":{"line":35,"column":20},"end":{"line":42,"column":1}},"15":{"start":{"line":36,"column":2},"end":{"line":41,"column":3}},"16":{"start":{"line":37,"column":4},"end":{"line":37,"column":34}},"17":{"start":{"line":38,"column":4},"end":{"line":38,"column":18}},"18":{"start":{"line":40,"column":4},"end":{"line":40,"column":41}},"19":{"start":{"line":44,"column":23},"end":{"line":52,"column":1}},"20":{"start":{"line":45,"column":2},"end":{"line":51,"column":3}},"21":{"start":{"line":46,"column":4},"end":{"line":46,"column":28}},"22":{"start":{"line":47,"column":19},"end":{"line":47,"column":51}},"23":{"start":{"line":48,"column":4},"end":{"line":48,"column":18}},"24":{"start":{"line":50,"column":4},"end":{"line":50,"column":41}},"25":{"start":{"line":54,"column":19},"end":{"line":64,"column":1}},"26":{"start":{"line":55,"column":2},"end":{"line":63,"column":3}},"27":{"start":{"line":56,"column":4},"end":{"line":59,"column":6}},"28":{"start":{"line":60,"column":4},"end":{"line":60,"column":18}},"29":{"start":{"line":62,"column":4},"end":{"line":62,"column":41}},"30":{"start":{"line":66,"column":19},"end":{"line":75,"column":1}},"31":{"start":{"line":67,"column":2},"end":{"line":74,"column":3}},"32":{"start":{"line":68,"column":4},"end":{"line":70,"column":6}},"33":{"start":{"line":71,"column":4},"end":{"line":71,"column":18}},"34":{"start":{"line":73,"column":4},"end":{"line":73,"column":41}},"35":{"start":{"line":78,"column":0},"end":{"line":84,"column":2}}},"fnMap":{"0":{"name":"(anonymous_0)","decl":{"start":{"line":9,"column":24},"end":{"line":9,"column":25}},"loc":{"start":{"line":9,"column":36},"end":{"line":16,"column":1}},"line":9},"1":{"name":"(anonymous_1)","decl":{"start":{"line":23,"column":16},"end":{"line":23,"column":17}},"loc":{"start":{"line":23,"column":35},"end":{"line":33,"column":1}},"line":23},"2":{"name":"(anonymous_2)","decl":{"start":{"line":35,"column":20},"end":{"line":35,"column":21}},"loc":{"start":{"line":35,"column":32},"end":{"line":42,"column":1}},"line":35},"3":{"name":"(anonymous_3)","decl":{"start":{"line":44,"column":23},"end":{"line":44,"column":24}},"loc":{"start":{"line":44,"column":43},"end":{"line":52,"column":1}},"line":44},"4":{"name":"(anonymous_4)","decl":{"start":{"line":54,"column":19},"end":{"line":54,"column":20}},"loc":{"start":{"line":54,"column":47},"end":{"line":64,"column":1}},"line":54},"5":{"name":"(anonymous_5)","decl":{"start":{"line":66,"column":19},"end":{"line":66,"column":20}},"loc":{"start":{"line":66,"column":37},"end":{"line":75,"column":1}},"line":66}},"branchMap":{},"s":{"0":2,"1":2,"2":2,"3":0,"4":0,"5":0,"6":0,"7":2,"8":0,"9":0,"10":0,"11":0,"12":0,"13":0,"14":2,"15":0,"16":0,"17":0,"18":0,"19":2,"20":0,"21":0,"22":0,"23":0,"24":0,"25":2,"26":0,"27":0,"28":0,"29":0,"30":2,"31":0,"32":0,"33":0,"34":0,"35":2},"f":{"0":0,"1":0,"2":0,"3":0,"4":0,"5":0},"b":{},"_coverageSchema":"1a1c01bbd47fc00a2c39e90264f33305004495a9","hash":"734f62a93d1164a136664810748cd1d0304c8a10"}
,"/Users/alainwelliver/Documents/code-projects/penn-course-projects/sophomore-spring/cis350/Team-8-alain-sem-adam-abhinav-gabe/test/testUtils.js": {"path":"/Users/alainwelliver/Documents/code-projects/penn-course-projects/sophomore-spring/cis350/Team-8-alain-sem-adam-abhinav-gabe/test/testUtils.js","statementMap":{"0":{"start":{"line":4,"column":17},"end":{"line":7,"column":1}},"1":{"start":{"line":14,"column":27},"end":{"line":17,"column":1}},"2":{"start":{"line":15,"column":17},"end":{"line":15,"column":65}},"3":{"start":{"line":16,"column":2},"end":{"line":16,"column":27}},"4":{"start":{"line":24,"column":29},"end":{"line":36,"column":1}},"5":{"start":{"line":25,"column":2},"end":{"line":35,"column":3}},"6":{"start":{"line":26,"column":19},"end":{"line":26,"column":81}},"7":{"start":{"line":27,"column":29},"end":{"line":27,"column":35}},"8":{"start":{"line":28,"column":4},"end":{"line":32,"column":5}},"9":{"start":{"line":29,"column":6},"end":{"line":29,"column":63}},"10":{"start":{"line":31,"column":6},"end":{"line":31,"column":61}},"11":{"start":{"line":34,"column":4},"end":{"line":34,"column":38}},"12":{"start":{"line":46,"column":18},"end":{"line":54,"column":1}},"13":{"start":{"line":47,"column":14},"end":{"line":47,"column":19}},"14":{"start":{"line":48,"column":2},"end":{"line":52,"column":5}},"15":{"start":{"line":49,"column":4},"end":{"line":51,"column":5}},"16":{"start":{"line":50,"column":6},"end":{"line":50,"column":19}},"17":{"start":{"line":53,"column":2},"end":{"line":53,"column":15}},"18":{"start":{"line":57,"column":0},"end":{"line":62,"column":2}}},"fnMap":{"0":{"name":"(anonymous_0)","decl":{"start":{"line":14,"column":27},"end":{"line":14,"column":28}},"loc":{"start":{"line":14,"column":51},"end":{"line":17,"column":1}},"line":14},"1":{"name":"(anonymous_1)","decl":{"start":{"line":24,"column":29},"end":{"line":24,"column":30}},"loc":{"start":{"line":24,"column":53},"end":{"line":36,"column":1}},"line":24},"2":{"name":"(anonymous_2)","decl":{"start":{"line":46,"column":18},"end":{"line":46,"column":19}},"loc":{"start":{"line":46,"column":32},"end":{"line":54,"column":1}},"line":46},"3":{"name":"(anonymous_3)","decl":{"start":{"line":48,"column":10},"end":{"line":48,"column":11}},"loc":{"start":{"line":48,"column":17},"end":{"line":52,"column":3}},"line":48}},"branchMap":{"0":{"loc":{"start":{"line":28,"column":4},"end":{"line":32,"column":5}},"type":"if","locations":[{"start":{"line":28,"column":4},"end":{"line":32,"column":5}},{"start":{"line":30,"column":11},"end":{"line":32,"column":5}}],"line":28},"1":{"loc":{"start":{"line":49,"column":4},"end":{"line":51,"column":5}},"type":"if","locations":[{"start":{"line":49,"column":4},"end":{"line":51,"column":5}},{"start":{},"end":{}}],"line":49}},"s":{"0":1,"1":1,"2":1,"3":1,"4":1,"5":1,"6":1,"7":1,"8":1,"9":0,"10":1,"11":0,"12":1,"13":0,"14":0,"15":0,"16":0,"17":0,"18":1},"f":{"0":1,"1":1,"2":0,"3":0},"b":{"0":[0,1],"1":[0,0]},"_coverageSchema":"1a1c01bbd47fc00a2c39e90264f33305004495a9","hash":"c8540e8c06b6787589f953236fe3e41b53c115ed"}
}
