{"/Users/alainwelliver/Documents/code-projects/penn-course-projects/sophomore-spring/cis350/Team-8-alain-sem-adam-abhinav-gabe/src/controller/server.js": {"path":"/Users/alainwelliver/Documents/code-projects/penn-course-projects/sophomore-spring/cis350/Team-8-alain-sem-adam-abhinav-gabe/src/controller/server.js","statementMap":{"0":{"start":{"line":1,"column":16},"end":{"line":1,"column":34}},"1":{"start":{"line":2,"column":19},"end":{"line":2,"column":41}},"2":{"start":{"line":3,"column":14},"end":{"line":3,"column":30}},"3":{"start":{"line":4,"column":12},"end":{"line":4,"column":35}},"4":{"start":{"line":6,"column":12},"end":{"line":6,"column":21}},"5":{"start":{"line":7,"column":13},"end":{"line":7,"column":17}},"6":{"start":{"line":9,"column":18},"end":{"line":9,"column":84}},"7":{"start":{"line":12,"column":0},"end":{"line":12,"column":27}},"8":{"start":{"line":14,"column":19},"end":{"line":14,"column":81}},"9":{"start":{"line":15,"column":15},"end":{"line":15,"column":81}},"10":{"start":{"line":16,"column":19},"end":{"line":16,"column":29}},"11":{"start":{"line":19,"column":23},"end":{"line":32,"column":1}},"12":{"start":{"line":20,"column":2},"end":{"line":31,"column":3}},"13":{"start":{"line":21,"column":21},"end":{"line":26,"column":6}},"14":{"start":{"line":27,"column":4},"end":{"line":27,"column":35}},"15":{"start":{"line":29,"column":4},"end":{"line":29,"column":92}},"16":{"start":{"line":30,"column":4},"end":{"line":30,"column":76}},"17":{"start":{"line":35,"column":0},"end":{"line":79,"column":3}},"18":{"start":{"line":36,"column":49},"end":{"line":36,"column":57}},"19":{"start":{"line":38,"column":4},"end":{"line":40,"column":5}},"20":{"start":{"line":39,"column":6},"end":{"line":39,"column":85}},"21":{"start":{"line":43,"column":28},"end":{"line":48,"column":5}},"22":{"start":{"line":50,"column":28},"end":{"line":50,"column":76}},"23":{"start":{"line":52,"column":4},"end":{"line":55,"column":5}},"24":{"start":{"line":54,"column":8},"end":{"line":54,"column":76}},"25":{"start":{"line":58,"column":19},"end":{"line":63,"column":5}},"26":{"start":{"line":65,"column":37},"end":{"line":65,"column":78}},"27":{"start":{"line":67,"column":4},"end":{"line":78,"column":5}},"28":{"start":{"line":69,"column":22},"end":{"line":73,"column":9}},"29":{"start":{"line":75,"column":8},"end":{"line":75,"column":81}},"30":{"start":{"line":77,"column":8},"end":{"line":77,"column":75}},"31":{"start":{"line":83,"column":0},"end":{"line":113,"column":3}},"32":{"start":{"line":84,"column":33},"end":{"line":84,"column":41}},"33":{"start":{"line":87,"column":4},"end":{"line":89,"column":5}},"34":{"start":{"line":88,"column":6},"end":{"line":88,"column":85}},"35":{"start":{"line":91,"column":17},"end":{"line":96,"column":3}},"36":{"start":{"line":98,"column":28},"end":{"line":98,"column":67}},"37":{"start":{"line":100,"column":2},"end":{"line":112,"column":3}},"38":{"start":{"line":103,"column":18},"end":{"line":107,"column":5}},"39":{"start":{"line":109,"column":4},"end":{"line":109,"column":76}},"40":{"start":{"line":111,"column":4},"end":{"line":111,"column":61}},"41":{"start":{"line":115,"column":0},"end":{"line":121,"column":3}},"42":{"start":{"line":117,"column":17},"end":{"line":117,"column":21}},"43":{"start":{"line":118,"column":4},"end":{"line":120,"column":7}},"44":{"start":{"line":119,"column":6},"end":{"line":119,"column":52}},"45":{"start":{"line":123,"column":0},"end":{"line":123,"column":41}}},"fnMap":{"0":{"name":"(anonymous_0)","decl":{"start":{"line":19,"column":23},"end":{"line":19,"column":24}},"loc":{"start":{"line":19,"column":49},"end":{"line":32,"column":1}},"line":19},"1":{"name":"(anonymous_1)","decl":{"start":{"line":35,"column":22},"end":{"line":35,"column":23}},"loc":{"start":{"line":35,"column":42},"end":{"line":79,"column":1}},"line":35},"2":{"name":"(anonymous_2)","decl":{"start":{"line":83,"column":19},"end":{"line":83,"column":20}},"loc":{"start":{"line":83,"column":39},"end":{"line":113,"column":1}},"line":83},"3":{"name":"(anonymous_3)","decl":{"start":{"line":118,"column":21},"end":{"line":118,"column":22}},"loc":{"start":{"line":118,"column":27},"end":{"line":120,"column":5}},"line":118}},"branchMap":{"0":{"loc":{"start":{"line":29,"column":53},"end":{"line":29,"column":90}},"type":"binary-expr","locations":[{"start":{"line":29,"column":53},"end":{"line":29,"column":73}},{"start":{"line":29,"column":77},"end":{"line":29,"column":90}}],"line":29},"1":{"loc":{"start":{"line":30,"column":36},"end":{"line":30,"column":73}},"type":"binary-expr","locations":[{"start":{"line":30,"column":36},"end":{"line":30,"column":56}},{"start":{"line":30,"column":60},"end":{"line":30,"column":73}}],"line":30},"2":{"loc":{"start":{"line":38,"column":4},"end":{"line":40,"column":5}},"type":"if","locations":[{"start":{"line":38,"column":4},"end":{"line":40,"column":5}},{"start":{},"end":{}}],"line":38},"3":{"loc":{"start":{"line":38,"column":8},"end":{"line":38,"column":30}},"type":"binary-expr","locations":[{"start":{"line":38,"column":8},"end":{"line":38,"column":17}},{"start":{"line":38,"column":21},"end":{"line":38,"column":30}}],"line":38},"4":{"loc":{"start":{"line":52,"column":4},"end":{"line":55,"column":5}},"type":"if","locations":[{"start":{"line":52,"column":4},"end":{"line":55,"column":5}},{"start":{},"end":{}}],"line":52},"5":{"loc":{"start":{"line":52,"column":8},"end":{"line":52,"column":64}},"type":"binary-expr","locations":[{"start":{"line":52,"column":8},"end":{"line":52,"column":31}},{"start":{"line":52,"column":35},"end":{"line":52,"column":64}}],"line":52},"6":{"loc":{"start":{"line":67,"column":4},"end":{"line":78,"column":5}},"type":"if","locations":[{"start":{"line":67,"column":4},"end":{"line":78,"column":5}},{"start":{"line":76,"column":11},"end":{"line":78,"column":5}}],"line":67},"7":{"loc":{"start":{"line":87,"column":4},"end":{"line":89,"column":5}},"type":"if","locations":[{"start":{"line":87,"column":4},"end":{"line":89,"column":5}},{"start":{},"end":{}}],"line":87},"8":{"loc":{"start":{"line":87,"column":8},"end":{"line":87,"column":30}},"type":"binary-expr","locations":[{"start":{"line":87,"column":8},"end":{"line":87,"column":17}},{"start":{"line":87,"column":21},"end":{"line":87,"column":30}}],"line":87},"9":{"loc":{"start":{"line":100,"column":2},"end":{"line":112,"column":3}},"type":"if","locations":[{"start":{"line":100,"column":2},"end":{"line":112,"column":3}},{"start":{"line":110,"column":9},"end":{"line":112,"column":3}}],"line":100},"10":{"loc":{"start":{"line":100,"column":6},"end":{"line":100,"column":30}},"type":"binary-expr","locations":[{"start":{"line":100,"column":6},"end":{"line":100,"column":13}},{"start":{"line":100,"column":17},"end":{"line":100,"column":30}}],"line":100},"11":{"loc":{"start":{"line":115,"column":0},"end":{"line":121,"column":3}},"type":"if","locations":[{"start":{"line":115,"column":0},"end":{"line":121,"column":3}},{"start":{},"end":{}}],"line":115}},"s":{"0":1,"1":1,"2":1,"3":1,"4":1,"5":1,"6":1,"7":1,"8":1,"9":1,"10":1,"11":1,"12":2,"13":2,"14":2,"15":0,"16":0,"17":1,"18":1,"19":1,"20":0,"21":1,"22":1,"23":1,"24":1,"25":0,"26":0,"27":0,"28":0,"29":0,"30":0,"31":1,"32":1,"33":1,"34":0,"35":1,"36":1,"37":1,"38":1,"39":1,"40":0,"41":1,"42":0,"43":0,"44":0,"45":1},"f":{"0":2,"1":1,"2":1,"3":0},"b":{"0":[0,0],"1":[0,0],"2":[0,1],"3":[1,1],"4":[1,0],"5":[1,1],"6":[0,0],"7":[0,1],"8":[1,1],"9":[1,0],"10":[1,1],"11":[0,1]},"_coverageSchema":"1a1c01bbd47fc00a2c39e90264f33305004495a9","hash":"8f485dda440a76574bdc84b6ac9eb64a19ef3a3e"}
}
