TN:
SF:src/controller/server.js
FN:14,(anonymous_0)
FN:54,(anonymous_1)
FNF:2
FNH:2
FNDA:3,(anonymous_0)
FNDA:4,(anonymous_1)
DA:1,1
DA:2,1
DA:3,1
DA:4,1
DA:5,1
DA:7,1
DA:10,1
DA:11,1
DA:14,1
DA:17,3
DA:20,3
DA:21,1
DA:25,2
DA:26,2
DA:28,2
DA:29,1
DA:33,0
DA:37,1
DA:38,1
DA:40,0
DA:44,1
DA:45,1
DA:46,1
DA:48,0
DA:49,0
DA:54,1
DA:55,4
DA:58,4
DA:59,1
DA:63,3
DA:64,3
DA:66,3
DA:67,1
DA:71,0
DA:75,2
DA:76,2
DA:77,2
DA:80,2
DA:81,1
DA:85,1
DA:86,1
DA:89,0
DA:93,1
LF:43
LH:37
BRDA:20,0,0,1
BRDA:20,0,1,2
BRDA:20,1,0,3
BRDA:20,1,1,2
BRDA:28,2,0,1
BRDA:28,2,1,1
BRDA:58,3,0,1
BRDA:58,3,1,3
BRDA:58,4,0,4
BRDA:58,4,1,3
BRDA:66,5,0,1
BRDA:66,5,1,2
BRDA:80,6,0,1
BRDA:80,6,1,1
BRF:14
BRH:14
end_of_record
TN:
SF:src/controller/controllerUtils/jwtAuth.js
FN:18,(anonymous_0)
FN:34,(anonymous_1)
FN:63,(anonymous_2)
FNF:3
FNH:1
FNDA:2,(anonymous_0)
FNDA:0,(anonymous_1)
FNDA:0,(anonymous_2)
DA:2,1
DA:5,1
DA:8,1
DA:11,1
DA:18,1
DA:19,2
DA:20,2
DA:21,2
DA:22,2
DA:24,0
DA:25,0
DA:34,1
DA:35,0
DA:37,0
DA:38,0
DA:42,0
DA:43,0
DA:45,0
DA:46,0
DA:48,0
DA:50,0
DA:53,0
DA:54,0
DA:55,0
DA:58,0
DA:59,0
DA:63,1
DA:65,1
LF:28
LH:12
BRDA:37,0,0,0
BRDA:37,0,1,0
BRDA:46,1,0,0
BRDA:46,1,1,0
BRDA:53,2,0,0
BRDA:53,2,1,0
BRF:6
BRH:0
end_of_record
TN:
SF:src/model/dbUtils.js
FN:15,(anonymous_0)
FN:31,(anonymous_1)
FN:43,(anonymous_2)
FNF:3
FNH:2
FNDA:1,(anonymous_0)
FNDA:9,(anonymous_1)
FNDA:0,(anonymous_2)
DA:1,1
DA:4,1
DA:7,1
DA:15,1
DA:17,1
DA:18,1
DA:19,1
DA:21,1
DA:22,1
DA:24,0
DA:31,1
DA:33,9
DA:34,1
DA:36,9
DA:43,1
DA:44,0
DA:48,1
LF:17
LH:15
BRDA:33,0,0,1
BRDA:33,0,1,8
BRF:2
BRH:2
end_of_record
TN:
SF:src/model/users.js
FN:9,(anonymous_0)
FN:23,(anonymous_1)
FN:35,(anonymous_2)
FN:44,(anonymous_3)
FN:54,(anonymous_4)
FN:66,(anonymous_5)
FNF:6
FNH:3
FNDA:8,(anonymous_0)
FNDA:1,(anonymous_1)
FNDA:0,(anonymous_2)
FNDA:7,(anonymous_3)
FNDA:0,(anonymous_4)
FNDA:0,(anonymous_5)
DA:2,1
DA:3,1
DA:9,1
DA:10,8
DA:11,8
DA:12,8
DA:14,0
DA:23,1
DA:24,1
DA:25,1
DA:26,1
DA:27,1
DA:29,1
DA:31,0
DA:35,1
DA:36,0
DA:37,0
DA:38,0
DA:40,0
DA:44,1
DA:45,7
DA:46,7
DA:47,7
DA:48,7
DA:50,0
DA:54,1
DA:55,0
DA:56,0
DA:60,0
DA:62,0
DA:66,1
DA:67,0
DA:68,0
DA:71,0
DA:73,0
DA:78,1
LF:36
LH:21
BRF:0
BRH:0
end_of_record
TN:
SF:test/testUtils.js
FN:14,(anonymous_0)
FN:24,(anonymous_1)
FN:48,(anonymous_2)
FN:50,(anonymous_3)
FNF:4
FNH:1
FNDA:0,(anonymous_0)
FNDA:1,(anonymous_1)
FNDA:0,(anonymous_2)
FNDA:0,(anonymous_3)
DA:4,1
DA:14,1
DA:15,0
DA:16,0
DA:24,1
DA:25,1
DA:26,1
DA:27,1
DA:28,1
DA:30,1
DA:31,0
DA:33,1
DA:36,0
DA:48,1
DA:49,0
DA:50,0
DA:51,0
DA:52,0
DA:55,0
DA:59,1
LF:20
LH:11
BRDA:30,0,0,0
BRDA:30,0,1,1
BRDA:51,1,0,0
BRDA:51,1,1,0
BRF:4
BRH:1
end_of_record
